#
# A fatal error has been detected by the Java Runtime Environment:
#
#  SIGSEGV (0xb) at pc=0x0000000105d01056, pid=33976, tid=259
#
# JRE version: OpenJDK Runtime Environment (11.0.18+10) (build 11.0.18+10-LTS)
# Java VM: OpenJDK 64-Bit Server VM (11.0.18+10-LTS, mixed mode, tiered, compressed oops, g1 gc, bsd-amd64)
# Problematic frame:
# V  [libjvm.dylib+0x501056]  Klass::java_mirror() const+0x4
#
# No core dump will be written. Core dumps have been disabled. To enable core dumping, try "ulimit -c unlimited" before starting Java again
#
# If you would like to submit a bug report, please visit:
#   https://bell-sw.com/support
# The crash happened outside the Java Virtual Machine in native code.
# See problematic frame for where to report the bug.
#

---------------  S U M M A R Y ------------

Command Line: --module-path=/Library/Java/javafx-sdk-17.0.7/lib --add-modules=javafx.swing,javafx.graphics,javafx.fxml,javafx.media,javafx.controls -Dfile.encoding=UTF-8 server.CEMSserverUI

Host: MacBookPro12,1 x86_64 2700 MHz, 4 cores, 8G, Darwin 20.6.0
Time: Tue Jun 13 13:32:43 2023 IDT elapsed time: 8.005987 seconds (0d 0h 0m 8s)

---------------  T H R E A D  ---------------

Current thread (0x00007fde189fe800):  JavaThread "JavaFX Application Thread" [_thread_in_native, id=259, stack(0x00007ffeec179000,0x00007ffeec979000)]

Stack: [0x00007ffeec179000,0x00007ffeec979000],  sp=0x00007ffeec9747e0,  free space=8173k
Native frames: (J=compiled Java code, A=aot compiled Java code, j=interpreted, Vv=VM code, C=native code)
V  [libjvm.dylib+0x501056]  Klass::java_mirror() const+0x4
V  [libjvm.dylib+0x26e22a]  ConstantPool::klass_at_impl(constantPoolHandle const&, int, bool, Thread*)+0x11c
V  [libjvm.dylib+0x3a0d79]  ConstantPool::klass_at(int, Thread*)+0x4d
V  [libjvm.dylib+0x3b419b]  InterpreterRuntime::_new(JavaThread*, ConstantPool*, int)+0x29
j  java.lang.Throwable.printStackTrace(Ljava/io/PrintStream;)V+1 java.base@11.0.18
j  java.lang.ThreadGroup.uncaughtException(Ljava/lang/Thread;Ljava/lang/Throwable;)V+82 java.base@11.0.18
j  java.lang.ThreadGroup.uncaughtException(Ljava/lang/Thread;Ljava/lang/Throwable;)V+13 java.base@11.0.18
j  com.sun.glass.ui.Application.reportException(Ljava/lang/Throwable;)V+12 javafx.graphics
v  ~StubRoutines::call_stub
V  [libjvm.dylib+0x3bbe80]  JavaCalls::call_helper(JavaValue*, methodHandle const&, JavaCallArguments*, Thread*)+0x1fe
V  [libjvm.dylib+0x405bee]  jni_invoke_static(JNIEnv_*, JavaValue*, _jobject*, JNICallType, _jmethodID*, JNI_ArgumentPusher*, Thread*)+0x10a
V  [libjvm.dylib+0x4094b4]  jni_CallStaticVoidMethod+0x1ce
C  [libglass.dylib+0x81e5]  JNI_OnLoad+0xf5
C  [Foundation+0x80bc1]  __NSThreadPerformPerform+0xcc
C  [CoreFoundation+0x80d2c]  __CFRUNLOOP_IS_CALLING_OUT_TO_A_SOURCE0_PERFORM_FUNCTION__+0x11
C  [CoreFoundation+0x80c94]  __CFRunLoopDoSource0+0xb4
C  [CoreFoundation+0x80a14]  __CFRunLoopDoSources0+0xf2
C  [CoreFoundation+0x7f43c]  __CFRunLoopRun+0x37d
C  [CoreFoundation+0x7e9fc]  CFRunLoopRunSpecific+0x233
C  [HIToolbox+0x311f3]  RunCurrentEventLoopInMode+0x124
C  [HIToolbox+0x30e26]  ReceiveNextEventCommon+0x11c
C  [HIToolbox+0x30cf3]  _BlockUntilNextEventMatchingListInModeWithFilter+0x46
C  [AppKit+0x3eb12]  _DPSNextEvent+0x360
C  [AppKit+0x3d2e5]  -[NSApplication(NSEvent) _nextEventMatchingEventMask:untilDate:inMode:dequeue:]+0x554
C  [AppKit+0x2f609]  -[NSApplication run]+0x24a
C  [libglass.dylib+0xa1b5]  JNI_OnLoad+0x20c5
C  [Foundation+0x80bc1]  __NSThreadPerformPerform+0xcc
C  [CoreFoundation+0x80d2c]  __CFRUNLOOP_IS_CALLING_OUT_TO_A_SOURCE0_PERFORM_FUNCTION__+0x11
C  [CoreFoundation+0x80c94]  __CFRunLoopDoSource0+0xb4
C  [CoreFoundation+0x80a14]  __CFRunLoopDoSources0+0xf2
C  [CoreFoundation+0x7f43c]  __CFRunLoopRun+0x37d
C  [CoreFoundation+0x7e9fc]  CFRunLoopRunSpecific+0x233
C  [libjli.dylib+0x65f0]  CreateExecutionEnvironment+0x18e
C  [libjli.dylib+0x285b]  JLI_Launch+0x523
C  [java+0x12b4]  main+0x174
C  [libdyld.dylib+0x15f3d]  start+0x1

Java frames: (J=compiled Java code, j=interpreted, Vv=VM code)
j  java.lang.Throwable.printStackTrace(Ljava/io/PrintStream;)V+1 java.base@11.0.18
j  java.lang.ThreadGroup.uncaughtException(Ljava/lang/Thread;Ljava/lang/Throwable;)V+82 java.base@11.0.18
j  java.lang.ThreadGroup.uncaughtException(Ljava/lang/Thread;Ljava/lang/Throwable;)V+13 java.base@11.0.18
j  com.sun.glass.ui.Application.reportException(Ljava/lang/Throwable;)V+12 javafx.graphics
v  ~StubRoutines::call_stub

siginfo: si_signo: 11 (SIGSEGV), si_code: 1 (SEGV_MAPERR), si_addr: 0x0000000000000070

Register to memory mapping:

RAX=0x0 is NULL
RBX=0x00007fde198983a8 points into unknown readable memory: 0x616ab67fffff0026 | 26 00 ff ff 7f b6 6a 61
RCX=0x00007fde16f6e058 points into unknown readable memory: 0x0000000000000000 | 00 00 00 00 00 00 00 00
RDX=0x00007fde16f56af0 points into unknown readable memory: 0x6000000000000002 | 02 00 00 00 00 00 00 60
RSP=0x00007ffeec9747e0 is pointing into the stack for thread: 0x00007fde189fe800
RBP=0x00007ffeec9747e0 is pointing into the stack for thread: 0x00007fde189fe800
RSI=0x0 is NULL
RDI=0x0 is NULL
R8 =0x00007ffeec9743e8 is pointing into the stack for thread: 0x00007fde189fe800
R9 =0x0 is NULL
R10=0x00007fff20582e10: __vfprintf.xdigs_lower+0 in /usr/lib/system/libsystem_c.dylib at 0x00007fff20500000
R11=0x00007fdd117ed6fb is an unknown value
R12=0x0 is NULL
R13=0x00007ffeec974848 is pointing into the stack for thread: 0x00007fde189fe800
R14=0x00007fde189fe800 is a thread
R15=0x000000000000001d is an unknown value


Registers:
RAX=0x0000000000000000, RBX=0x00007fde198983a8, RCX=0x00007fde16f6e058, RDX=0x00007fde16f56af0
RSP=0x00007ffeec9747e0, RBP=0x00007ffeec9747e0, RSI=0x0000000000000000, RDI=0x0000000000000000
R8 =0x00007ffeec9743e8, R9 =0x0000000000000000, R10=0x00007fff20582e10, R11=0x00007fdd117ed6fb
R12=0x0000000000000000, R13=0x00007ffeec974848, R14=0x00007fde189fe800, R15=0x000000000000001d
RIP=0x0000000105d01056, EFLAGS=0x0000000000010246, ERR=0x0000000000000004
  TRAPNO=0x000000000000000e

Top of Stack: (sp=0x00007ffeec9747e0)
0x00007ffeec9747e0:   00007ffeec974830 0000000105a6e22a
0x00007ffeec9747f0:   00007fde198983a8 0000000000000003
0x00007ffeec974800:   0000001d00000001 00007fde189fe800
0x00007ffeec974810:   0000000000000000 0000000124cd9741
0x00007ffeec974820:   000000000000001d 00007ffeec974848
0x00007ffeec974830:   00007ffeec974870 0000000105ba0d79
0x00007ffeec974840:   0000000124cd7e30 0000000124cd7e30
0x00007ffeec974850:   00007fde189fe800 00007fde189fe800
0x00007ffeec974860:   00007ffeec974928 00007fde189fe800
0x00007ffeec974870:   00007ffeec9748a0 0000000105bb419b
0x00007ffeec974880:   0000000124e458a0 00007fde189fe800
0x00007ffeec974890:   00000000000000bb 00007ffeec974928
0x00007ffeec9748a0:   00007ffeec974910 0000000115cd08fc
0x00007ffeec9748b0:   00007ffeec9748d0 0000000115cd08c5
0x00007ffeec9748c0:   0000000786510190 00007ffeec9748c8
0x00007ffeec9748d0:   0000000124cd9741 00007ffeec974928
0x00007ffeec9748e0:   0000000124db4880 000000012bf25b50
0x00007ffeec9748f0:   000000078561e2b8 0000000124cd9770
0x00007ffeec974900:   0000000000000000 00007ffeec974920
0x00007ffeec974910:   00007ffeec974978 0000000115cbd267
0x00007ffeec974920:   0000000785883990 0000000786510190
0x00007ffeec974930:   00007ffeec974930 0000000124cf36fa
0x00007ffeec974940:   00007ffeec9749a0 0000000124dc4790
0x00007ffeec974950:   0000000000000000 0000000785408918
0x00007ffeec974960:   0000000124cf3748 00007ffeec974920
0x00007ffeec974970:   00007ffeec974990 00007ffeec9749f0
0x00007ffeec974980:   0000000115cbd267 0000000000000000
0x00007ffeec974990:   0000000786510190 0000000785abb8c0
0x00007ffeec9749a0:   0000000785abb540 00007ffeec9749a8
0x00007ffeec9749b0:   0000000124cf36b5 00007ffeec974a18
0x00007ffeec9749c0:   0000000124dc4790 0000000000000000
0x00007ffeec9749d0:   0000000785408918 0000000124cf3748 

Instructions: (pc=0x0000000105d01056)
0x0000000105d00f56:   01 c3 55 48 89 e5 48 83 ec 10 c7 04 24 00 00 00
0x0000000105d00f66:   00 48 8d 3d 42 cb 48 00 48 8d 35 fb 2c 04 00 ba
0x0000000105d00f76:   2a 00 00 00 31 c9 45 31 c0 45 31 c9 e8 23 cb 02
0x0000000105d00f86:   00 48 c7 05 8e db 4a 00 01 00 00 00 48 83 c4 10
0x0000000105d00f96:   5d c3 80 3d 21 c0 48 00 00 74 01 c3 55 48 89 e5
0x0000000105d00fa6:   48 83 ec 10 c7 04 24 00 00 00 00 48 8d 3d 98 bf
0x0000000105d00fb6:   48 00 48 8d 35 e1 2c 04 00 ba 2a 00 00 00 b9 29
0x0000000105d00fc6:   00 00 00 45 31 c0 45 31 c9 e8 d6 ca 02 00 48 c7
0x0000000105d00fd6:   05 e1 bf 48 00 01 00 00 00 48 83 c4 10 5d c3 80
0x0000000105d00fe6:   3d 34 cb 48 00 00 74 01 c3 55 48 89 e5 48 83 ec
0x0000000105d00ff6:   10 c7 04 24 00 00 00 00 48 8d 3d 5b db 4a 00 48
0x0000000105d01006:   8d 35 c4 2c 04 00 ba 2a 00 00 00 b9 23 00 00 00
0x0000000105d01016:   45 31 c0 45 31 c9 e8 89 ca 02 00 48 c7 05 f4 ca
0x0000000105d01026:   48 00 01 00 00 00 48 83 c4 10 5d c3 55 48 89 e5
0x0000000105d01036:   53 50 48 89 fb 48 8b bf 98 00 00 00 e8 97 1a d0
0x0000000105d01046:   ff 48 89 43 70 48 83 c4 08 5b 5d c3 55 48 89 e5
0x0000000105d01056:   48 8b 7f 70 48 85 ff 74 07 5d ff 25 7a e6 48 00
0x0000000105d01066:   31 c0 5d c3 55 48 89 e5 48 8b 7f 70 48 85 ff 74
0x0000000105d01076:   07 5d ff 25 72 22 49 00 31 c0 5d c3 55 48 89 e5
0x0000000105d01086:   83 bf a4 00 00 00 00 78 11 48 8d 05 ba 58 4e 00
0x0000000105d01096:   48 8b 70 20 5d e9 04 00 00 00 b0 01 5d c3 55 48
0x0000000105d010a6:   89 e5 8b 4e 10 b0 01 48 39 34 0f 74 29 83 f9 20
0x0000000105d010b6:   75 22 48 39 f7 74 1f 48 8b 4f 28 4c 63 01 4d 85
0x0000000105d010c6:   c0 7e 11 31 d2 48 39 74 d1 08 74 0c 48 ff c2 4c
0x0000000105d010d6:   39 c2 7c f1 31 c0 5d c3 48 89 77 20 eb f8 55 48
0x0000000105d010e6:   89 e5 48 8b 47 18 48 8d 0d fd ce 4f 00 48 3b 81
0x0000000105d010f6:   90 07 00 00 74 0f 83 7f 08 00 7e 0b 80 bf 8b 01
0x0000000105d01106:   00 00 00 74 02 5d c3 48 81 c7 a4 00 00 00 be 00
0x0000000105d01116:   00 00 80 5d e9 35 1e b0 ff 90 55 48 89 e5 48 89
0x0000000105d01126:   77 18 48 85 f6 74 09 48 89 f7 5d e9 b0 57 25 00
0x0000000105d01136:   5d c3 55 48 89 e5 b0 01 48 39 f7 74 0b 48 8b 7f
0x0000000105d01146:   78 48 85 ff 75 f2 31 c0 5d c3 55 48 89 e5 b0 01 


Stack slot to memory mapping:
stack at sp + 0 slots: 0x00007ffeec974830 is pointing into the stack for thread: 0x00007fde189fe800
stack at sp + 1 slots: 0x0000000105a6e22a: _ZN12ConstantPool13klass_at_implERK18constantPoolHandleibP6Thread+0x11c in /Library/Java/JavaVirtualMachines/liberica-jdk-11.jdk/Contents/Home/lib/server/libjvm.dylib at 0x0000000105800000
stack at sp + 2 slots: 0x00007fde198983a8 points into unknown readable memory: 0x616ab67fffff0026 | 26 00 ff ff 7f b6 6a 61
stack at sp + 3 slots: 0x0000000000000003 is an unknown value
stack at sp + 4 slots: 0x0000001d00000001 is an unknown value
stack at sp + 5 slots: 0x00007fde189fe800 is a thread
stack at sp + 6 slots: 0x0 is NULL
stack at sp + 7 slots: 0x0000000124cd9741 is pointing into metadata


---------------  P R O C E S S  ---------------

Threads class SMR info:
_java_thread_list=0x00007fde1b006d10, length=17, elements={
0x00007fde17812000, 0x00007fde17852000, 0x00007fde1803a800, 0x00007fde17856000,
0x00007fde1803c800, 0x00007fde17859000, 0x00007fde1804b000, 0x00007fde1887a000,
0x00007fde18061000, 0x00007fde18989000, 0x00007fde18a05800, 0x00007fde189fe800,
0x00007fde171b4800, 0x00007fde18a19800, 0x00007fde173d2800, 0x00007fde182aa000,
0x00007fde1838f800
}

Java Threads: ( => current thread )
  0x00007fde17812000 JavaThread "main" [_thread_blocked, id=5891, stack(0x000070000ee33000,0x000070000ef33000)]
  0x00007fde17852000 JavaThread "Reference Handler" daemon [_thread_blocked, id=13571, stack(0x000070000f548000,0x000070000f648000)]
  0x00007fde1803a800 JavaThread "Finalizer" daemon [_thread_blocked, id=14083, stack(0x000070000f64b000,0x000070000f74b000)]
  0x00007fde17856000 JavaThread "Signal Dispatcher" daemon [_thread_blocked, id=16643, stack(0x000070000f854000,0x000070000f954000)]
  0x00007fde1803c800 JavaThread "Service Thread" daemon [_thread_blocked, id=22019, stack(0x000070000f957000,0x000070000fa57000)]
  0x00007fde17859000 JavaThread "C2 CompilerThread0" daemon [_thread_in_native, id=22531, stack(0x000070000fa5a000,0x000070000fb5a000)]
  0x00007fde1804b000 JavaThread "C1 CompilerThread0" daemon [_thread_in_native, id=42755, stack(0x000070000fb5d000,0x000070000fc5d000)]
  0x00007fde1887a000 JavaThread "Sweeper thread" daemon [_thread_blocked, id=42499, stack(0x000070000fc60000,0x000070000fd60000)]
  0x00007fde18061000 JavaThread "Common-Cleaner" daemon [_thread_blocked, id=24067, stack(0x000070000fd63000,0x000070000fe63000)]
  0x00007fde18989000 JavaThread "QuantumRenderer-0" daemon [_thread_blocked, id=25091, stack(0x000070000ff69000,0x0000700010069000)]
  0x00007fde18a05800 JavaThread "InvokeLaterDispatcher" daemon [_thread_blocked, id=29187, stack(0x000070001006c000,0x000070001016c000)]
=>0x00007fde189fe800 JavaThread "JavaFX Application Thread" [_thread_in_native, id=259, stack(0x00007ffeec179000,0x00007ffeec979000)]
  0x00007fde171b4800 JavaThread "JavaFX-Launcher" [_thread_blocked, id=70423, stack(0x000070001080a000,0x000070001090a000)]
  0x00007fde18a19800 JavaThread "PulseTimer-CVDisplayLink thread" daemon [_thread_in_native, id=50455, stack(0x000070001057e000,0x00007000105fe000)]
  0x00007fde173d2800 JavaThread "Prism Font Disposer" daemon [_thread_blocked, id=57887, stack(0x000070001090d000,0x0000700010a0d000)]
  0x00007fde182aa000 JavaThread "Cleaner-0" daemon [_thread_blocked, id=58387, stack(0x0000700010a10000,0x0000700010b10000)]
  0x00007fde1838f800 JavaThread "Thread-4" [_thread_in_Java, id=56723, stack(0x0000700010b13000,0x0000700010c13000)]

Other Threads:
  0x00007fde1784d000 VMThread "VM Thread" [stack: 0x000070000f445000,0x000070000f545000] [id=18691]
  0x00007fde17854000 WatcherThread [stack: 0x000070000fe66000,0x000070000ff66000] [id=42243]
  0x00007fde17821000 GCTaskThread "GC Thread#0" [stack: 0x000070000ef36000,0x000070000f036000] [id=20995]
  0x00007fde18120000 GCTaskThread "GC Thread#1" [stack: 0x000070001016f000,0x000070001026f000] [id=29955]
  0x00007fde18121000 GCTaskThread "GC Thread#2" [stack: 0x0000700010272000,0x0000700010372000] [id=30211]
  0x00007fde189ff800 GCTaskThread "GC Thread#3" [stack: 0x0000700010375000,0x0000700010475000] [id=38659]
  0x00007fde18029000 ConcurrentGCThread "G1 Main Marker" [stack: 0x000070000f039000,0x000070000f139000] [id=12035]
  0x00007fde1802a000 ConcurrentGCThread "G1 Conc#0" [stack: 0x000070000f13c000,0x000070000f23c000] [id=19971]
  0x00007fde18859800 ConcurrentGCThread "G1 Refine#0" [stack: 0x000070000f23f000,0x000070000f33f000] [id=12547]
  0x00007fde17822000 ConcurrentGCThread "G1 Young RemSet Sampling" [stack: 0x000070000f342000,0x000070000f442000] [id=19459]

Threads with active compile tasks:
C2 CompilerThread0     8100 2730       4       com.sun.javafx.css.StyleMap::getCascadingStyles (384 bytes)

VM state:not at safepoint (normal execution)

VM Mutex/Monitor currently owned by a thread: None

OutOfMemory and StackOverflow Exception counts:
StackOverflowErrors=3
LinkageErrors=37

Heap address: 0x0000000780000000, size: 2048 MB, Compressed Oops mode: Zero based, Oop shift amount: 3
Narrow klass base: 0x0000000800000000, Narrow klass shift: 0
Compressed class space size: 1073741824 Address: 0x0000000800000000

Heap:
 garbage-first heap   total 131072K, used 57587K [0x0000000780000000, 0x0000000800000000)
  region size 1024K, 35 young (35840K), 8 survivors (8192K)
 Metaspace       used 27169K, capacity 28418K, committed 28800K, reserved 1073152K
  class space    used 3572K, capacity 4100K, committed 4224K, reserved 1048576K
Heap Regions: E=young(eden), S=young(survivor), O=old, HS=humongous(starts), HC=humongous(continues), CS=collection set, F=free, A=archive, TAMS=top-at-mark-start (previous, next)
|   0|0x0000000780000000, 0x0000000780100000, 0x0000000780100000|100%|HS|  |TAMS 0x0000000780100000, 0x0000000780000000| Complete 
|   1|0x0000000780100000, 0x0000000780200000, 0x0000000780200000|100%|HS|  |TAMS 0x0000000780200000, 0x0000000780100000| Complete 
|   2|0x0000000780200000, 0x0000000780300000, 0x0000000780300000|100%|HC|  |TAMS 0x0000000780300000, 0x0000000780200000| Complete 
|   3|0x0000000780300000, 0x0000000780400000, 0x0000000780400000|100%|HS|  |TAMS 0x0000000780400000, 0x0000000780300000| Complete 
|   4|0x0000000780400000, 0x0000000780500000, 0x0000000780500000|100%|HC|  |TAMS 0x0000000780500000, 0x0000000780400000| Complete 
|   5|0x0000000780500000, 0x0000000780600000, 0x0000000780600000|100%|HC|  |TAMS 0x0000000780600000, 0x0000000780500000| Complete 
|   6|0x0000000780600000, 0x0000000780700000, 0x0000000780700000|100%|HC|  |TAMS 0x0000000780700000, 0x0000000780600000| Complete 
|   7|0x0000000780700000, 0x0000000780800000, 0x0000000780800000|100%|HC|  |TAMS 0x0000000780800000, 0x0000000780700000| Complete 
|   8|0x0000000780800000, 0x0000000780900000, 0x0000000780900000|100%|HC|  |TAMS 0x0000000780900000, 0x0000000780800000| Complete 
|   9|0x0000000780900000, 0x0000000780a00000, 0x0000000780a00000|100%|HC|  |TAMS 0x0000000780a00000, 0x0000000780900000| Complete 
|  10|0x0000000780a00000, 0x0000000780b00000, 0x0000000780b00000|100%|HC|  |TAMS 0x0000000780b00000, 0x0000000780a00000| Complete 
|  11|0x0000000780b00000, 0x0000000780c00000, 0x0000000780c00000|100%|HC|  |TAMS 0x0000000780c00000, 0x0000000780b00000| Complete 
|  12|0x0000000780c00000, 0x0000000780d00000, 0x0000000780d00000|100%|HC|  |TAMS 0x0000000780d00000, 0x0000000780c00000| Complete 
|  13|0x0000000780d00000, 0x0000000780e00000, 0x0000000780e00000|100%|HC|  |TAMS 0x0000000780e00000, 0x0000000780d00000| Complete 
|  14|0x0000000780e00000, 0x0000000780f00000, 0x0000000780f00000|100%|HC|  |TAMS 0x0000000780f00000, 0x0000000780e00000| Complete 
|  15|0x0000000780f00000, 0x0000000781000000, 0x0000000781000000|100%|HC|  |TAMS 0x0000000781000000, 0x0000000780f00000| Complete 
|  16|0x0000000781000000, 0x0000000781100000, 0x0000000781100000|100%|HC|  |TAMS 0x0000000781100000, 0x0000000781000000| Complete 
|  17|0x0000000781100000, 0x0000000781200000, 0x0000000781200000|100%|HC|  |TAMS 0x0000000781200000, 0x0000000781100000| Complete 
|  18|0x0000000781200000, 0x0000000781300000, 0x0000000781300000|100%|HS|  |TAMS 0x0000000781300000, 0x0000000781200000| Complete 
|  19|0x0000000781300000, 0x0000000781400000, 0x0000000781400000|100%|HC|  |TAMS 0x0000000781400000, 0x0000000781300000| Complete 
|  20|0x0000000781400000, 0x0000000781500000, 0x0000000781500000|100%|HS|  |TAMS 0x0000000781500000, 0x0000000781400000| Complete 
|  21|0x0000000781500000, 0x0000000781600000, 0x0000000781600000|100%|HC|  |TAMS 0x0000000781600000, 0x0000000781500000| Complete 
|  22|0x0000000781600000, 0x0000000781700000, 0x0000000781700000|100%|HS|  |TAMS 0x0000000781600000, 0x0000000781600000| Complete 
|  23|0x0000000781700000, 0x0000000781800000, 0x0000000781800000|100%|HC|  |TAMS 0x0000000781700000, 0x0000000781700000| Complete 
|  24|0x0000000781800000, 0x0000000781800000, 0x0000000781900000|  0%| F|  |TAMS 0x0000000781800000, 0x0000000781800000| Untracked 
|  25|0x0000000781900000, 0x0000000781900000, 0x0000000781a00000|  0%| F|  |TAMS 0x0000000781900000, 0x0000000781900000| Untracked 
|  26|0x0000000781a00000, 0x0000000781a00000, 0x0000000781b00000|  0%| F|  |TAMS 0x0000000781a00000, 0x0000000781a00000| Untracked 
|  27|0x0000000781b00000, 0x0000000781b00000, 0x0000000781c00000|  0%| F|  |TAMS 0x0000000781b00000, 0x0000000781b00000| Untracked 
|  28|0x0000000781c00000, 0x0000000781c00000, 0x0000000781d00000|  0%| F|  |TAMS 0x0000000781c00000, 0x0000000781c00000| Untracked 
|  29|0x0000000781d00000, 0x0000000781d00000, 0x0000000781e00000|  0%| F|  |TAMS 0x0000000781d00000, 0x0000000781d00000| Untracked 
|  30|0x0000000781e00000, 0x0000000781e00000, 0x0000000781f00000|  0%| F|  |TAMS 0x0000000781e00000, 0x0000000781e00000| Untracked 
|  31|0x0000000781f00000, 0x0000000781f00000, 0x0000000782000000|  0%| F|  |TAMS 0x0000000781f00000, 0x0000000781f00000| Untracked 
|  32|0x0000000782000000, 0x0000000782000000, 0x0000000782100000|  0%| F|  |TAMS 0x0000000782000000, 0x0000000782000000| Untracked 
|  33|0x0000000782100000, 0x0000000782100000, 0x0000000782200000|  0%| F|  |TAMS 0x0000000782100000, 0x0000000782100000| Untracked 
|  34|0x0000000782200000, 0x0000000782200000, 0x0000000782300000|  0%| F|  |TAMS 0x0000000782200000, 0x0000000782200000| Untracked 
|  35|0x0000000782300000, 0x0000000782300000, 0x0000000782400000|  0%| F|  |TAMS 0x0000000782300000, 0x0000000782300000| Untracked 
|  36|0x0000000782400000, 0x0000000782400000, 0x0000000782500000|  0%| F|  |TAMS 0x0000000782400000, 0x0000000782400000| Untracked 
|  37|0x0000000782500000, 0x0000000782500000, 0x0000000782600000|  0%| F|  |TAMS 0x0000000782500000, 0x0000000782500000| Untracked 
|  38|0x0000000782600000, 0x0000000782600000, 0x0000000782700000|  0%| F|  |TAMS 0x0000000782600000, 0x0000000782600000| Untracked 
|  39|0x0000000782700000, 0x0000000782700000, 0x0000000782800000|  0%| F|  |TAMS 0x0000000782700000, 0x0000000782700000| Untracked 
|  40|0x0000000782800000, 0x0000000782800000, 0x0000000782900000|  0%| F|  |TAMS 0x0000000782800000, 0x0000000782800000| Untracked 
|  41|0x0000000782900000, 0x0000000782900000, 0x0000000782a00000|  0%| F|  |TAMS 0x0000000782900000, 0x0000000782900000| Untracked 
|  42|0x0000000782a00000, 0x0000000782a00000, 0x0000000782b00000|  0%| F|  |TAMS 0x0000000782a00000, 0x0000000782a00000| Untracked 
|  43|0x0000000782b00000, 0x0000000782b00000, 0x0000000782c00000|  0%| F|  |TAMS 0x0000000782b00000, 0x0000000782b00000| Untracked 
|  44|0x0000000782c00000, 0x0000000782c00000, 0x0000000782d00000|  0%| F|  |TAMS 0x0000000782c00000, 0x0000000782c00000| Untracked 
|  45|0x0000000782d00000, 0x0000000782d00000, 0x0000000782e00000|  0%| F|  |TAMS 0x0000000782d00000, 0x0000000782d00000| Untracked 
|  46|0x0000000782e00000, 0x0000000782e00000, 0x0000000782f00000|  0%| F|  |TAMS 0x0000000782e00000, 0x0000000782e00000| Untracked 
|  47|0x0000000782f00000, 0x0000000782f00000, 0x0000000783000000|  0%| F|  |TAMS 0x0000000782f00000, 0x0000000782f00000| Untracked 
|  48|0x0000000783000000, 0x0000000783000000, 0x0000000783100000|  0%| F|  |TAMS 0x0000000783000000, 0x0000000783000000| Untracked 
|  49|0x0000000783100000, 0x0000000783100000, 0x0000000783200000|  0%| F|  |TAMS 0x0000000783100000, 0x0000000783100000| Untracked 
|  50|0x0000000783200000, 0x0000000783200000, 0x0000000783300000|  0%| F|  |TAMS 0x0000000783200000, 0x0000000783200000| Untracked 
|  51|0x0000000783300000, 0x0000000783300000, 0x0000000783400000|  0%| F|  |TAMS 0x0000000783300000, 0x0000000783300000| Untracked 
|  52|0x0000000783400000, 0x0000000783400000, 0x0000000783500000|  0%| F|  |TAMS 0x0000000783400000, 0x0000000783400000| Untracked 
|  53|0x0000000783500000, 0x0000000783500000, 0x0000000783600000|  0%| F|  |TAMS 0x0000000783500000, 0x0000000783500000| Untracked 
|  54|0x0000000783600000, 0x0000000783600000, 0x0000000783700000|  0%| F|  |TAMS 0x0000000783600000, 0x0000000783600000| Untracked 
|  55|0x0000000783700000, 0x0000000783700000, 0x0000000783800000|  0%| F|  |TAMS 0x0000000783700000, 0x0000000783700000| Untracked 
|  56|0x0000000783800000, 0x0000000783800000, 0x0000000783900000|  0%| F|  |TAMS 0x0000000783800000, 0x0000000783800000| Untracked 
|  57|0x0000000783900000, 0x0000000783900000, 0x0000000783a00000|  0%| F|  |TAMS 0x0000000783900000, 0x0000000783900000| Untracked 
|  58|0x0000000783a00000, 0x0000000783a00000, 0x0000000783b00000|  0%| F|  |TAMS 0x0000000783a00000, 0x0000000783a00000| Untracked 
|  59|0x0000000783b00000, 0x0000000783b00000, 0x0000000783c00000|  0%| F|  |TAMS 0x0000000783b00000, 0x0000000783b00000| Untracked 
|  60|0x0000000783c00000, 0x0000000783c00000, 0x0000000783d00000|  0%| F|  |TAMS 0x0000000783c00000, 0x0000000783c00000| Untracked 
|  61|0x0000000783d00000, 0x0000000783d00000, 0x0000000783e00000|  0%| F|  |TAMS 0x0000000783d00000, 0x0000000783d00000| Untracked 
|  62|0x0000000783e00000, 0x0000000783e00000, 0x0000000783f00000|  0%| F|  |TAMS 0x0000000783e00000, 0x0000000783e00000| Untracked 
|  63|0x0000000783f00000, 0x0000000783f00000, 0x0000000784000000|  0%| F|  |TAMS 0x0000000783f00000, 0x0000000783f00000| Untracked 
|  64|0x0000000784000000, 0x0000000784000000, 0x0000000784100000|  0%| F|  |TAMS 0x0000000784000000, 0x0000000784000000| Untracked 
|  65|0x0000000784100000, 0x0000000784100000, 0x0000000784200000|  0%| F|  |TAMS 0x0000000784100000, 0x0000000784100000| Untracked 
|  66|0x0000000784200000, 0x0000000784200000, 0x0000000784300000|  0%| F|  |TAMS 0x0000000784200000, 0x0000000784200000| Untracked 
|  67|0x0000000784300000, 0x0000000784300000, 0x0000000784400000|  0%| F|  |TAMS 0x0000000784300000, 0x0000000784300000| Untracked 
|  68|0x0000000784400000, 0x0000000784400000, 0x0000000784500000|  0%| F|  |TAMS 0x0000000784400000, 0x0000000784400000| Untracked 
|  69|0x0000000784500000, 0x0000000784500000, 0x0000000784600000|  0%| F|  |TAMS 0x0000000784500000, 0x0000000784500000| Untracked 
|  70|0x0000000784600000, 0x0000000784600000, 0x0000000784700000|  0%| F|  |TAMS 0x0000000784600000, 0x0000000784600000| Untracked 
|  71|0x0000000784700000, 0x0000000784700000, 0x0000000784800000|  0%| F|  |TAMS 0x0000000784700000, 0x0000000784700000| Untracked 
|  72|0x0000000784800000, 0x0000000784800000, 0x0000000784900000|  0%| F|  |TAMS 0x0000000784800000, 0x0000000784800000| Untracked 
|  73|0x0000000784900000, 0x0000000784900000, 0x0000000784a00000|  0%| F|  |TAMS 0x0000000784900000, 0x0000000784900000| Untracked 
|  74|0x0000000784a00000, 0x0000000784a00000, 0x0000000784b00000|  0%| F|  |TAMS 0x0000000784a00000, 0x0000000784a00000| Untracked 
|  75|0x0000000784b00000, 0x0000000784b00000, 0x0000000784c00000|  0%| F|  |TAMS 0x0000000784b00000, 0x0000000784b00000| Untracked 
|  76|0x0000000784c00000, 0x0000000784c00000, 0x0000000784d00000|  0%| F|  |TAMS 0x0000000784c00000, 0x0000000784c00000| Untracked 
|  77|0x0000000784d00000, 0x0000000784d00000, 0x0000000784e00000|  0%| F|  |TAMS 0x0000000784d00000, 0x0000000784d00000| Untracked 
|  78|0x0000000784e00000, 0x0000000784e00000, 0x0000000784f00000|  0%| F|  |TAMS 0x0000000784e00000, 0x0000000784e00000| Untracked 
|  79|0x0000000784f00000, 0x0000000784f00000, 0x0000000785000000|  0%| F|  |TAMS 0x0000000784f00000, 0x0000000784f00000| Untracked 
|  80|0x0000000785000000, 0x0000000785000000, 0x0000000785100000|  0%| F|  |TAMS 0x0000000785000000, 0x0000000785000000| Untracked 
|  81|0x0000000785100000, 0x0000000785100000, 0x0000000785200000|  0%| F|  |TAMS 0x0000000785100000, 0x0000000785100000| Untracked 
|  82|0x0000000785200000, 0x0000000785200000, 0x0000000785300000|  0%| F|  |TAMS 0x0000000785200000, 0x0000000785200000| Untracked 
|  83|0x0000000785300000, 0x000000078533cfc0, 0x0000000785400000| 23%| S|CS|TAMS 0x0000000785300000, 0x0000000785300000| Complete 
|  84|0x0000000785400000, 0x0000000785500000, 0x0000000785500000|100%| S|CS|TAMS 0x0000000785400000, 0x0000000785400000| Complete 
|  85|0x0000000785500000, 0x0000000785600000, 0x0000000785600000|100%| S|CS|TAMS 0x0000000785500000, 0x0000000785500000| Complete 
|  86|0x0000000785600000, 0x0000000785700000, 0x0000000785700000|100%| S|CS|TAMS 0x0000000785600000, 0x0000000785600000| Complete 
|  87|0x0000000785700000, 0x0000000785800000, 0x0000000785800000|100%| S|CS|TAMS 0x0000000785700000, 0x0000000785700000| Complete 
|  88|0x0000000785800000, 0x0000000785900000, 0x0000000785900000|100%| S|CS|TAMS 0x0000000785800000, 0x0000000785800000| Complete 
|  89|0x0000000785900000, 0x0000000785a00000, 0x0000000785a00000|100%| S|CS|TAMS 0x0000000785900000, 0x0000000785900000| Complete 
|  90|0x0000000785a00000, 0x0000000785b00000, 0x0000000785b00000|100%| S|CS|TAMS 0x0000000785a00000, 0x0000000785a00000| Complete 
|  91|0x0000000785b00000, 0x0000000785b00000, 0x0000000785c00000|  0%| F|  |TAMS 0x0000000785b00000, 0x0000000785b00000| Untracked 
|  92|0x0000000785c00000, 0x0000000785c00000, 0x0000000785d00000|  0%| F|  |TAMS 0x0000000785c00000, 0x0000000785c00000| Untracked 
|  93|0x0000000785d00000, 0x0000000785d00000, 0x0000000785e00000|  0%| F|  |TAMS 0x0000000785d00000, 0x0000000785d00000| Untracked 
|  94|0x0000000785e00000, 0x0000000785e00000, 0x0000000785f00000|  0%| F|  |TAMS 0x0000000785e00000, 0x0000000785e00000| Untracked 
|  95|0x0000000785f00000, 0x0000000785f00000, 0x0000000786000000|  0%| F|  |TAMS 0x0000000785f00000, 0x0000000785f00000| Untracked 
|  96|0x0000000786000000, 0x0000000786000000, 0x0000000786100000|  0%| F|  |TAMS 0x0000000786000000, 0x0000000786000000| Untracked 
|  97|0x0000000786100000, 0x0000000786100000, 0x0000000786200000|  0%| F|  |TAMS 0x0000000786100000, 0x0000000786100000| Untracked 
|  98|0x0000000786200000, 0x0000000786200000, 0x0000000786300000|  0%| F|  |TAMS 0x0000000786200000, 0x0000000786200000| Untracked 
|  99|0x0000000786300000, 0x0000000786300000, 0x0000000786400000|  0%| F|  |TAMS 0x0000000786300000, 0x0000000786300000| Untracked 
| 100|0x0000000786400000, 0x0000000786400000, 0x0000000786500000|  0%| F|  |TAMS 0x0000000786400000, 0x0000000786400000| Untracked 
| 101|0x0000000786500000, 0x00000007865e45a0, 0x0000000786600000| 89%| E|  |TAMS 0x0000000786500000, 0x0000000786500000| Complete 
| 102|0x0000000786600000, 0x0000000786700000, 0x0000000786700000|100%| E|CS|TAMS 0x0000000786600000, 0x0000000786600000| Complete 
| 103|0x0000000786700000, 0x0000000786800000, 0x0000000786800000|100%| E|CS|TAMS 0x0000000786700000, 0x0000000786700000| Complete 
| 104|0x0000000786800000, 0x0000000786900000, 0x0000000786900000|100%| E|  |TAMS 0x0000000786800000, 0x0000000786800000| Complete 
| 105|0x0000000786900000, 0x0000000786a00000, 0x0000000786a00000|100%| E|CS|TAMS 0x0000000786900000, 0x0000000786900000| Complete 
| 106|0x0000000786a00000, 0x0000000786b00000, 0x0000000786b00000|100%| E|CS|TAMS 0x0000000786a00000, 0x0000000786a00000| Complete 
| 107|0x0000000786b00000, 0x0000000786c00000, 0x0000000786c00000|100%| E|CS|TAMS 0x0000000786b00000, 0x0000000786b00000| Complete 
| 108|0x0000000786c00000, 0x0000000786d00000, 0x0000000786d00000|100%| E|CS|TAMS 0x0000000786c00000, 0x0000000786c00000| Complete 
| 109|0x0000000786d00000, 0x0000000786e00000, 0x0000000786e00000|100%| E|CS|TAMS 0x0000000786d00000, 0x0000000786d00000| Complete 
| 110|0x0000000786e00000, 0x0000000786f00000, 0x0000000786f00000|100%| E|CS|TAMS 0x0000000786e00000, 0x0000000786e00000| Complete 
| 111|0x0000000786f00000, 0x0000000787000000, 0x0000000787000000|100%| E|CS|TAMS 0x0000000786f00000, 0x0000000786f00000| Complete 
| 112|0x0000000787000000, 0x0000000787100000, 0x0000000787100000|100%| E|CS|TAMS 0x0000000787000000, 0x0000000787000000| Complete 
| 113|0x0000000787100000, 0x0000000787200000, 0x0000000787200000|100%| E|CS|TAMS 0x0000000787100000, 0x0000000787100000| Complete 
| 114|0x0000000787200000, 0x0000000787300000, 0x0000000787300000|100%| E|CS|TAMS 0x0000000787200000, 0x0000000787200000| Complete 
| 115|0x0000000787300000, 0x0000000787400000, 0x0000000787400000|100%| E|CS|TAMS 0x0000000787300000, 0x0000000787300000| Complete 
| 116|0x0000000787400000, 0x0000000787500000, 0x0000000787500000|100%| E|CS|TAMS 0x0000000787400000, 0x0000000787400000| Complete 
| 117|0x0000000787500000, 0x0000000787600000, 0x0000000787600000|100%| E|CS|TAMS 0x0000000787500000, 0x0000000787500000| Complete 
| 118|0x0000000787600000, 0x0000000787700000, 0x0000000787700000|100%| E|CS|TAMS 0x0000000787600000, 0x0000000787600000| Complete 
| 119|0x0000000787700000, 0x0000000787800000, 0x0000000787800000|100%| E|CS|TAMS 0x0000000787700000, 0x0000000787700000| Complete 
| 120|0x0000000787800000, 0x0000000787900000, 0x0000000787900000|100%| E|CS|TAMS 0x0000000787800000, 0x0000000787800000| Complete 
| 121|0x0000000787900000, 0x0000000787a00000, 0x0000000787a00000|100%| E|CS|TAMS 0x0000000787900000, 0x0000000787900000| Complete 
| 122|0x0000000787a00000, 0x0000000787b00000, 0x0000000787b00000|100%| E|CS|TAMS 0x0000000787a00000, 0x0000000787a00000| Complete 
| 123|0x0000000787b00000, 0x0000000787c00000, 0x0000000787c00000|100%| E|CS|TAMS 0x0000000787b00000, 0x0000000787b00000| Complete 
| 124|0x0000000787c00000, 0x0000000787d00000, 0x0000000787d00000|100%| E|CS|TAMS 0x0000000787c00000, 0x0000000787c00000| Complete 
| 125|0x0000000787d00000, 0x0000000787e00000, 0x0000000787e00000|100%| E|CS|TAMS 0x0000000787d00000, 0x0000000787d00000| Complete 
| 126|0x0000000787e00000, 0x0000000787f00000, 0x0000000787f00000|100%| E|CS|TAMS 0x0000000787e00000, 0x0000000787e00000| Complete 
| 127|0x0000000787f00000, 0x0000000788000000, 0x0000000788000000|100%| E|CS|TAMS 0x0000000787f00000, 0x0000000787f00000| Complete 

Card table byte_map: [0x00000001069d1000,0x0000000106dd1000] _byte_map_base: 0x0000000102dd1000

Marking Bits (Prev, Next): (CMBitMap*) 0x00007fde18020650, (CMBitMap*) 0x00007fde18020618
 Prev Bits: [0x00000001091d1000, 0x000000010b1d1000)
 Next Bits: [0x00000001071d1000, 0x00000001091d1000)

Polling page: 0x0000000103307000

Metaspace:

Usage:
  Non-class:     23.75 MB capacity,    23.06 MB ( 97%) used,   566.83 KB (  2%) free+waste,   139.12 KB ( <1%) overhead. 
      Class:      4.00 MB capacity,     3.49 MB ( 87%) used,   453.93 KB ( 11%) free+waste,    72.62 KB (  2%) overhead. 
       Both:     27.75 MB capacity,    26.55 MB ( 96%) used,  1020.76 KB (  4%) free+waste,   211.75 KB ( <1%) overhead. 

Virtual space:
  Non-class space:       24.00 MB reserved,      24.00 MB (100%) committed 
      Class space:        1.00 GB reserved,       4.12 MB ( <1%) committed 
             Both:        1.02 GB reserved,      28.12 MB (  3%) committed 

Chunk freelists:
   Non-Class:  6.00 KB
       Class:  0 bytes
        Both:  6.00 KB

MaxMetaspaceSize: unlimited
CompressedClassSpaceSize: 1.00 GB
Initial GC threshold: 20.80 MB
Current GC threshold: 35.00 MB
CDS: off

CodeHeap 'non-profiled nmethods': size=120032Kb used=984Kb max_used=984Kb free=119047Kb
 bounds [0x000000011d77b000, 0x000000011d9eb000, 0x0000000124cb3000]
CodeHeap 'profiled nmethods': size=120032Kb used=5195Kb max_used=5195Kb free=114836Kb
 bounds [0x0000000116243000, 0x0000000116763000, 0x000000011d77b000]
CodeHeap 'non-nmethods': size=5696Kb used=1442Kb max_used=1464Kb free=4253Kb
 bounds [0x0000000115cb3000, 0x0000000115f23000, 0x0000000116243000]
 total_blobs=3501 nmethods=2720 adapters=694
 compilation: enabled
              stopped_count=0, restarted_count=0
 full_count=0

Compilation events (20 events):
Event: 7.930 Thread 0x00007fde1804b000 nmethod 2732 0x000000011674b410 code [0x000000011674b660, 0x000000011674bf30]
Event: 7.931 Thread 0x00007fde1804b000 2740       3       com.sun.scenario.effect.impl.prism.PrFilterContext::hashCode (16 bytes)
Event: 7.931 Thread 0x00007fde1804b000 nmethod 2740 0x000000011674c210 code [0x000000011674c3e0, 0x000000011674c680]
Event: 7.931 Thread 0x00007fde1804b000 2734       3       javafx.scene.Node::getPeer (57 bytes)
Event: 7.933 Thread 0x00007fde1804b000 nmethod 2734 0x000000011674c790 code [0x000000011674c980, 0x000000011674cd10]
Event: 7.933 Thread 0x00007fde1804b000 2733       3       java.lang.Math::min (45 bytes)
Event: 7.933 Thread 0x00007fde1804b000 nmethod 2733 0x000000011674ce90 code [0x000000011674d040, 0x000000011674d330]
Event: 7.934 Thread 0x00007fde1804b000 2731       1       javafx.scene.control.Control::isResizable (2 bytes)
Event: 7.934 Thread 0x00007fde1804b000 nmethod 2731 0x000000011d86fd90 code [0x000000011d86ff40, 0x000000011d86fff0]
Event: 7.934 Thread 0x00007fde1804b000 2735       1       com.sun.javafx.geom.DirtyRegionContainer::size (5 bytes)
Event: 7.934 Thread 0x00007fde1804b000 nmethod 2735 0x000000011d870090 code [0x000000011d870240, 0x000000011d8702f0]
Event: 7.966 Thread 0x00007fde1804b000 2741       1       com.sun.glass.ui.Window::getPlatformScaleX (5 bytes)
Event: 7.966 Thread 0x00007fde1804b000 nmethod 2741 0x000000011d870390 code [0x000000011d870540, 0x000000011d8705f0]
Event: 7.966 Thread 0x00007fde1804b000 2743       3       javafx.scene.Node::updateLocalBounds (67 bytes)
Event: 7.967 Thread 0x00007fde1804b000 nmethod 2743 0x000000011674d410 code [0x000000011674d660, 0x000000011674e1c0]
Event: 7.967 Thread 0x00007fde1804b000 2742       1       com.sun.glass.ui.Window::getPlatformScaleY (5 bytes)
Event: 7.967 Thread 0x00007fde1804b000 nmethod 2742 0x000000011d870690 code [0x000000011d870840, 0x000000011d8708f0]
Event: 7.971 Thread 0x00007fde1804b000 2744       3       java.util.concurrent.locks.AbstractQueuedSynchronizer$Node::compareAndSetWaitStatus (10 bytes)
Event: 7.972 Thread 0x00007fde1804b000 nmethod 2744 0x000000011674e490 code [0x000000011674e6a0, 0x000000011674ec10]
Event: 8.001 Thread 0x00007fde1804b000 2745       3       com.sun.javafx.scene.input.InputEventUtils::recomputeCoordinates (220 bytes)

GC Heap History (4 events):
Event: 2.246 GC heap before
{Heap before GC invocations=0 (full 0):
 garbage-first heap   total 131072K, used 14336K [0x0000000780000000, 0x0000000800000000)
  region size 1024K, 14 young (14336K), 0 survivors (0K)
 Metaspace       used 8821K, capacity 9148K, committed 9216K, reserved 1056768K
  class space    used 860K, capacity 973K, committed 1024K, reserved 1048576K
}
Event: 2.253 GC heap after
{Heap after GC invocations=1 (full 0):
 garbage-first heap   total 131072K, used 1727K [0x0000000780000000, 0x0000000800000000)
  region size 1024K, 2 young (2048K), 2 survivors (2048K)
 Metaspace       used 8821K, capacity 9148K, committed 9216K, reserved 1056768K
  class space    used 860K, capacity 973K, committed 1024K, reserved 1048576K
}
Event: 5.100 GC heap before
{Heap before GC invocations=1 (full 0):
 garbage-first heap   total 131072K, used 58047K [0x0000000780000000, 0x0000000800000000)
  region size 1024K, 37 young (37888K), 2 survivors (2048K)
 Metaspace       used 20512K, capacity 21124K, committed 21248K, reserved 1067008K
  class space    used 2497K, capacity 2762K, committed 2816K, reserved 1048576K
}
Event: 5.117 GC heap after
{Heap after GC invocations=2 (full 0):
 garbage-first heap   total 131072K, used 29939K [0x0000000780000000, 0x0000000800000000)
  region size 1024K, 8 young (8192K), 8 survivors (8192K)
 Metaspace       used 20512K, capacity 21124K, committed 21248K, reserved 1067008K
  class space    used 2497K, capacity 2762K, committed 2816K, reserved 1048576K
}

Deoptimization events (20 events):
Event: 7.488 Thread 0x00007fde18989000 DEOPT PACKING pc=0x00000001166d98cf sp=0x0000700010067070
Event: 7.488 Thread 0x00007fde18989000 DEOPT UNPACKING pc=0x0000000115cfd64a sp=0x0000700010066540 mode 0
Event: 7.488 Thread 0x00007fde18989000 DEOPT PACKING pc=0x00000001166d6e5d sp=0x0000700010066f70
Event: 7.488 Thread 0x00007fde18989000 DEOPT UNPACKING pc=0x0000000115cfd64a sp=0x0000700010066440 mode 0
Event: 7.488 Thread 0x00007fde18989000 DEOPT PACKING pc=0x00000001166d98cf sp=0x0000700010067070
Event: 7.488 Thread 0x00007fde18989000 DEOPT UNPACKING pc=0x0000000115cfd64a sp=0x0000700010066540 mode 0
Event: 7.489 Thread 0x00007fde18989000 DEOPT PACKING pc=0x00000001166d6e5d sp=0x0000700010066f70
Event: 7.489 Thread 0x00007fde18989000 DEOPT UNPACKING pc=0x0000000115cfd64a sp=0x0000700010066440 mode 0
Event: 7.489 Thread 0x00007fde18989000 DEOPT PACKING pc=0x00000001166d98cf sp=0x0000700010067070
Event: 7.489 Thread 0x00007fde18989000 DEOPT UNPACKING pc=0x0000000115cfd64a sp=0x0000700010066540 mode 0
Event: 7.489 Thread 0x00007fde18989000 DEOPT PACKING pc=0x00000001166d997e sp=0x0000700010067070
Event: 7.489 Thread 0x00007fde18989000 DEOPT UNPACKING pc=0x0000000115cfd64a sp=0x0000700010066448 mode 0
Event: 7.499 Thread 0x00007fde18989000 DEOPT PACKING pc=0x00000001166a5d4d sp=0x0000700010067730
Event: 7.499 Thread 0x00007fde18989000 DEOPT UNPACKING pc=0x0000000115cfd64a sp=0x0000700010066ba8 mode 0
Event: 7.499 Thread 0x00007fde18989000 DEOPT PACKING pc=0x00000001166d6e5d sp=0x0000700010067930
Event: 7.499 Thread 0x00007fde18989000 DEOPT UNPACKING pc=0x0000000115cfd64a sp=0x0000700010066e00 mode 0
Event: 7.500 Thread 0x00007fde18989000 DEOPT PACKING pc=0x00000001166a5d4d sp=0x0000700010067730
Event: 7.500 Thread 0x00007fde18989000 DEOPT UNPACKING pc=0x0000000115cfd64a sp=0x0000700010066ba8 mode 0
Event: 7.500 Thread 0x00007fde18989000 DEOPT PACKING pc=0x00000001166a5d4d sp=0x0000700010067730
Event: 7.500 Thread 0x00007fde18989000 DEOPT UNPACKING pc=0x0000000115cfd64a sp=0x0000700010066ba8 mode 0

Classes redefined (0 events):
No events

Internal exceptions (20 events):
Event: 4.965 Thread 0x00007fde189fe800 Implicit null exception at 0x000000011d7f2aaf to 0x000000011d7f2b29
Event: 4.978 Thread 0x00007fde189fe800 Exception <a 'java/io/FileNotFoundException'{0x0000000785c17e50}> (0x0000000785c17e50) thrown at [./src/hotspot/share/prims/jni.cpp, line 617]
Event: 5.006 Thread 0x00007fde189fe800 Exception <a 'java/io/FileNotFoundException'{0x0000000785c53068}> (0x0000000785c53068) thrown at [./src/hotspot/share/prims/jni.cpp, line 617]
Event: 5.196 Thread 0x00007fde189fe800 Exception <a 'java/lang/NoSuchMethodError'{0x0000000787d77088}: 'java.lang.Object java.lang.invoke.DirectMethodHandle$Holder.invokeInterface(java.lang.Object, java.lang.Object, java.lang.Object)'> (0x0000000787d77088) thrown at [./src/hotspot/share/interpreter/linkResolver.cpp, line 773]
Event: 5.197 Thread 0x00007fde189fe800 Exception <a 'java/lang/IncompatibleClassChangeError'{0x0000000787d7a240}: Found class java.lang.Object, but interface was expected> (0x0000000787d7a240) thrown at [./src/hotspot/share/interpreter/linkResolver.cpp, line 839]
Event: 5.271 Thread 0x00007fde189fe800 Exception <a 'java/lang/ClassNotFoundException'{0x0000000787b55250}: com/sun/javafx/scene/control/skin/resources/controls> (0x0000000787b55250) thrown at [./src/hotspot/share/prims/jni.cpp, line 638]
Event: 5.272 Thread 0x00007fde189fe800 Exception <a 'java/lang/ClassNotFoundException'{0x0000000787b63248}: com/sun/javafx/scene/control/skin/resources/controls_en> (0x0000000787b63248) thrown at [./src/hotspot/share/prims/jni.cpp, line 638]
Event: 5.273 Thread 0x00007fde189fe800 Exception <a 'java/lang/ClassNotFoundException'{0x0000000787b662a8}: com/sun/javafx/scene/control/skin/resources/controls_en_IL> (0x0000000787b662a8) thrown at [./src/hotspot/share/prims/jni.cpp, line 638]
Event: 5.347 Thread 0x00007fde189fe800 Exception <a 'java/lang/NoSuchMethodError'{0x0000000787979ff8}: 'void java.lang.invoke.DirectMethodHandle$Holder.invokeSpecial(java.lang.Object, java.lang.Object, java.lang.Object, java.lang.Object, java.lang.Object, java.lang.Object)'> (0x0000000787979ff8) thrown at [./src/hotspot/share/interpreter/linkResolver.cpp, line 773]
Event: 5.876 Thread 0x00007fde189fe800 Exception <a 'java/lang/NoSuchMethodError'{0x0000000786e2cae8}: 'java.lang.Object java.lang.invoke.Invokers$Holder.linkToTargetMethod(java.lang.Object, int, int, java.lang.Object)'> (0x0000000786e2cae8) thrown at [./src/hotspot/share/interpreter/linkResolver.cpp, line 773]
Event: 6.066 Thread 0x00007fde18989000 Exception <a 'java/lang/NoSuchMethodError'{0x0000000786c603c8}: 'int java.lang.invoke.DirectMethodHandle$Holder.invokeStaticInit(java.lang.Object, java.lang.Object)'> (0x0000000786c603c8) thrown at [./src/hotspot/share/interpreter/linkResolver.cpp, line 773]
Event: 6.103 Thread 0x00007fde189fe800 Exception <a 'java/lang/NoSuchMethodError'{0x0000000786de1e30}: 'long java.lang.invoke.DirectMethodHandle$Holder.invokeStaticInit(java.lang.Object, java.lang.Object, java.lang.Object)'> (0x0000000786de1e30) thrown at [./src/hotspot/share/interpreter/linkResolver.cpp, line 773]
Event: 6.107 Thread 0x00007fde189fe800 Exception <a 'java/lang/NoSuchMethodError'{0x0000000786dfa478}: 'java.lang.Object java.lang.invoke.DirectMethodHandle$Holder.invokeStatic(java.lang.Object, java.lang.Object, long)'> (0x0000000786dfa478) thrown at [./src/hotspot/share/interpreter/linkResolver.cpp, line 773]
Event: 6.108 Thread 0x00007fde189fe800 Exception <a 'java/lang/NoSuchMethodError'{0x0000000786b00a88}: 'java.lang.Object java.lang.invoke.Invokers$Holder.linkToTargetMethod(java.lang.Object, long, java.lang.Object)'> (0x0000000786b00a88) thrown at [./src/hotspot/share/interpreter/linkResolver.cpp, line 773]
Event: 6.268 Thread 0x00007fde18989000 Exception <a 'java/lang/NoSuchMethodError'{0x0000000786a86a78}: 'java.lang.Object java.lang.invoke.DirectMethodHandle$Holder.invokeStaticInit(java.lang.Object, int)'> (0x0000000786a86a78) thrown at [./src/hotspot/share/interpreter/linkResolver.cpp, line 773]
Event: 8.002 Thread 0x00007fde189fe800 Exception <a 'java/lang/StackOverflowError'{0x0000000786510190}> (0x0000000785a1ff68) thrown at [./src/hotspot/share/runtime/javaCalls.cpp, line 417]
Event: 8.002 Thread 0x00007fde189fe800 Exception <a 'java/lang/StackOverflowError'{0x0000000786510190}> (0x0000000786510190) thrown at [./src/hotspot/share/prims/jvm.cpp, line 1310]
Event: 8.003 Thread 0x00007fde189fe800 Exception <a 'java/lang/StackOverflowError'{0x0000000786510378}> (0x0000000786510378) thrown at [./src/hotspot/share/runtime/javaCalls.cpp, line 417]
Event: 8.003 Thread 0x00007fde189fe800 Exception <"«Ëðµ"{0x00000007865103c8}> (0x00000007865103c8) thrown at [./src/hotspot/share/runtime/javaCalls.cpp, line 417]
Event: 8.003 Thread 0x00007fde189fe800 Exception <"«Ëðµ"{0x00000007865103c8}: "«Ëðµ"{0x00000007865103c8}> (0x00000007865103c8) thrown at [./src/hotspot/share/classfile/systemDictionary.cpp, line 228]

Events (20 events):
Event: 7.996 loading class java/net/Inet4AddressImpl
Event: 7.996 loading class java/net/Inet4AddressImpl done
Event: 7.997 loading class java/net/SocketException
Event: 7.997 loading class java/net/SocketException done
Event: 7.997 loading class java/net/SocketCleanable
Event: 7.997 loading class java/net/SocketCleanable done
Event: 7.997 loading class sun/net/NetHooks
Event: 7.997 loading class sun/net/NetHooks done
Event: 7.997 loading class sun/net/sdp/SdpProvider
Event: 7.998 loading class sun/net/NetHooks$Provider
Event: 7.998 loading class sun/net/NetHooks$Provider done
Event: 7.998 loading class sun/net/sdp/SdpProvider done
Event: 8.001 Thread 0x00007fde1838f800 Thread added: 0x00007fde1838f800
Event: 8.001 Protecting memory [0x0000700010b13000,0x0000700010b17000] with protection modes 0
Event: 8.002 Executing VM operation: RevokeBias
Event: 8.002 Executing VM operation: RevokeBias done
Event: 8.002 loading class java/lang/Throwable$WrappedPrintStream
Event: 8.003 loading class java/lang/Throwable$WrappedPrintStream done
Event: 8.003 loading class JDBC/DataBaseConnector
Event: 8.003 loading class JDBC/DataBaseConnector done


Dynamic libraries:
0x00007fff35176000 	/System/Library/Frameworks/Cocoa.framework/Versions/A/Cocoa
0x00007fff224bb000 	/System/Library/Frameworks/Security.framework/Versions/A/Security
0x00007fff3337e000 	/System/Library/Frameworks/ApplicationServices.framework/Versions/A/ApplicationServices
0x00007fff2a73f000 	/usr/lib/libz.1.dylib
0x0000000103298000 	/Library/Java/JavaVirtualMachines/liberica-jdk-11.jdk/Contents/Home/lib/jli/libjli.dylib
0x00007fff2a807000 	/usr/lib/libSystem.B.dylib
0x00007fff22eec000 	/System/Library/Frameworks/AppKit.framework/Versions/C/AppKit
0x00007fff25db1000 	/System/Library/Frameworks/CoreData.framework/Versions/A/CoreData
0x00007fff21453000 	/System/Library/Frameworks/Foundation.framework/Versions/C/Foundation
0x00007fff23c38000 	/System/Library/PrivateFrameworks/UIFoundation.framework/Versions/A/UIFoundation
0x00007fff2fe38000 	/System/Library/PrivateFrameworks/RemoteViewServices.framework/Versions/A/RemoteViewServices
0x00007fff28c4a000 	/System/Library/PrivateFrameworks/XCTTargetBootstrap.framework/Versions/A/XCTTargetBootstrap
0x00007fff2b932000 	/usr/lib/libspindump.dylib
0x00007fff23e87000 	/System/Library/Frameworks/UniformTypeIdentifiers.framework/Versions/A/UniformTypeIdentifiers
0x00007fff2744e000 	/usr/lib/libapp_launch_measurement.dylib
0x00007fff27451000 	/System/Library/PrivateFrameworks/CoreAutoLayout.framework/Versions/A/CoreAutoLayout
0x00007fff285b1000 	/System/Library/Frameworks/Metal.framework/Versions/A/Metal
0x00007fff292a8000 	/usr/lib/liblangid.dylib
0x00007fff28c4e000 	/System/Library/PrivateFrameworks/CoreSVG.framework/Versions/A/CoreSVG
0x00007fff24ec7000 	/System/Library/PrivateFrameworks/SkyLight.framework/Versions/A/SkyLight
0x00007fff2522d000 	/System/Library/Frameworks/CoreGraphics.framework/Versions/A/CoreGraphics
0x00007fff3035f000 	/System/Library/Frameworks/Accelerate.framework/Versions/A/Accelerate
0x00007fff2b370000 	/System/Library/PrivateFrameworks/IconServices.framework/Versions/A/IconServices
0x00007fff28595000 	/System/Library/Frameworks/IOSurface.framework/Versions/A/IOSurface
0x00007fff26739000 	/usr/lib/libDiagnosticMessagesClient.dylib
0x00007fff28c36000 	/System/Library/PrivateFrameworks/DFRFoundation.framework/Versions/A/DFRFoundation
0x00007fff22813000 	/usr/lib/libicucore.A.dylib
0x00007fff2ce77000 	/System/Library/Frameworks/AudioToolbox.framework/Versions/A/AudioToolbox
0x00007fff2c0ff000 	/System/Library/PrivateFrameworks/DataDetectorsCore.framework/Versions/A/DataDetectorsCore
0x00007fff24e3a000 	/usr/lib/libMobileGestalt.dylib
0x00007fff2893a000 	/System/Library/Frameworks/Carbon.framework/Versions/A/Frameworks/HIToolbox.framework/Versions/A/HIToolbox
0x00007fff26e93000 	/System/Library/Frameworks/QuartzCore.framework/Versions/A/QuartzCore
0x00007fff2fe70000 	/System/Library/Frameworks/Carbon.framework/Versions/A/Frameworks/SpeechRecognition.framework/Versions/A/SpeechRecognition
0x00007fff271b3000 	/System/Library/PrivateFrameworks/CoreUI.framework/Versions/A/CoreUI
0x00007fff21e29000 	/System/Library/Frameworks/CoreAudio.framework/Versions/A/CoreAudio
0x00007fff26824000 	/System/Library/Frameworks/DiskArbitration.framework/Versions/A/DiskArbitration
0x00007fff2bd00000 	/System/Library/PrivateFrameworks/MultitouchSupport.framework/Versions/A/MultitouchSupport
0x00007fff2c0f6000 	/System/Library/PrivateFrameworks/InternationalSupport.framework/Versions/A/InternationalSupport
0x00007fff24e39000 	/usr/lib/libenergytrace.dylib
0x00007fff22de3000 	/System/Library/Frameworks/IOKit.framework/Versions/A/IOKit
0x00007fff301a3000 	/System/Library/Frameworks/CoreServices.framework/Versions/A/CoreServices
0x00007fff273e0000 	/System/Library/PrivateFrameworks/PerformanceAnalysis.framework/Versions/A/PerformanceAnalysis
0x00007fff6bb14000 	/System/Library/Frameworks/OpenGL.framework/Versions/A/OpenGL
0x00007fff2c17a000 	/System/Library/PrivateFrameworks/UserActivity.framework/Versions/A/UserActivity
0x00007fff204c3000 	/usr/lib/libobjc.A.dylib
0x00007fff258b7000 	/System/Library/Frameworks/ColorSync.framework/Versions/A/ColorSync
0x00007fff206a3000 	/System/Library/Frameworks/CoreFoundation.framework/Versions/A/CoreFoundation
0x00007fff28eb6000 	/System/Library/Frameworks/CoreImage.framework/Versions/A/CoreImage
0x00007fff21c43000 	/System/Library/Frameworks/CoreText.framework/Versions/A/CoreText
0x00007fff28c78000 	/System/Library/Frameworks/ImageIO.framework/Versions/A/ImageIO
0x00007fff2a80d000 	/System/Library/PrivateFrameworks/SoftLinking.framework/Versions/A/SoftLinking
0x00007fff27499000 	/usr/lib/libxml2.2.dylib
0x00007fff20589000 	/usr/lib/libc++.1.dylib
0x00007fff2aa7e000 	/usr/lib/libcompression.dylib
0x00007fff2c028000 	/System/Library/PrivateFrameworks/TextureIO.framework/Versions/A/TextureIO
0x00007fff2b0ae000 	/usr/lib/libate.dylib
0x00007fff2a801000 	/usr/lib/system/libcache.dylib
0x00007fff2a7bd000 	/usr/lib/system/libcommonCrypto.dylib
0x00007fff2a7e7000 	/usr/lib/system/libcompiler_rt.dylib
0x00007fff2a7dc000 	/usr/lib/system/libcopyfile.dylib
0x00007fff203b3000 	/usr/lib/system/libcorecrypto.dylib
0x00007fff2047e000 	/usr/lib/system/libdispatch.dylib
0x00007fff20631000 	/usr/lib/system/libdyld.dylib
0x00007fff2a7f8000 	/usr/lib/system/libkeymgr.dylib
0x00007fff2dc0e000 	/usr/lib/system/liblaunch.dylib
0x00007fff2a79b000 	/usr/lib/system/libmacho.dylib
0x00007fff29f93000 	/usr/lib/system/libquarantine.dylib
0x00007fff2a7f5000 	/usr/lib/system/libremovefile.dylib
0x00007fff24e97000 	/usr/lib/system/libsystem_asl.dylib
0x00007fff20363000 	/usr/lib/system/libsystem_blocks.dylib
0x00007fff20500000 	/usr/lib/system/libsystem_c.dylib
0x00007fff2a7ef000 	/usr/lib/system/libsystem_collections.dylib
0x00007fff29299000 	/usr/lib/system/libsystem_configuration.dylib
0x00007fff28584000 	/usr/lib/system/libsystem_containermanager.dylib
0x00007fff2a53e000 	/usr/lib/system/libsystem_coreservices.dylib
0x00007fff22a73000 	/usr/lib/system/libsystem_darwin.dylib
0x00007fff2a7f9000 	/usr/lib/system/libsystem_dnssd.dylib
0x00007fff204fd000 	/usr/lib/system/libsystem_featureflags.dylib
0x00007fff20677000 	/usr/lib/system/libsystem_info.dylib
0x00007fff2a752000 	/usr/lib/system/libsystem_m.dylib
0x00007fff20451000 	/usr/lib/system/libsystem_malloc.dylib
0x00007fff24e2a000 	/usr/lib/system/libsystem_networkextension.dylib
0x00007fff22e92000 	/usr/lib/system/libsystem_notify.dylib
0x00007fff300a5000 	/usr/lib/system/libsystem_product_info_filter.dylib
0x00007fff2929d000 	/usr/lib/system/libsystem_sandbox.dylib
0x00007fff2a7f2000 	/usr/lib/system/libsystem_secinit.dylib
0x00007fff205f5000 	/usr/lib/system/libsystem_kernel.dylib
0x00007fff2066d000 	/usr/lib/system/libsystem_platform.dylib
0x00007fff20625000 	/usr/lib/system/libsystem_pthread.dylib
0x00007fff26575000 	/usr/lib/system/libsystem_symptoms.dylib
0x00007fff2039b000 	/usr/lib/system/libsystem_trace.dylib
0x00007fff2a7c9000 	/usr/lib/system/libunwind.dylib
0x00007fff20365000 	/usr/lib/system/libxpc.dylib
0x00007fff205df000 	/usr/lib/libc++abi.dylib
0x00007fff2a7d4000 	/usr/lib/liboah.dylib
0x00007fff2ae92000 	/usr/lib/liblzma.5.dylib
0x00007fff21167000 	/System/Library/Frameworks/SystemConfiguration.framework/Versions/A/SystemConfiguration
0x00007fff2a809000 	/usr/lib/libfakelink.dylib
0x00007fff2498b000 	/System/Library/Frameworks/CFNetwork.framework/Versions/A/CFNetwork
0x00007fff2a949000 	/usr/lib/libarchive.2.dylib
0x00007fff211e5000 	/usr/lib/libCRFSuite.dylib
0x00007fff29fba000 	/usr/lib/libbsm.0.dylib
0x00007fff24304000 	/usr/lib/libnetwork.dylib
0x00007fff2a80e000 	/usr/lib/libpcap.A.dylib
0x00007fff2656e000 	/usr/lib/libdns_services.dylib
0x00007fff2aeab000 	/usr/lib/libcoretls_cfhelpers.dylib
0x00007fff2aa48000 	/usr/lib/libapple_nghttp2.dylib
0x00007fff2a7a1000 	/usr/lib/system/libkxld.dylib
0x00007fff261e7000 	/usr/lib/libsqlite3.dylib
0x00007fff2a521000 	/System/Library/PrivateFrameworks/AppleFSCompression.framework/Versions/A/AppleFSCompression
0x00007fff29fa2000 	/usr/lib/libcoretls.dylib
0x00007fff2aa79000 	/usr/lib/libpam.2.dylib
0x00007fff2afa9000 	/usr/lib/libxar.1.dylib
0x00007fff292a4000 	/System/Library/PrivateFrameworks/AppleSystemInfo.framework/Versions/A/AppleSystemInfo
0x00007fff29be4000 	/System/Library/PrivateFrameworks/IOMobileFramebuffer.framework/Versions/A/IOMobileFramebuffer
0x00007fff2a531000 	/usr/lib/libbz2.1.0.dylib
0x00007fff2a846000 	/usr/lib/libiconv.2.dylib
0x00007fff2a79a000 	/usr/lib/libcharset.1.dylib
0x00007fff2741c000 	/System/Library/Frameworks/CoreServices.framework/Versions/A/Frameworks/FSEvents.framework/Versions/A/FSEvents
0x00007fff22a7d000 	/System/Library/Frameworks/CoreServices.framework/Versions/A/Frameworks/CarbonCore.framework/Versions/A/CarbonCore
0x00007fff26789000 	/System/Library/Frameworks/CoreServices.framework/Versions/A/Frameworks/Metadata.framework/Versions/A/Metadata
0x00007fff2a543000 	/System/Library/Frameworks/CoreServices.framework/Versions/A/Frameworks/OSServices.framework/Versions/A/OSServices
0x00007fff2a9bb000 	/System/Library/Frameworks/CoreServices.framework/Versions/A/Frameworks/SearchKit.framework/Versions/A/SearchKit
0x00007fff264f9000 	/System/Library/Frameworks/CoreServices.framework/Versions/A/Frameworks/AE.framework/Versions/A/AE
0x00007fff20b41000 	/System/Library/Frameworks/CoreServices.framework/Versions/A/Frameworks/LaunchServices.framework/Versions/A/LaunchServices
0x00007fff2ae42000 	/System/Library/Frameworks/CoreServices.framework/Versions/A/Frameworks/DictionaryServices.framework/Versions/A/DictionaryServices
0x00007fff27429000 	/System/Library/Frameworks/CoreServices.framework/Versions/A/Frameworks/SharedFileList.framework/Versions/A/SharedFileList
0x00007fff29f96000 	/usr/lib/libCheckFix.dylib
0x00007fff24eae000 	/System/Library/PrivateFrameworks/TCC.framework/Versions/A/TCC
0x00007fff292aa000 	/System/Library/PrivateFrameworks/CoreNLP.framework/Versions/A/CoreNLP
0x00007fff2673c000 	/System/Library/PrivateFrameworks/MetadataUtilities.framework/Versions/A/MetadataUtilities
0x00007fff2121a000 	/usr/lib/libmecabra.dylib
0x00007fff2a2a0000 	/System/Library/Frameworks/MLCompute.framework/Versions/A/MLCompute
0x00007fff29fcb000 	/usr/lib/libmecab.dylib
0x00007fff2a015000 	/usr/lib/libgermantok.dylib
0x00007fff2aa23000 	/usr/lib/libThaiTokenizer.dylib
0x00007fff2afe5000 	/usr/lib/libChineseTokenizer.dylib
0x00007fff2aa77000 	/System/Library/Frameworks/MetalPerformanceShaders.framework/Versions/A/MetalPerformanceShaders
0x00007fff2682b000 	/System/Library/Frameworks/Accelerate.framework/Versions/A/Frameworks/vImage.framework/Versions/A/vImage
0x00007fff3017d000 	/System/Library/Frameworks/Accelerate.framework/Versions/A/Frameworks/vecLib.framework/Versions/A/vecLib
0x00007fff2aff0000 	/System/Library/Frameworks/Accelerate.framework/Versions/A/Frameworks/vecLib.framework/Versions/A/libvMisc.dylib
0x00007fff299ff000 	/System/Library/Frameworks/Accelerate.framework/Versions/A/Frameworks/vecLib.framework/Versions/A/libvDSP.dylib
0x00007fff20e4d000 	/System/Library/Frameworks/Accelerate.framework/Versions/A/Frameworks/vecLib.framework/Versions/A/libBLAS.dylib
0x00007fff2aaa4000 	/System/Library/Frameworks/Accelerate.framework/Versions/A/Frameworks/vecLib.framework/Versions/A/libLAPACK.dylib
0x00007fff2a01b000 	/System/Library/Frameworks/Accelerate.framework/Versions/A/Frameworks/vecLib.framework/Versions/A/libLinearAlgebra.dylib
0x00007fff2aa60000 	/System/Library/Frameworks/Accelerate.framework/Versions/A/Frameworks/vecLib.framework/Versions/A/libSparseBLAS.dylib
0x00007fff2aa9e000 	/System/Library/Frameworks/Accelerate.framework/Versions/A/Frameworks/vecLib.framework/Versions/A/libQuadrature.dylib
0x00007fff29356000 	/System/Library/Frameworks/Accelerate.framework/Versions/A/Frameworks/vecLib.framework/Versions/A/libBNNS.dylib
0x00007fff210f8000 	/System/Library/Frameworks/Accelerate.framework/Versions/A/Frameworks/vecLib.framework/Versions/A/libSparse.dylib
0x00007fff29232000 	/System/Library/Frameworks/MetalPerformanceShaders.framework/Versions/A/Frameworks/MPSCore.framework/Versions/A/MPSCore
0x00007fff2a490000 	/System/Library/Frameworks/MetalPerformanceShaders.framework/Versions/A/Frameworks/MPSImage.framework/Versions/A/MPSImage
0x00007fff2a031000 	/System/Library/Frameworks/MetalPerformanceShaders.framework/Versions/A/Frameworks/MPSNeuralNetwork.framework/Versions/A/MPSNeuralNetwork
0x00007fff2a402000 	/System/Library/Frameworks/MetalPerformanceShaders.framework/Versions/A/Frameworks/MPSMatrix.framework/Versions/A/MPSMatrix
0x00007fff2a250000 	/System/Library/Frameworks/MetalPerformanceShaders.framework/Versions/A/Frameworks/MPSRayIntersector.framework/Versions/A/MPSRayIntersector
0x00007fff2a439000 	/System/Library/Frameworks/MetalPerformanceShaders.framework/Versions/A/Frameworks/MPSNDArray.framework/Versions/A/MPSNDArray
0x00007fff20d78000 	/System/Library/PrivateFrameworks/MetalTools.framework/Versions/A/MetalTools
0x00007fff292a2000 	/System/Library/PrivateFrameworks/AggregateDictionary.framework/Versions/A/AggregateDictionary
0x00007fff26709000 	/System/Library/PrivateFrameworks/CoreAnalytics.framework/Versions/A/CoreAnalytics
0x00007fff2aa25000 	/System/Library/PrivateFrameworks/AppleSauce.framework/Versions/A/AppleSauce
0x00007fff285a7000 	/System/Library/PrivateFrameworks/IOAccelerator.framework/Versions/A/IOAccelerator
0x00007fff6bb08000 	/System/Library/Frameworks/OpenGL.framework/Versions/A/Libraries/libCoreFSCache.dylib
0x00007fff217b2000 	/System/Library/PrivateFrameworks/LanguageModeling.framework/Versions/A/LanguageModeling
0x00007fff29bd2000 	/System/Library/PrivateFrameworks/CoreEmoji.framework/Versions/A/CoreEmoji
0x00007fff2934f000 	/System/Library/PrivateFrameworks/LinguisticData.framework/Versions/A/LinguisticData
0x00007fff210aa000 	/System/Library/PrivateFrameworks/Lexicon.framework/Versions/A/Lexicon
0x00007fff2a937000 	/usr/lib/libcmph.dylib
0x00007fff273fc000 	/System/Library/Frameworks/OpenDirectory.framework/Versions/A/Frameworks/CFOpenDirectory.framework/Versions/A/CFOpenDirectory
0x00007fff273ec000 	/System/Library/Frameworks/OpenDirectory.framework/Versions/A/OpenDirectory
0x00007fff2aead000 	/System/Library/PrivateFrameworks/APFS.framework/Versions/A/APFS
0x00007fff29ef8000 	/System/Library/Frameworks/SecurityFoundation.framework/Versions/A/SecurityFoundation
0x00007fff2afb8000 	/usr/lib/libutil.dylib
0x00007fff22da8000 	/System/Library/PrivateFrameworks/CoreServicesStore.framework/Versions/A/CoreServicesStore
0x00007fff29f8e000 	/System/Library/Frameworks/ServiceManagement.framework/Versions/A/ServiceManagement
0x00007fff2afbc000 	/usr/lib/libxslt.1.dylib
0x00007fff29f84000 	/System/Library/PrivateFrameworks/BackgroundTaskManagement.framework/Versions/A/BackgroundTaskManagement
0x00007fff2bf72000 	/System/Library/Frameworks/ImageIO.framework/Versions/A/Resources/libRadiance.dylib
0x00007fff2bf7c000 	/System/Library/Frameworks/ImageIO.framework/Versions/A/Resources/libJPEG.dylib
0x00007fff2beca000 	/System/Library/Frameworks/ImageIO.framework/Versions/A/Resources/libPng.dylib
0x00007fff2beeb000 	/System/Library/Frameworks/ImageIO.framework/Versions/A/Resources/libTIFF.dylib
0x00007fff2bfd1000 	/System/Library/Frameworks/ImageIO.framework/Versions/A/Resources/libGIF.dylib
0x00007fff2bc1c000 	/System/Library/Frameworks/ImageIO.framework/Versions/A/Resources/libJP2.dylib
0x00007fff2b337000 	/usr/lib/libexpat.1.dylib
0x00007fff2bbd2000 	/System/Library/PrivateFrameworks/AppleJPEG.framework/Versions/A/AppleJPEG
0x00007fff287dd000 	/System/Library/PrivateFrameworks/FontServices.framework/libFontParser.dylib
0x00007fff264b0000 	/System/Library/PrivateFrameworks/RunningBoardServices.framework/Versions/A/RunningBoardServices
0x00007fff2bcfc000 	/System/Library/PrivateFrameworks/WatchdogClient.framework/Versions/A/WatchdogClient
0x00007fff2189b000 	/System/Library/Frameworks/CoreDisplay.framework/Versions/A/CoreDisplay
0x00007fff286f2000 	/System/Library/Frameworks/CoreMedia.framework/Versions/A/CoreMedia
0x00007fff2757c000 	/System/Library/Frameworks/CoreVideo.framework/Versions/A/CoreVideo
0x00007fff2bd37000 	/System/Library/Frameworks/VideoToolbox.framework/Versions/A/VideoToolbox
0x00007fff26430000 	/System/Library/PrivateFrameworks/BaseBoard.framework/Versions/A/BaseBoard
0x00007fff2b47c000 	/System/Library/PrivateFrameworks/PersistentConnection.framework/Versions/A/PersistentConnection
0x00007fff261d1000 	/System/Library/PrivateFrameworks/ProtocolBuffer.framework/Versions/A/ProtocolBuffer
0x00007fff26418000 	/System/Library/PrivateFrameworks/CommonUtilities.framework/Versions/A/CommonUtilities
0x00007fff2bb95000 	/System/Library/PrivateFrameworks/Bom.framework/Versions/A/Bom
0x00007fff2bf6a000 	/System/Library/PrivateFrameworks/GPUWrangler.framework/Versions/A/GPUWrangler
0x00007fff2bf4d000 	/System/Library/PrivateFrameworks/IOPresentment.framework/Versions/A/IOPresentment
0x00007fff2bf76000 	/System/Library/PrivateFrameworks/DSExternalDisplay.framework/Versions/A/DSExternalDisplay
0x00007fff2bfd6000 	/System/Library/PrivateFrameworks/CMCaptureCore.framework/Versions/A/CMCaptureCore
0x00007fff2b918000 	/System/Library/PrivateFrameworks/AppServerSupport.framework/Versions/A/AppServerSupport
0x00007fff2d9b1000 	/System/Library/PrivateFrameworks/perfdata.framework/Versions/A/perfdata
0x00007fff29ee7000 	/System/Library/PrivateFrameworks/AssertionServices.framework/Versions/A/AssertionServices
0x00007fff219d2000 	/System/Library/PrivateFrameworks/AudioToolboxCore.framework/Versions/A/AudioToolboxCore
0x00007fff286d5000 	/System/Library/PrivateFrameworks/caulk.framework/Versions/A/caulk
0x00007fff3ce58000 	/System/Library/PrivateFrameworks/SystemPolicy.framework/Versions/A/SystemPolicy
0x00007fff2b146000 	/usr/lib/libIOReport.dylib
0x00007fff2d1ed000 	/usr/lib/libSMC.dylib
0x00007fff2be96000 	/usr/lib/libAudioToolboxUtility.dylib
0x00007fff3d7b5000 	/usr/lib/libmis.dylib
0x00007fff6bb64000 	/System/Library/Frameworks/OpenGL.framework/Versions/A/Libraries/libGLU.dylib
0x00007fff6bb27000 	/System/Library/Frameworks/OpenGL.framework/Versions/A/Libraries/libGFXShared.dylib
0x00007fff6bd35000 	/System/Library/Frameworks/OpenGL.framework/Versions/A/Libraries/libGL.dylib
0x00007fff6bb30000 	/System/Library/Frameworks/OpenGL.framework/Versions/A/Libraries/libGLImage.dylib
0x00007fff6bb24000 	/System/Library/Frameworks/OpenGL.framework/Versions/A/Libraries/libCVMSPluginSupport.dylib
0x00007fff6bb0f000 	/System/Library/Frameworks/OpenGL.framework/Versions/A/Libraries/libCoreVMClient.dylib
0x00007fff6d17f000 	/System/Library/Frameworks/OpenCL.framework/Versions/A/OpenCL
0x00007fff2b4a5000 	/System/Library/PrivateFrameworks/GraphVisualizer.framework/Versions/A/GraphVisualizer
0x00007fff2b4b4000 	/System/Library/PrivateFrameworks/FaceCore.framework/Versions/A/FaceCore
0x00007fff2b8d0000 	/System/Library/PrivateFrameworks/OTSVG.framework/Versions/A/OTSVG
0x00007fff27171000 	/System/Library/Frameworks/ApplicationServices.framework/Versions/A/Frameworks/ATS.framework/Versions/A/Resources/libFontRegistry.dylib
0x00007fff2b91f000 	/System/Library/PrivateFrameworks/FontServices.framework/libhvf.dylib
0x00007fff2b2e3000 	/System/Library/PrivateFrameworks/AppleVA.framework/Versions/A/AppleVA
0x00007fff2d035000 	/System/Library/Frameworks/ApplicationServices.framework/Versions/A/Frameworks/ATS.framework/Versions/A/ATS
0x00007fff2d348000 	/System/Library/Frameworks/ApplicationServices.framework/Versions/A/Frameworks/ColorSyncLegacy.framework/Versions/A/ColorSyncLegacy
0x00007fff259af000 	/System/Library/Frameworks/ApplicationServices.framework/Versions/A/Frameworks/HIServices.framework/Versions/A/HIServices
0x00007fff2d32d000 	/System/Library/Frameworks/ApplicationServices.framework/Versions/A/Frameworks/LangAnalysis.framework/Versions/A/LangAnalysis
0x00007fff2bfe0000 	/System/Library/Frameworks/ApplicationServices.framework/Versions/A/Frameworks/PrintCore.framework/Versions/A/PrintCore
0x00007fff2d350000 	/System/Library/Frameworks/ApplicationServices.framework/Versions/A/Frameworks/QD.framework/Versions/A/QD
0x00007fff2d025000 	/System/Library/Frameworks/ApplicationServices.framework/Versions/A/Frameworks/SpeechSynthesis.framework/Versions/A/SpeechSynthesis
0x00007fff2bfa1000 	/System/Library/Frameworks/ApplicationServices.framework/Versions/A/Frameworks/ATSUI.framework/Versions/A/ATSUI
0x00007fff2d2cd000 	/usr/lib/libcups.2.dylib
0x00007fff2d33d000 	/System/Library/PrivateFrameworks/NetAuth.framework/Versions/A/NetAuth
0x00007fff2d9cc000 	/System/Library/Frameworks/Kerberos.framework/Versions/A/Kerberos
0x00007fff2d9dc000 	/System/Library/Frameworks/GSS.framework/Versions/A/GSS
0x00007fff2d0a2000 	/usr/lib/libresolv.9.dylib
0x00007fff2b935000 	/System/Library/PrivateFrameworks/Heimdal.framework/Versions/A/Heimdal
0x00007fff33693000 	/System/Library/Frameworks/Kerberos.framework/Versions/A/Libraries/libHeimdalProxy.dylib
0x00007fff2657d000 	/System/Library/Frameworks/Network.framework/Versions/A/Network
0x00007fff2b351000 	/usr/lib/libheimdal-asn1.dylib
0x00007fff2da2d000 	/System/Library/PrivateFrameworks/CommonAuth.framework/Versions/A/CommonAuth
0x00007fff275ca000 	/System/Library/PrivateFrameworks/login.framework/Versions/A/Frameworks/loginsupport.framework/Versions/A/loginsupport
0x00007fff2cfac000 	/System/Library/PrivateFrameworks/AudioSession.framework/Versions/A/AudioSession
0x00007fff2d012000 	/usr/lib/libAudioStatistics.dylib
0x00007fff2b3dd000 	/System/Library/PrivateFrameworks/MediaExperience.framework/Versions/A/MediaExperience
0x00007fff2ce45000 	/System/Library/PrivateFrameworks/AudioSession.framework/libSessionUtility.dylib
0x00007fff2d9bd000 	/usr/lib/libperfcheck.dylib
0x00007fff2d35c000 	/System/Library/PrivateFrameworks/AudioResourceArbitration.framework/Versions/A/AudioResourceArbitration
0x00007fff2b35b000 	/System/Library/PrivateFrameworks/IconFoundation.framework/Versions/A/IconFoundation
0x00007fff2fe60000 	/System/Library/PrivateFrameworks/SpeechRecognitionCore.framework/Versions/A/SpeechRecognitionCore
0x0000000105800000 	/Library/Java/JavaVirtualMachines/liberica-jdk-11.jdk/Contents/Home/lib/server/libjvm.dylib
0x00000001032be000 	/Library/Java/JavaVirtualMachines/liberica-jdk-11.jdk/Contents/Home/lib/libverify.dylib
0x00000001032cf000 	/Library/Java/JavaVirtualMachines/liberica-jdk-11.jdk/Contents/Home/lib/libjava.dylib
0x00000001032fb000 	/Library/Java/JavaVirtualMachines/liberica-jdk-11.jdk/Contents/Home/lib/libjimage.dylib
0x0000000103351000 	/Library/Java/JavaVirtualMachines/liberica-jdk-11.jdk/Contents/Home/lib/libzip.dylib
0x0000000103596000 	/Library/Java/JavaVirtualMachines/liberica-jdk-11.jdk/Contents/Home/lib/libnio.dylib
0x00000001035a9000 	/Library/Java/JavaVirtualMachines/liberica-jdk-11.jdk/Contents/Home/lib/libnet.dylib
0x00000001035c2000 	/Library/Java/javafx-sdk-17.0.7/lib/libprism_es2.dylib
0x00007fff22d69000 	/System/Library/PrivateFrameworks/CoreServicesInternal.framework/Versions/A/CoreServicesInternal
0x00007fff6bd40000 	/System/Library/Frameworks/OpenGL.framework/Versions/A/Resources/GLEngine.bundle/GLEngine
0x00007fff6bba1000 	/System/Library/Frameworks/OpenGL.framework/Versions/A/Libraries/libGLProgrammability.dylib
0x00007fff6375f000 	/System/Library/Extensions/AppleIntelBDWGraphicsGLDriver.bundle/Contents/MacOS/AppleIntelBDWGraphicsGLDriver
0x00007fff4656b000 	/System/Library/PrivateFrameworks/GPUSupport.framework/Versions/A/Libraries/libGPUSupportMercury.dylib
0x00007fff6bebe000 	/System/Library/Frameworks/OpenGL.framework/Versions/A/Resources/GLRendererFloat.bundle/GLRendererFloat
0x000000010d3d1000 	/Library/Java/javafx-sdk-17.0.7/lib/libglass.dylib
0x00007fff311e7000 	/System/Library/Frameworks/FileProvider.framework/Versions/A/FileProvider
0x00007fff2639b000 	/System/Library/Frameworks/Accounts.framework/Versions/A/Accounts
0x00007fff31337000 	/System/Library/PrivateFrameworks/GenerationalStorage.framework/Versions/A/GenerationalStorage
0x00007fff31cd1000 	/System/Library/PrivateFrameworks/CoreSymbolication.framework/Versions/A/CoreSymbolication
0x00007fff30c07000 	/System/Library/PrivateFrameworks/SymptomDiagnosticReporter.framework/Versions/A/SymptomDiagnosticReporter
0x00007fff23e9a000 	/System/Library/PrivateFrameworks/DesktopServicesPriv.framework/Versions/A/DesktopServicesPriv
0x00007fff22e9e000 	/usr/lib/libsandbox.1.dylib
0x00007fff275f5000 	/System/Library/PrivateFrameworks/UserManagement.framework/Versions/A/UserManagement
0x00007fff29ec4000 	/System/Library/PrivateFrameworks/MobileKeyBag.framework/Versions/A/MobileKeyBag
0x00007fff34716000 	/System/Library/PrivateFrameworks/ChunkingLibrary.framework/Versions/A/ChunkingLibrary
0x00007fff31c95000 	/System/Library/PrivateFrameworks/DebugSymbols.framework/Versions/A/DebugSymbols
0x00007fff2e3f0000 	/System/Library/PrivateFrameworks/Sharing.framework/Versions/A/Sharing
0x00007fff32c95000 	/System/Library/PrivateFrameworks/Apple80211.framework/Versions/A/Apple80211
0x00007fff2a571000 	/System/Library/PrivateFrameworks/AuthKit.framework/Versions/A/AuthKit
0x00007fff29cc2000 	/System/Library/PrivateFrameworks/CoreUtils.framework/Versions/A/CoreUtils
0x00007fff29bef000 	/System/Library/Frameworks/CoreWLAN.framework/Versions/A/CoreWLAN
0x00007fff2e53c000 	/System/Library/Frameworks/IOBluetooth.framework/Versions/A/IOBluetooth
0x00007fff32cf9000 	/System/Library/PrivateFrameworks/CoreWiFi.framework/Versions/A/CoreWiFi
0x00007fff2dab3000 	/System/Library/PrivateFrameworks/CorePhoneNumbers.framework/Versions/A/CorePhoneNumbers
0x00007fff30d0e000 	/System/Library/PrivateFrameworks/DiskManagement.framework/Versions/A/DiskManagement
0x00007fff30c24000 	/System/Library/PrivateFrameworks/AppleIDAuthSupport.framework/Versions/A/AppleIDAuthSupport
0x00007fff2da93000 	/System/Library/PrivateFrameworks/KeychainCircle.framework/Versions/A/KeychainCircle
0x00007fff30cda000 	/System/Library/PrivateFrameworks/MediaKit.framework/Versions/A/MediaKit
0x00007fff30c31000 	/System/Library/Frameworks/DiscRecording.framework/Versions/A/DiscRecording
0x00007fff2b257000 	/usr/lib/libCoreStorage.dylib
0x00007fff33134000 	/usr/lib/libcsfde.dylib
0x00007fff2e677000 	/System/Library/PrivateFrameworks/ProtectedCloudStorage.framework/Versions/A/ProtectedCloudStorage
0x00007fff3312c000 	/System/Library/PrivateFrameworks/EFILogin.framework/Versions/A/EFILogin
0x00007fff33746000 	/System/Library/Frameworks/AudioUnit.framework/Versions/A/AudioUnit
0x00007fff30ba1000 	/System/Library/Frameworks/CoreBluetooth.framework/Versions/A/CoreBluetooth
0x00007fff2b24f000 	/usr/lib/libMatch.1.dylib
0x00000001289a2000 	/usr/lib/libobjc-trampolines.dylib
0x00007fff41478000 	/System/Library/Frameworks/Accelerate.framework/Versions/A/Frameworks/vImage.framework/Versions/A/Libraries/libCGInterfaces.dylib
0x00007fff7776a000 	/usr/lib/libRosetta.dylib
0x00007fff272f4000 	/System/Library/PrivateFrameworks/ViewBridge.framework/Versions/A/ViewBridge
0x000000012b953000 	/Library/Java/javafx-sdk-17.0.7/lib/libjavafx_iio.dylib
0x000000012b9bc000 	/Library/Java/javafx-sdk-17.0.7/lib/libjavafx_font.dylib
0x00007fff2b9f6000 	/System/Library/PrivateFrameworks/login.framework/Versions/A/login
0x00007fff6f508000 	/System/Library/PrivateFrameworks/AccessibilityBundles.framework/Versions/A/AccessibilityBundles
0x0000000131392000 	/Library/Java/JavaVirtualMachines/liberica-jdk-11.jdk/Contents/Home/lib/libextnet.dylib


VM Arguments:
jvm_args: --module-path=/Library/Java/javafx-sdk-17.0.7/lib --add-modules=javafx.swing,javafx.graphics,javafx.fxml,javafx.media,javafx.controls -Dfile.encoding=UTF-8 
java_command: server.CEMSserverUI
java_class_path (initial): /Users/morshmuel/Documents/GitHub/CEMS/CEMS_Code/Server/bin:/Users/morshmuel/Documents/GitHub/CEMS/CEMS_Code/Shared/bin:/Library/Java/javafx-sdk-17.0.7/lib/javafx-swt.jar:/Library/Java/javafx-sdk-17.0.7/lib/javafx.base.jar:/Library/Java/javafx-sdk-17.0.7/lib/javafx.controls.jar:/Library/Java/javafx-sdk-17.0.7/lib/javafx.fxml.jar:/Library/Java/javafx-sdk-17.0.7/lib/javafx.graphics.jar:/Library/Java/javafx-sdk-17.0.7/lib/javafx.media.jar:/Library/Java/javafx-sdk-17.0.7/lib/javafx.swing.jar:/Library/Java/javafx-sdk-17.0.7/lib/javafx.web.jar:/Users/morshmuel/Documents/GitHub/CEMS/CEMS_Code/OCSF/bin:/Users/morshmuel/Documents/GitHub/CEMS/CEMS_Code/Server/lib/mysql-connector-java-8.0.13.jar
Launcher Type: SUN_STANDARD

[Global flags]
     intx CICompilerCount                          = 3                                         {product} {ergonomic}
     uint ConcGCThreads                            = 1                                         {product} {ergonomic}
     uint G1ConcRefinementThreads                  = 4                                         {product} {ergonomic}
   size_t G1HeapRegionSize                         = 1048576                                   {product} {ergonomic}
    uintx GCDrainStackTargetSize                   = 64                                        {product} {ergonomic}
   size_t InitialHeapSize                          = 134217728                                 {product} {ergonomic}
   size_t MarkStackSize                            = 4194304                                   {product} {ergonomic}
   size_t MaxHeapSize                              = 2147483648                                {product} {ergonomic}
   size_t MaxNewSize                               = 1287651328                                {product} {ergonomic}
   size_t MinHeapDeltaBytes                        = 1048576                                   {product} {ergonomic}
    uintx NonNMethodCodeHeapSize                   = 5830732                                {pd product} {ergonomic}
    uintx NonProfiledCodeHeapSize                  = 122913754                              {pd product} {ergonomic}
    uintx ProfiledCodeHeapSize                     = 122913754                              {pd product} {ergonomic}
    uintx ReservedCodeCacheSize                    = 251658240                              {pd product} {ergonomic}
     bool SegmentedCodeCache                       = true                                      {product} {ergonomic}
     bool UseCompressedClassPointers               = true                                 {lp64_product} {ergonomic}
     bool UseCompressedOops                        = true                                 {lp64_product} {ergonomic}
     bool UseG1GC                                  = true                                      {product} {ergonomic}

Logging:
Log output configuration:
 #0: stdout all=warning uptime,level,tags
 #1: stderr all=off uptime,level,tags

Environment Variables:
PATH=/usr/bin:/bin:/usr/sbin:/sbin
SHELL=/bin/zsh
TMPDIR=/var/folders/dk/654bzm912_l_xdjgh4gsflhh0000gn/T/

Signal Handlers:
SIGSEGV: [libjvm.dylib+0x7cd1d0], sa_mask[0]=11111111011111110111111111111111, sa_flags=SA_ONSTACK|SA_RESTART|SA_SIGINFO
SIGBUS: [libjvm.dylib+0x7cd1d0], sa_mask[0]=11111111011111110111111111111111, sa_flags=SA_RESTART|SA_SIGINFO
SIGFPE: [libjvm.dylib+0x7cd1d0], sa_mask[0]=11111111011111110111111111111111, sa_flags=SA_RESTART|SA_SIGINFO
SIGPIPE: [libjvm.dylib+0x63394a], sa_mask[0]=11111111011111110111111111111111, sa_flags=SA_RESTART|SA_SIGINFO
SIGXFSZ: [libjvm.dylib+0x63394a], sa_mask[0]=11111111011111110111111111111111, sa_flags=SA_RESTART|SA_SIGINFO
SIGILL: [libjvm.dylib+0x7cd1d0], sa_mask[0]=11111111011111110111111111111111, sa_flags=SA_RESTART|SA_SIGINFO
SIGUSR2: [libjvm.dylib+0x633f1e], sa_mask[0]=00100000000000000000000000000000, sa_flags=SA_RESTART|SA_SIGINFO
SIGHUP: [libjvm.dylib+0x632a77], sa_mask[0]=11111111011111110111111111111111, sa_flags=SA_RESTART|SA_SIGINFO
SIGINT: [libjvm.dylib+0x632a77], sa_mask[0]=11111111011111110111111111111111, sa_flags=SA_RESTART|SA_SIGINFO
SIGTERM: [libjvm.dylib+0x632a77], sa_mask[0]=11111111011111110111111111111111, sa_flags=SA_RESTART|SA_SIGINFO
SIGQUIT: [libjvm.dylib+0x632a77], sa_mask[0]=11111111011111110111111111111111, sa_flags=SA_RESTART|SA_SIGINFO


---------------  S Y S T E M  ---------------

OS:uname:Darwin 20.6.0 Darwin Kernel Version 20.6.0: Fri Dec 16 00:35:00 PST 2022; root:xnu-7195.141.49~1/RELEASE_X86_64 x86_64
OS uptime: 3 days 20:14 hours
rlimit (soft/hard): STACK 8192k/65532k , CORE 0k/infinity , NPROC 1392/2088 , NOFILE 10240/infinity , AS infinity/infinity , CPU infinity/infinity , DATA infinity/infinity , FSIZE infinity/infinity , MEMLOCK infinity/infinity , RSS infinity/infinity
load average:14.04 16.49 12.65

CPU:total 4 (initial active 4) (2 cores per cpu, 2 threads per core) family 6 model 61 stepping 4 microcode 0x2f, cmov, cx8, fxsr, mmx, sse, sse2, sse3, ssse3, sse4.1, sse4.2, popcnt, avx, avx2, aes, clmul, erms, 3dnowpref, lzcnt, ht, tsc, tscinvbit, bmi1, bmi2, adx, fma

Memory: 4k page, physical 8388608k(129504k free), swap 2097152k(1195520k free)

vm_info: OpenJDK 64-Bit Server VM (11.0.18+10-LTS) for bsd-amd64 JRE (11.0.18+10-LTS), built on Jan 12 2023 13:02:54 by "re" with clang 4.2.1 Compatible Apple LLVM 11.0.0 (clang-1100.0.33.17)

END.
