#
# A fatal error has been detected by the Java Runtime Environment:
#
#  SIGSEGV (0xb) at pc=0x000000010ee7ca9b, pid=33839, tid=82007
#
# JRE version: OpenJDK Runtime Environment (11.0.18+10) (build 11.0.18+10-LTS)
# Java VM: OpenJDK 64-Bit Server VM (11.0.18+10-LTS, mixed mode, tiered, compressed oops, g1 gc, bsd-amd64)
# Problematic frame:
# J 941 c1 java.lang.ClassLoader.checkCerts(Ljava/lang/String;Ljava/security/CodeSource;)V java.base@11.0.18 (195 bytes) @ 0x000000010ee7ca9b [0x000000010ee7c180+0x000000000000091b]
#
# No core dump will be written. Core dumps have been disabled. To enable core dumping, try "ulimit -c unlimited" before starting Java again
#
# If you would like to submit a bug report, please visit:
#   https://bell-sw.com/support
#

---------------  S U M M A R Y ------------

Command Line: --module-path=/Library/Java/javafx-sdk-17.0.7/lib --add-modules=javafx.swing,javafx.graphics,javafx.fxml,javafx.media,javafx.controls -Dfile.encoding=UTF-8 server.CEMSserverUI

Host: MacBookPro12,1 x86_64 2700 MHz, 4 cores, 8G, Darwin 20.6.0
Time: Tue Jun 13 13:30:04 2023 IDT elapsed time: 15.775414 seconds (0d 0h 0m 15s)

---------------  T H R E A D  ---------------

Current thread (0x00007ffa7eb4f800):  JavaThread "Thread-4" [_thread_in_Java, id=82007, stack(0x0000700002f28000,0x0000700003028000)]

Stack: [0x0000700002f28000,0x0000700003028000],  sp=0x0000700003026d50,  free space=1019k
Native frames: (J=compiled Java code, A=aot compiled Java code, j=interpreted, Vv=VM code, C=native code)
J 941 c1 java.lang.ClassLoader.checkCerts(Ljava/lang/String;Ljava/security/CodeSource;)V java.base@11.0.18 (195 bytes) @ 0x000000010ee7ca9b [0x000000010ee7c180+0x000000000000091b]
J 940 c1 java.lang.ClassLoader.preDefineClass(Ljava/lang/String;Ljava/security/ProtectionDomain;)Ljava/security/ProtectionDomain; java.base@11.0.18 (116 bytes) @ 0x000000010ee7ac6c [0x000000010ee79be0+0x000000000000108c]
J 1080 c1 java.lang.ClassLoader.defineClass(Ljava/lang/String;[BIILjava/security/ProtectionDomain;)Ljava/lang/Class; java.base@11.0.18 (43 bytes) @ 0x000000010eec144c [0x000000010eec13a0+0x00000000000000ac]
j  java.security.SecureClassLoader.defineClass(Ljava/lang/String;[BIILjava/security/CodeSource;)Ljava/lang/Class;+12 java.base@11.0.18
j  jdk.internal.loader.BuiltinClassLoader.defineClass(Ljava/lang/String;Ljdk/internal/loader/Resource;)Ljava/lang/Class;+117 java.base@11.0.18
j  jdk.internal.loader.BuiltinClassLoader.findClassOnClassPathOrNull(Ljava/lang/String;)Ljava/lang/Class;+37 java.base@11.0.18
J 902 c1 jdk.internal.loader.BuiltinClassLoader.loadClassOrNull(Ljava/lang/String;Z)Ljava/lang/Class; java.base@11.0.18 (143 bytes) @ 0x000000010ee6344c [0x000000010ee62300+0x000000000000114c]
J 909 c1 jdk.internal.loader.ClassLoaders$AppClassLoader.loadClass(Ljava/lang/String;Z)Ljava/lang/Class; java.base@11.0.18 (40 bytes) @ 0x000000010ee685ac [0x000000010ee67fe0+0x00000000000005cc]
J 907 c1 java.lang.ClassLoader.loadClass(Ljava/lang/String;)Ljava/lang/Class; java.base@11.0.18 (7 bytes) @ 0x000000010ee67644 [0x000000010ee67540+0x0000000000000104]
v  ~StubRoutines::call_stub
V  [libjvm.dylib+0x3bbe80]  JavaCalls::call_helper(JavaValue*, methodHandle const&, JavaCallArguments*, Thread*)+0x1fe
V  [libjvm.dylib+0x3bb301]  JavaCalls::call_virtual(JavaValue*, Klass*, Symbol*, Symbol*, JavaCallArguments*, Thread*)+0xe9
V  [libjvm.dylib+0x3bb449]  JavaCalls::call_virtual(JavaValue*, Handle, Klass*, Symbol*, Symbol*, Handle, Thread*)+0x6f
V  [libjvm.dylib+0x75c629]  SystemDictionary::load_instance_class(Symbol*, Handle, Thread*)+0x101
V  [libjvm.dylib+0x75b8f5]  SystemDictionary::resolve_instance_class_or_null(Symbol*, Handle, Handle, Thread*)+0x421
V  [libjvm.dylib+0x75b12f]  SystemDictionary::resolve_or_fail(Symbol*, Handle, Handle, bool, Thread*)+0x1b
V  [libjvm.dylib+0x26e218]  ConstantPool::klass_at_impl(constantPoolHandle const&, int, bool, Thread*)+0x10a
V  [libjvm.dylib+0x3a0d79]  ConstantPool::klass_at(int, Thread*)+0x4d
V  [libjvm.dylib+0x3b419b]  InterpreterRuntime::_new(JavaThread*, ConstantPool*, int)+0x29
j  server.CEMSserver.serverStarted()V+57
j  ocsf.server.AbstractServer.run()V+1
j  java.lang.Thread.run()V+11 java.base@11.0.18
v  ~StubRoutines::call_stub
V  [libjvm.dylib+0x3bbe80]  JavaCalls::call_helper(JavaValue*, methodHandle const&, JavaCallArguments*, Thread*)+0x1fe
V  [libjvm.dylib+0x3bb301]  JavaCalls::call_virtual(JavaValue*, Klass*, Symbol*, Symbol*, JavaCallArguments*, Thread*)+0xe9
V  [libjvm.dylib+0x3bb3bc]  JavaCalls::call_virtual(JavaValue*, Handle, Klass*, Symbol*, Symbol*, Thread*)+0x62
V  [libjvm.dylib+0x44637d]  thread_entry(JavaThread*, Thread*)+0x78
V  [libjvm.dylib+0x7839a4]  JavaThread::thread_main_inner()+0x82
V  [libjvm.dylib+0x7837ff]  JavaThread::run()+0x121
V  [libjvm.dylib+0x781724]  Thread::call_run()+0x68
V  [libjvm.dylib+0x63189b]  thread_native_entry(Thread*)+0x122
C  [libsystem_pthread.dylib+0x68fc]  _pthread_start+0xe0
C  [libsystem_pthread.dylib+0x2443]  thread_start+0xf


siginfo: si_signo: 11 (SIGSEGV), si_code: 1 (SEGV_MAPERR), si_addr: 0x0000000000000090

Register to memory mapping:

RAX=0x000000012a9e6598 is pointing into metadata
RBX=0x0 is NULL
RCX=0x0000000800019018 is a pointer to class: 
java.util.concurrent.ConcurrentHashMap {0x0000000800019018}
 - instance size:     8
 - klass size:        181
 - access:            public synchronized 
 - state:             fully_initialized
 - name:              'java/util/concurrent/ConcurrentHashMap'
 - super:             'java/util/AbstractMap'
 - sub:               
 - arrays:            NULL
 - methods:           Array<T>(0x000000012449d9d0)
 - method ordering:   Array<T>(0x000000012436a058)
 - default_methods:   Array<T>(0x0000000000000000)
 - local interfaces:  Array<T>(0x000000012449b568)
 - trans. interfaces: Array<T>(0x00000001244a5fd8)
 - constants:         constant pool [1210] {0x0000000124498c38} for 'java/util/concurrent/ConcurrentHashMap' cache=0x00000001244a62a8
 - class loader data:  loader data: 0x00007ffa7cd0fd40 of 'bootstrap'
 - host class:        NULL
 - source file:       'ConcurrentHashMap.java'
 - class annotations:       Array<T>(0x0000000000000000)
 - class type annotations:  Array<T>(0x0000000000000000)
 - field annotations:       Array<T>(0x0000000000000000)
 - field type annotations:  Array<T>(0x0000000000000000)
 - generic signature: '<K:Ljava/lang/Object;V:Ljava/lang/Object;>Ljava/util/AbstractMap<TK;TV;>;Ljava/util/concurrent/ConcurrentMap<TK;TV;>;Ljava/io/Serializable;'
 - inner classes:     Array<T>(0x00000001244a5d98)
 - nest members:     Array<T>(0x00000001244a5f68)
 - java mirror:       a 'java/lang/Class'{0x00000007854987e8} = 'java/util/concurrent/ConcurrentHashMap'
 - vtable length      67  (start addr: 0x00000008000191e8)
 - itable length      54 (start addr: 0x0000000800019400)
 - ---- static fields (17 words):
 - private static final 'serialVersionUID' 'J' @120 
 - private static final 'MAXIMUM_CAPACITY' 'I' @168 
 - private static final 'DEFAULT_CAPACITY' 'I' @172 
 - static final 'MAX_ARRAY_SIZE' 'I' @176 
 - private static final 'DEFAULT_CONCURRENCY_LEVEL' 'I' @180 
 - private static final 'LOAD_FACTOR' 'F' @184 
 - static final 'TREEIFY_THRESHOLD' 'I' @188 
 - static final 'UNTREEIFY_THRESHOLD' 'I' @192 
 - static final 'MIN_TREEIFY_CAPACITY' 'I' @196 
 - private static final 'MIN_TRANSFER_STRIDE' 'I' @200 
 - private static final 'RESIZE_STAMP_BITS' 'I' @204 
 - private static final 'MAX_RESIZERS' 'I' @208 
 - private static final 'RESIZE_STAMP_SHIFT' 'I' @212 
 - static final 'MOVED' 'I' @216 
 - static final 'TREEBIN' 'I' @220 
 - static final 'RESERVED' 'I' @224 
 - static final 'HASH_BITS' 'I' @228 
 - static final 'NCPU' 'I' @232 
 - private static final 'serialPersistentFields' '[Ljava/io/ObjectStreamField;' @112 
 - private static final 'U' 'Ljdk/internal/misc/Unsafe;' @116 
 - private static final 'SIZECTL' 'J' @128 
 - private static final 'TRANSFERINDEX' 'J' @136 
 - private static final 'BASECOUNT' 'J' @144 
 - private static final 'CELLSBUSY' 'J' @152 
 - private static final 'CELLVALUE' 'J' @160 
 - private static final 'ABASE' 'I' @236 
 - private static final 'ASHIFT' 'I' @240 
 - ---- non-static fields (13 words):
 - transient strict 'keySet' 'Ljava/util/Set;' @12 
 - transient strict 'values' 'Ljava/util/Collection;' @16 
 - private volatile transient 'sizeCtl' 'I' @20 
 - private volatile transient 'baseCount' 'J' @24 
 - private volatile transient 'transferIndex' 'I' @32 
 - private volatile transient 'cellsBusy' 'I' @36 
 - volatile transient strict 'table' '[Ljava/util/concurrent/ConcurrentHashMap$Node;' @40 
 - private volatile transient strict 'nextTable' '[Ljava/util/concurrent/ConcurrentHashMap$Node;' @44 
 - private volatile transient 'counterCells' '[Ljava/util/concurrent/ConcurrentHashMap$CounterCell;' @48 
 - private transient strict 'keySet' 'Ljava/util/concurrent/ConcurrentHashMap$KeySetView;' @52 
 - private transient strict 'values' 'Ljava/util/concurrent/ConcurrentHashMap$ValuesView;' @56 
 - private transient strict 'entrySet' 'Ljava/util/concurrent/ConcurrentHashMap$EntrySetView;' @60 
 - non-static oop maps: 12-16 40-60 
RDX=0x0000000000000088 is an unknown value
RSP=0x0000700003026d50 is pointing into the stack for thread: 0x00007ffa7eb4f800
RBP=0x00007000030270c8 is pointing into the stack for thread: 0x00007ffa7eb4f800
RSI=0x000000078591f350 is an oop: jdk.internal.loader.ClassLoaders$AppClassLoader 
{0x000000078591f350} - klass: 'jdk/internal/loader/ClassLoaders$AppClassLoader'
 - ---- fields (total size 15 words):
 - private final 'parent' 'Ljava/lang/ClassLoader;' @12  a 'java/lang/Object'[5] {0x0000000786482728} (f0c904e5)
 - private final 'name' 'Ljava/lang/String;' @16  "app"{0x0000000785988bd0} (f0b3117a)
 - private final 'unnamedModule' 'Ljava/lang/Module;' @20  a 'java/lang/Module'{0x0000000785988c00} (f0b31180)
 - private final 'nameAndId' 'Ljava/lang/String;' @24  "'app'"{0x0000000785988c38} (f0b31187)
 - private final strict 'parallelLockMap' 'Ljava/util/concurrent/ConcurrentHashMap;' @28  a 'java/util/concurrent/ConcurrentHashMap'{0x0000000785988c68} (f0b3118d)
 - private final strict 'package2certs' 'Ljava/util/Map;' @32  
[error occurred during error reporting (printing register info), id 0xb, SIGSEGV (0xb) at pc=0x0000000102d54819]

Registers:
RAX=0x000000012a9e6598, RBX=0x0000000000000000, RCX=0x0000000800019018, RDX=0x0000000000000088
RSP=0x0000700003026d50, RBP=0x00007000030270c8, RSI=0x000000078591f350, RDI=0x0000000000000657
R8 =0x0000000786483180, R9 =0x0000000000000003, R10=0x00000001037b4000, R11=0x0000000786484898
R12=0x0000000000000000, R13=0x00000007864848b0, R14=0x0000000786484898, R15=0x00007ffa7eb4f800
RIP=0x000000010ee7ca9b, EFLAGS=0x0000000000010206, ERR=0x0000000000000004
  TRAPNO=0x000000000000000e

Top of Stack: (sp=0x0000700003026d50)
0x0000700003026d50:   00007ffa80c7e778 00007000030274d8
0x0000700003026d60:   0000700003026d90 0000000102d93980
0x0000700003026d70:   00007ffa7eb4f800 00007ffa7eb4fb48
0x0000700003026d80:   0000700003026e58 0000000000000016
0x0000700003026d90:   0000700003026dd0 0000000103785f8d
0x0000700003026da0:   00007000030270c8 000000010edb69f4
0x0000700003026db0:   0000000000000000 00000001244f2fe8
0x0000700003026dc0:   0000000000000000 0000000786484748
0x0000700003026dd0:   00000007859d0370 000000010e779f21
0x0000700003026de0:   000000010e774267 0000000786483a28
0x0000700003026df0:   0000000786483168 00000007859d0370
0x0000700003026e00:   000000078591f350 0000000786484898
0x0000700003026e10:   00007000030270c8 000000010ee79634
0x0000700003026e20:   00000001244f2ff0 0000000786483168
0x0000700003026e30:   0000700003026e58 0000000786484870
0x0000700003026e40:   00000007854c4d88 0000000000000000
0x0000700003026e50:   00007000030270c8 000000010ee7ac6c
0x0000700003026e60:   0000000064871645 0000000000000000
0x0000700003026e70:   0000700003026e60 00000001244f2f38
0x0000700003026e80:   0000700003026ec8 00000001244f3440
0x0000700003026e90:   0000000000000000 00000007854976e8
0x0000700003026ea0:   00000001244f2f58 0000000000000000
0x0000700003026eb0:   0000700003026ec8 0000700003026f18
0x0000700003026ec0:   000000010e774267 0000000786483a28
0x0000700003026ed0:   0000700003026ed0 000000012494cfd7
0x0000700003026ee0:   0000700003026f28 000000012494d080
0x0000700003026ef0:   0000000000000000 000000078542c248
0x0000700003026f00:   00000007854c4c48 0000000786484880
0x0000700003026f10:   0000000786484870 0000000786483168
0x0000700003026f20:   000000078591f350 00000007859d0348
0x0000700003026f30:   0000000000000018 3cb6d13200000002
0x0000700003026f40:   0000700003026f30 00000007854c4d68 

Instructions: (pc=0x000000010ee7ca9b)
0x000000010ee7c99b:   00 00 49 81 b8 38 03 00 00 00 00 00 00 75 17 49
0x000000010ee7c9ab:   89 90 38 03 00 00 49 c7 80 40 03 00 00 01 00 00
0x000000010ee7c9bb:   00 e9 2c 00 00 00 49 81 b8 48 03 00 00 00 00 00
0x000000010ee7c9cb:   00 75 17 49 89 90 48 03 00 00 49 c7 80 50 03 00
0x000000010ee7c9db:   00 01 00 00 00 e9 08 00 00 00 49 83 80 28 03 00
0x000000010ee7c9eb:   00 01 48 8b 94 24 b8 00 00 00 48 8b f0 0f 1f 44
0x000000010ee7c9fb:   00 00 48 b8 30 8f cc 7c fa 7f 00 00 e8 20 ed 92
0x000000010ee7ca0b:   ff 48 8d 84 24 e8 00 00 00 48 8b 48 08 48 8b 11
0x000000010ee7ca1b:   48 83 e2 07 48 83 fa 05 0f 84 17 00 00 00 48 8b
0x000000010ee7ca2b:   10 48 85 d2 0f 84 0b 00 00 00 f0 48 0f b1 11 0f
0x000000010ee7ca3b:   85 e6 0a 00 00 48 ba 98 65 9e 2a 01 00 00 00 ff
0x000000010ee7ca4b:   82 60 03 00 00 48 8b bc 24 c8 00 00 00 48 ba 98
0x000000010ee7ca5b:   65 9e 2a 01 00 00 00 ff 82 78 03 00 00 e9 d2 02
0x000000010ee7ca6b:   00 00 8b 56 20 48 c1 e2 03 48 83 fa 00 75 17 49
0x000000010ee7ca7b:   b8 98 65 9e 2a 01 00 00 00 41 80 88 89 03 00 00
0x000000010ee7ca8b:   01 e9 d8 00 00 00 48 b9 18 90 01 00 08 00 00 00
0x000000010ee7ca9b:   8b 7a 08 49 bc 00 00 00 00 08 00 00 00 49 03 fc
0x000000010ee7caab:   4d 33 e4 48 3b cf 0f 85 96 00 00 00 49 b8 98 65
0x000000010ee7cabb:   9e 2a 01 00 00 00 8b 4a 08 49 bc 00 00 00 00 08
0x000000010ee7cacb:   00 00 00 49 03 cc 4d 33 e4 49 3b 88 a0 03 00 00
0x000000010ee7cadb:   75 0d 49 83 80 a8 03 00 00 01 e9 7f 00 00 00 49
0x000000010ee7caeb:   3b 88 b0 03 00 00 75 0d 49 83 80 b8 03 00 00 01
0x000000010ee7cafb:   e9 69 00 00 00 49 81 b8 a0 03 00 00 00 00 00 00
0x000000010ee7cb0b:   75 17 49 89 88 a0 03 00 00 49 c7 80 a8 03 00 00
0x000000010ee7cb1b:   01 00 00 00 e9 45 00 00 00 49 81 b8 b0 03 00 00
0x000000010ee7cb2b:   00 00 00 00 75 17 49 89 88 b0 03 00 00 49 c7 80
0x000000010ee7cb3b:   b8 03 00 00 01 00 00 00 e9 21 00 00 00 e9 1c 00
0x000000010ee7cb4b:   00 00 49 b8 98 65 9e 2a 01 00 00 00 49 83 a8 90
0x000000010ee7cb5b:   03 00 00 01 e9 d8 09 00 00 e9 00 00 00 00 48 8b
0x000000010ee7cb6b:   fa 48 83 fb 00 48 ba 98 65 9e 2a 01 00 00 00 48
0x000000010ee7cb7b:   b9 c8 03 00 00 00 00 00 00 0f 85 0a 00 00 00 48
0x000000010ee7cb8b:   b9 d8 03 00 00 00 00 00 00 4c 8b 04 0a 4d 8d 40 


Stack slot to memory mapping:
stack at sp + 0 slots: 0x00007ffa80c7e778 points into unknown readable memory: 0x0000000000000500 | 00 05 00 00 00 00 00 00
stack at sp + 1 slots: 0x00007000030274d8 is pointing into the stack for thread: 0x00007ffa7eb4f800
stack at sp + 2 slots: 0x0000700003026d90 is pointing into the stack for thread: 0x00007ffa7eb4f800
stack at sp + 3 slots: 0x0000000102d93980: jni_ExceptionOccurred+0x10f in /Library/Java/JavaVirtualMachines/liberica-jdk-11.jdk/Contents/Home/lib/server/libjvm.dylib at 0x0000000102998000
stack at sp + 4 slots: 0x00007ffa7eb4f800 is a thread
stack at sp + 5 slots: 0x00007ffa7eb4fb48 points into unknown readable memory: 0x000000010332ab98 | 98 ab 32 03 01 00 00 00
stack at sp + 6 slots: 0x0000700003026e58 is pointing into the stack for thread: 0x00007ffa7eb4f800
stack at sp + 7 slots: 0x0000000000000016 is an unknown value



---------------  P R O C E S S  ---------------

Threads class SMR info:
_java_thread_list=0x00007ffa8107bf10, length=17, elements={
0x00007ffa7d80a800, 0x00007ffa7d862800, 0x00007ffa7d008800, 0x00007ffa7d02f800,
0x00007ffa7d867000, 0x00007ffa7e85d000, 0x00007ffa7e85a800, 0x00007ffa7e85b800,
0x00007ffa7e09b800, 0x00007ffa7e18e800, 0x00007ffa7e89f000, 0x00007ffa7d205800,
0x00007ffa7d26d800, 0x00007ffa7d485000, 0x00007ffa7e90a000, 0x00007ffa7eb26800,
0x00007ffa7eb4f800
}

Java Threads: ( => current thread )
  0x00007ffa7d80a800 JavaThread "main" [_thread_blocked, id=10499, stack(0x000070000175d000,0x000070000185d000)]
  0x00007ffa7d862800 JavaThread "Reference Handler" daemon [_thread_blocked, id=14851, stack(0x0000700001e72000,0x0000700001f72000)]
  0x00007ffa7d008800 JavaThread "Finalizer" daemon [_thread_blocked, id=19203, stack(0x0000700001f75000,0x0000700002075000)]
  0x00007ffa7d02f800 JavaThread "Signal Dispatcher" daemon [_thread_blocked, id=17667, stack(0x000070000217e000,0x000070000227e000)]
  0x00007ffa7d867000 JavaThread "Service Thread" daemon [_thread_blocked, id=43267, stack(0x0000700002281000,0x0000700002381000)]
  0x00007ffa7e85d000 JavaThread "C2 CompilerThread0" daemon [_thread_blocked, id=42755, stack(0x0000700002384000,0x0000700002484000)]
  0x00007ffa7e85a800 JavaThread "C1 CompilerThread0" daemon [_thread_blocked, id=22787, stack(0x0000700002487000,0x0000700002587000)]
  0x00007ffa7e85b800 JavaThread "Sweeper thread" daemon [_thread_blocked, id=23299, stack(0x000070000258a000,0x000070000268a000)]
  0x00007ffa7e09b800 JavaThread "Common-Cleaner" daemon [_thread_blocked, id=41731, stack(0x000070000268d000,0x000070000278d000)]
  0x00007ffa7e18e800 JavaThread "QuantumRenderer-0" daemon [_thread_blocked, id=24323, stack(0x0000700002893000,0x0000700002993000)]
  0x00007ffa7e89f000 JavaThread "InvokeLaterDispatcher" daemon [_thread_blocked, id=27655, stack(0x0000700002996000,0x0000700002a96000)]
  0x00007ffa7d205800 JavaThread "JavaFX Application Thread" [_thread_in_native, id=259, stack(0x00007ffeeca9d000,0x00007ffeed29d000)]
  0x00007ffa7d26d800 JavaThread "JavaFX-Launcher" [_thread_blocked, id=82447, stack(0x0000700003134000,0x0000700003234000)]
  0x00007ffa7d485000 JavaThread "PulseTimer-CVDisplayLink thread" daemon [_thread_in_native, id=80683, stack(0x0000700002da2000,0x0000700002e22000)]
  0x00007ffa7e90a000 JavaThread "Prism Font Disposer" daemon [_thread_blocked, id=58399, stack(0x0000700003237000,0x0000700003337000)]
  0x00007ffa7eb26800 JavaThread "Cleaner-0" daemon [_thread_blocked, id=70159, stack(0x000070000333a000,0x000070000343a000)]
=>0x00007ffa7eb4f800 JavaThread "Thread-4" [_thread_in_Java, id=82007, stack(0x0000700002f28000,0x0000700003028000)]

Other Threads:
  0x00007ffa7e029800 VMThread "VM Thread" [stack: 0x0000700001d6f000,0x0000700001e6f000] [id=19971]
  0x00007ffa7e85f800 WatcherThread [stack: 0x0000700002790000,0x0000700002890000] [id=41475]
  0x00007ffa7e80a800 GCTaskThread "GC Thread#0" [stack: 0x0000700001860000,0x0000700001960000] [id=12035]
  0x00007ffa7d208800 GCTaskThread "GC Thread#1" [stack: 0x0000700002a99000,0x0000700002b99000] [id=28163]
  0x00007ffa7d209000 GCTaskThread "GC Thread#2" [stack: 0x0000700002b9c000,0x0000700002c9c000] [id=28675]
  0x00007ffa7d20a000 GCTaskThread "GC Thread#3" [stack: 0x0000700002c9f000,0x0000700002d9f000] [id=36611]
  0x00007ffa7e831000 ConcurrentGCThread "G1 Main Marker" [stack: 0x0000700001963000,0x0000700001a63000] [id=12291]
  0x00007ffa7e831800 ConcurrentGCThread "G1 Conc#0" [stack: 0x0000700001a66000,0x0000700001b66000] [id=12803]
  0x00007ffa7d853000 ConcurrentGCThread "G1 Refine#0" [stack: 0x0000700001b69000,0x0000700001c69000] [id=13315]
  0x00007ffa7d853800 ConcurrentGCThread "G1 Young RemSet Sampling" [stack: 0x0000700001c6c000,0x0000700001d6c000] [id=13827]

Threads with active compile tasks:

VM state:not at safepoint (normal execution)

VM Mutex/Monitor currently owned by a thread: None

OutOfMemory and StackOverflow Exception counts:
StackOverflowErrors=2
LinkageErrors=40

Heap address: 0x0000000780000000, size: 2048 MB, Compressed Oops mode: Zero based, Oop shift amount: 3
Narrow klass base: 0x0000000800000000, Narrow klass shift: 0
Compressed class space size: 1073741824 Address: 0x0000000800000000

Heap:
 garbage-first heap   total 131072K, used 59282K [0x0000000780000000, 0x0000000800000000)
  region size 1024K, 35 young (35840K), 7 survivors (7168K)
 Metaspace       used 27717K, capacity 28973K, committed 29312K, reserved 1075200K
  class space    used 3591K, capacity 4113K, committed 4224K, reserved 1048576K
Heap Regions: E=young(eden), S=young(survivor), O=old, HS=humongous(starts), HC=humongous(continues), CS=collection set, F=free, A=archive, TAMS=top-at-mark-start (previous, next)
|   0|0x0000000780000000, 0x0000000780100000, 0x0000000780100000|100%|HS|  |TAMS 0x0000000780100000, 0x0000000780000000| Complete 
|   1|0x0000000780100000, 0x0000000780200000, 0x0000000780200000|100%|HS|  |TAMS 0x0000000780200000, 0x0000000780100000| Complete 
|   2|0x0000000780200000, 0x0000000780300000, 0x0000000780300000|100%|HC|  |TAMS 0x0000000780300000, 0x0000000780200000| Complete 
|   3|0x0000000780300000, 0x0000000780400000, 0x0000000780400000|100%|HS|  |TAMS 0x0000000780400000, 0x0000000780300000| Complete 
|   4|0x0000000780400000, 0x0000000780500000, 0x0000000780500000|100%|HC|  |TAMS 0x0000000780500000, 0x0000000780400000| Complete 
|   5|0x0000000780500000, 0x0000000780600000, 0x0000000780600000|100%|HC|  |TAMS 0x0000000780600000, 0x0000000780500000| Complete 
|   6|0x0000000780600000, 0x0000000780700000, 0x0000000780700000|100%|HC|  |TAMS 0x0000000780700000, 0x0000000780600000| Complete 
|   7|0x0000000780700000, 0x0000000780800000, 0x0000000780800000|100%|HC|  |TAMS 0x0000000780800000, 0x0000000780700000| Complete 
|   8|0x0000000780800000, 0x0000000780900000, 0x0000000780900000|100%|HC|  |TAMS 0x0000000780900000, 0x0000000780800000| Complete 
|   9|0x0000000780900000, 0x0000000780a00000, 0x0000000780a00000|100%|HC|  |TAMS 0x0000000780a00000, 0x0000000780900000| Complete 
|  10|0x0000000780a00000, 0x0000000780b00000, 0x0000000780b00000|100%|HC|  |TAMS 0x0000000780b00000, 0x0000000780a00000| Complete 
|  11|0x0000000780b00000, 0x0000000780c00000, 0x0000000780c00000|100%|HC|  |TAMS 0x0000000780c00000, 0x0000000780b00000| Complete 
|  12|0x0000000780c00000, 0x0000000780d00000, 0x0000000780d00000|100%|HC|  |TAMS 0x0000000780d00000, 0x0000000780c00000| Complete 
|  13|0x0000000780d00000, 0x0000000780e00000, 0x0000000780e00000|100%|HC|  |TAMS 0x0000000780e00000, 0x0000000780d00000| Complete 
|  14|0x0000000780e00000, 0x0000000780f00000, 0x0000000780f00000|100%|HC|  |TAMS 0x0000000780f00000, 0x0000000780e00000| Complete 
|  15|0x0000000780f00000, 0x0000000781000000, 0x0000000781000000|100%|HC|  |TAMS 0x0000000781000000, 0x0000000780f00000| Complete 
|  16|0x0000000781000000, 0x0000000781100000, 0x0000000781100000|100%|HC|  |TAMS 0x0000000781100000, 0x0000000781000000| Complete 
|  17|0x0000000781100000, 0x0000000781200000, 0x0000000781200000|100%|HC|  |TAMS 0x0000000781200000, 0x0000000781100000| Complete 
|  18|0x0000000781200000, 0x0000000781300000, 0x0000000781300000|100%|HS|  |TAMS 0x0000000781300000, 0x0000000781200000| Complete 
|  19|0x0000000781300000, 0x0000000781400000, 0x0000000781400000|100%|HC|  |TAMS 0x0000000781400000, 0x0000000781300000| Complete 
|  20|0x0000000781400000, 0x0000000781500000, 0x0000000781500000|100%|HS|  |TAMS 0x0000000781500000, 0x0000000781400000| Complete 
|  21|0x0000000781500000, 0x0000000781600000, 0x0000000781600000|100%|HC|  |TAMS 0x0000000781600000, 0x0000000781500000| Complete 
|  22|0x0000000781600000, 0x0000000781700000, 0x0000000781700000|100%|HS|  |TAMS 0x0000000781600000, 0x0000000781600000| Complete 
|  23|0x0000000781700000, 0x0000000781800000, 0x0000000781800000|100%|HC|  |TAMS 0x0000000781700000, 0x0000000781700000| Complete 
|  24|0x0000000781800000, 0x0000000781800000, 0x0000000781900000|  0%| F|  |TAMS 0x0000000781800000, 0x0000000781800000| Untracked 
|  25|0x0000000781900000, 0x0000000781900000, 0x0000000781a00000|  0%| F|  |TAMS 0x0000000781900000, 0x0000000781900000| Untracked 
|  26|0x0000000781a00000, 0x0000000781a00000, 0x0000000781b00000|  0%| F|  |TAMS 0x0000000781a00000, 0x0000000781a00000| Untracked 
|  27|0x0000000781b00000, 0x0000000781b00000, 0x0000000781c00000|  0%| F|  |TAMS 0x0000000781b00000, 0x0000000781b00000| Untracked 
|  28|0x0000000781c00000, 0x0000000781c00000, 0x0000000781d00000|  0%| F|  |TAMS 0x0000000781c00000, 0x0000000781c00000| Untracked 
|  29|0x0000000781d00000, 0x0000000781d00000, 0x0000000781e00000|  0%| F|  |TAMS 0x0000000781d00000, 0x0000000781d00000| Untracked 
|  30|0x0000000781e00000, 0x0000000781e00000, 0x0000000781f00000|  0%| F|  |TAMS 0x0000000781e00000, 0x0000000781e00000| Untracked 
|  31|0x0000000781f00000, 0x0000000781f00000, 0x0000000782000000|  0%| F|  |TAMS 0x0000000781f00000, 0x0000000781f00000| Untracked 
|  32|0x0000000782000000, 0x0000000782000000, 0x0000000782100000|  0%| F|  |TAMS 0x0000000782000000, 0x0000000782000000| Untracked 
|  33|0x0000000782100000, 0x0000000782100000, 0x0000000782200000|  0%| F|  |TAMS 0x0000000782100000, 0x0000000782100000| Untracked 
|  34|0x0000000782200000, 0x0000000782200000, 0x0000000782300000|  0%| F|  |TAMS 0x0000000782200000, 0x0000000782200000| Untracked 
|  35|0x0000000782300000, 0x0000000782300000, 0x0000000782400000|  0%| F|  |TAMS 0x0000000782300000, 0x0000000782300000| Untracked 
|  36|0x0000000782400000, 0x0000000782400000, 0x0000000782500000|  0%| F|  |TAMS 0x0000000782400000, 0x0000000782400000| Untracked 
|  37|0x0000000782500000, 0x0000000782500000, 0x0000000782600000|  0%| F|  |TAMS 0x0000000782500000, 0x0000000782500000| Untracked 
|  38|0x0000000782600000, 0x0000000782600000, 0x0000000782700000|  0%| F|  |TAMS 0x0000000782600000, 0x0000000782600000| Untracked 
|  39|0x0000000782700000, 0x0000000782700000, 0x0000000782800000|  0%| F|  |TAMS 0x0000000782700000, 0x0000000782700000| Untracked 
|  40|0x0000000782800000, 0x0000000782800000, 0x0000000782900000|  0%| F|  |TAMS 0x0000000782800000, 0x0000000782800000| Untracked 
|  41|0x0000000782900000, 0x0000000782900000, 0x0000000782a00000|  0%| F|  |TAMS 0x0000000782900000, 0x0000000782900000| Untracked 
|  42|0x0000000782a00000, 0x0000000782a00000, 0x0000000782b00000|  0%| F|  |TAMS 0x0000000782a00000, 0x0000000782a00000| Untracked 
|  43|0x0000000782b00000, 0x0000000782b00000, 0x0000000782c00000|  0%| F|  |TAMS 0x0000000782b00000, 0x0000000782b00000| Untracked 
|  44|0x0000000782c00000, 0x0000000782c00000, 0x0000000782d00000|  0%| F|  |TAMS 0x0000000782c00000, 0x0000000782c00000| Untracked 
|  45|0x0000000782d00000, 0x0000000782d00000, 0x0000000782e00000|  0%| F|  |TAMS 0x0000000782d00000, 0x0000000782d00000| Untracked 
|  46|0x0000000782e00000, 0x0000000782e00000, 0x0000000782f00000|  0%| F|  |TAMS 0x0000000782e00000, 0x0000000782e00000| Untracked 
|  47|0x0000000782f00000, 0x0000000782f00000, 0x0000000783000000|  0%| F|  |TAMS 0x0000000782f00000, 0x0000000782f00000| Untracked 
|  48|0x0000000783000000, 0x0000000783000000, 0x0000000783100000|  0%| F|  |TAMS 0x0000000783000000, 0x0000000783000000| Untracked 
|  49|0x0000000783100000, 0x0000000783100000, 0x0000000783200000|  0%| F|  |TAMS 0x0000000783100000, 0x0000000783100000| Untracked 
|  50|0x0000000783200000, 0x0000000783200000, 0x0000000783300000|  0%| F|  |TAMS 0x0000000783200000, 0x0000000783200000| Untracked 
|  51|0x0000000783300000, 0x0000000783300000, 0x0000000783400000|  0%| F|  |TAMS 0x0000000783300000, 0x0000000783300000| Untracked 
|  52|0x0000000783400000, 0x0000000783400000, 0x0000000783500000|  0%| F|  |TAMS 0x0000000783400000, 0x0000000783400000| Untracked 
|  53|0x0000000783500000, 0x0000000783500000, 0x0000000783600000|  0%| F|  |TAMS 0x0000000783500000, 0x0000000783500000| Untracked 
|  54|0x0000000783600000, 0x0000000783600000, 0x0000000783700000|  0%| F|  |TAMS 0x0000000783600000, 0x0000000783600000| Untracked 
|  55|0x0000000783700000, 0x0000000783700000, 0x0000000783800000|  0%| F|  |TAMS 0x0000000783700000, 0x0000000783700000| Untracked 
|  56|0x0000000783800000, 0x0000000783800000, 0x0000000783900000|  0%| F|  |TAMS 0x0000000783800000, 0x0000000783800000| Untracked 
|  57|0x0000000783900000, 0x0000000783900000, 0x0000000783a00000|  0%| F|  |TAMS 0x0000000783900000, 0x0000000783900000| Untracked 
|  58|0x0000000783a00000, 0x0000000783a00000, 0x0000000783b00000|  0%| F|  |TAMS 0x0000000783a00000, 0x0000000783a00000| Untracked 
|  59|0x0000000783b00000, 0x0000000783b00000, 0x0000000783c00000|  0%| F|  |TAMS 0x0000000783b00000, 0x0000000783b00000| Untracked 
|  60|0x0000000783c00000, 0x0000000783c00000, 0x0000000783d00000|  0%| F|  |TAMS 0x0000000783c00000, 0x0000000783c00000| Untracked 
|  61|0x0000000783d00000, 0x0000000783d00000, 0x0000000783e00000|  0%| F|  |TAMS 0x0000000783d00000, 0x0000000783d00000| Untracked 
|  62|0x0000000783e00000, 0x0000000783e00000, 0x0000000783f00000|  0%| F|  |TAMS 0x0000000783e00000, 0x0000000783e00000| Untracked 
|  63|0x0000000783f00000, 0x0000000783f00000, 0x0000000784000000|  0%| F|  |TAMS 0x0000000783f00000, 0x0000000783f00000| Untracked 
|  64|0x0000000784000000, 0x0000000784000000, 0x0000000784100000|  0%| F|  |TAMS 0x0000000784000000, 0x0000000784000000| Untracked 
|  65|0x0000000784100000, 0x0000000784100000, 0x0000000784200000|  0%| F|  |TAMS 0x0000000784100000, 0x0000000784100000| Untracked 
|  66|0x0000000784200000, 0x0000000784200000, 0x0000000784300000|  0%| F|  |TAMS 0x0000000784200000, 0x0000000784200000| Untracked 
|  67|0x0000000784300000, 0x0000000784300000, 0x0000000784400000|  0%| F|  |TAMS 0x0000000784300000, 0x0000000784300000| Untracked 
|  68|0x0000000784400000, 0x0000000784400000, 0x0000000784500000|  0%| F|  |TAMS 0x0000000784400000, 0x0000000784400000| Untracked 
|  69|0x0000000784500000, 0x0000000784500000, 0x0000000784600000|  0%| F|  |TAMS 0x0000000784500000, 0x0000000784500000| Untracked 
|  70|0x0000000784600000, 0x0000000784600000, 0x0000000784700000|  0%| F|  |TAMS 0x0000000784600000, 0x0000000784600000| Untracked 
|  71|0x0000000784700000, 0x0000000784700000, 0x0000000784800000|  0%| F|  |TAMS 0x0000000784700000, 0x0000000784700000| Untracked 
|  72|0x0000000784800000, 0x0000000784800000, 0x0000000784900000|  0%| F|  |TAMS 0x0000000784800000, 0x0000000784800000| Untracked 
|  73|0x0000000784900000, 0x0000000784900000, 0x0000000784a00000|  0%| F|  |TAMS 0x0000000784900000, 0x0000000784900000| Untracked 
|  74|0x0000000784a00000, 0x0000000784a00000, 0x0000000784b00000|  0%| F|  |TAMS 0x0000000784a00000, 0x0000000784a00000| Untracked 
|  75|0x0000000784b00000, 0x0000000784b00000, 0x0000000784c00000|  0%| F|  |TAMS 0x0000000784b00000, 0x0000000784b00000| Untracked 
|  76|0x0000000784c00000, 0x0000000784c00000, 0x0000000784d00000|  0%| F|  |TAMS 0x0000000784c00000, 0x0000000784c00000| Untracked 
|  77|0x0000000784d00000, 0x0000000784d00000, 0x0000000784e00000|  0%| F|  |TAMS 0x0000000784d00000, 0x0000000784d00000| Untracked 
|  78|0x0000000784e00000, 0x0000000784e00000, 0x0000000784f00000|  0%| F|  |TAMS 0x0000000784e00000, 0x0000000784e00000| Untracked 
|  79|0x0000000784f00000, 0x0000000784f00000, 0x0000000785000000|  0%| F|  |TAMS 0x0000000784f00000, 0x0000000784f00000| Untracked 
|  80|0x0000000785000000, 0x0000000785000000, 0x0000000785100000|  0%| F|  |TAMS 0x0000000785000000, 0x0000000785000000| Untracked 
|  81|0x0000000785100000, 0x0000000785100000, 0x0000000785200000|  0%| F|  |TAMS 0x0000000785100000, 0x0000000785100000| Untracked 
|  82|0x0000000785200000, 0x0000000785200000, 0x0000000785300000|  0%| F|  |TAMS 0x0000000785200000, 0x0000000785200000| Untracked 
|  83|0x0000000785300000, 0x00000007853e49a8, 0x0000000785400000| 89%| S|CS|TAMS 0x0000000785300000, 0x0000000785300000| Complete 
|  84|0x0000000785400000, 0x0000000785500000, 0x0000000785500000|100%| S|CS|TAMS 0x0000000785400000, 0x0000000785400000| Complete 
|  85|0x0000000785500000, 0x0000000785600000, 0x0000000785600000|100%| S|CS|TAMS 0x0000000785500000, 0x0000000785500000| Complete 
|  86|0x0000000785600000, 0x0000000785700000, 0x0000000785700000|100%| S|CS|TAMS 0x0000000785600000, 0x0000000785600000| Complete 
|  87|0x0000000785700000, 0x0000000785800000, 0x0000000785800000|100%| S|CS|TAMS 0x0000000785700000, 0x0000000785700000| Complete 
|  88|0x0000000785800000, 0x0000000785900000, 0x0000000785900000|100%| S|CS|TAMS 0x0000000785800000, 0x0000000785800000| Complete 
|  89|0x0000000785900000, 0x0000000785a00000, 0x0000000785a00000|100%| S|CS|TAMS 0x0000000785900000, 0x0000000785900000| Complete 
|  90|0x0000000785a00000, 0x0000000785a00000, 0x0000000785b00000|  0%| F|  |TAMS 0x0000000785a00000, 0x0000000785a00000| Untracked 
|  91|0x0000000785b00000, 0x0000000785b00000, 0x0000000785c00000|  0%| F|  |TAMS 0x0000000785b00000, 0x0000000785b00000| Untracked 
|  92|0x0000000785c00000, 0x0000000785c00000, 0x0000000785d00000|  0%| F|  |TAMS 0x0000000785c00000, 0x0000000785c00000| Untracked 
|  93|0x0000000785d00000, 0x0000000785d00000, 0x0000000785e00000|  0%| F|  |TAMS 0x0000000785d00000, 0x0000000785d00000| Untracked 
|  94|0x0000000785e00000, 0x0000000785e00000, 0x0000000785f00000|  0%| F|  |TAMS 0x0000000785e00000, 0x0000000785e00000| Untracked 
|  95|0x0000000785f00000, 0x0000000785f00000, 0x0000000786000000|  0%| F|  |TAMS 0x0000000785f00000, 0x0000000785f00000| Untracked 
|  96|0x0000000786000000, 0x0000000786000000, 0x0000000786100000|  0%| F|  |TAMS 0x0000000786000000, 0x0000000786000000| Untracked 
|  97|0x0000000786100000, 0x0000000786100000, 0x0000000786200000|  0%| F|  |TAMS 0x0000000786100000, 0x0000000786100000| Untracked 
|  98|0x0000000786200000, 0x0000000786200000, 0x0000000786300000|  0%| F|  |TAMS 0x0000000786200000, 0x0000000786200000| Untracked 
|  99|0x0000000786300000, 0x0000000786300000, 0x0000000786400000|  0%| F|  |TAMS 0x0000000786300000, 0x0000000786300000| Untracked 
| 100|0x0000000786400000, 0x00000007864a9f20, 0x0000000786500000| 66%| E|  |TAMS 0x0000000786400000, 0x0000000786400000| Complete 
| 101|0x0000000786500000, 0x0000000786600000, 0x0000000786600000|100%| E|CS|TAMS 0x0000000786500000, 0x0000000786500000| Complete 
| 102|0x0000000786600000, 0x0000000786700000, 0x0000000786700000|100%| E|CS|TAMS 0x0000000786600000, 0x0000000786600000| Complete 
| 103|0x0000000786700000, 0x0000000786800000, 0x0000000786800000|100%| E|CS|TAMS 0x0000000786700000, 0x0000000786700000| Complete 
| 104|0x0000000786800000, 0x0000000786900000, 0x0000000786900000|100%| E|CS|TAMS 0x0000000786800000, 0x0000000786800000| Complete 
| 105|0x0000000786900000, 0x0000000786a00000, 0x0000000786a00000|100%| E|CS|TAMS 0x0000000786900000, 0x0000000786900000| Complete 
| 106|0x0000000786a00000, 0x0000000786b00000, 0x0000000786b00000|100%| E|CS|TAMS 0x0000000786a00000, 0x0000000786a00000| Complete 
| 107|0x0000000786b00000, 0x0000000786c00000, 0x0000000786c00000|100%| E|CS|TAMS 0x0000000786b00000, 0x0000000786b00000| Complete 
| 108|0x0000000786c00000, 0x0000000786d00000, 0x0000000786d00000|100%| E|CS|TAMS 0x0000000786c00000, 0x0000000786c00000| Complete 
| 109|0x0000000786d00000, 0x0000000786e00000, 0x0000000786e00000|100%| E|CS|TAMS 0x0000000786d00000, 0x0000000786d00000| Complete 
| 110|0x0000000786e00000, 0x0000000786f00000, 0x0000000786f00000|100%| E|CS|TAMS 0x0000000786e00000, 0x0000000786e00000| Complete 
| 111|0x0000000786f00000, 0x0000000787000000, 0x0000000787000000|100%| E|CS|TAMS 0x0000000786f00000, 0x0000000786f00000| Complete 
| 112|0x0000000787000000, 0x0000000787100000, 0x0000000787100000|100%| E|CS|TAMS 0x0000000787000000, 0x0000000787000000| Complete 
| 113|0x0000000787100000, 0x0000000787200000, 0x0000000787200000|100%| E|CS|TAMS 0x0000000787100000, 0x0000000787100000| Complete 
| 114|0x0000000787200000, 0x0000000787300000, 0x0000000787300000|100%| E|CS|TAMS 0x0000000787200000, 0x0000000787200000| Complete 
| 115|0x0000000787300000, 0x0000000787400000, 0x0000000787400000|100%| E|CS|TAMS 0x0000000787300000, 0x0000000787300000| Complete 
| 116|0x0000000787400000, 0x0000000787500000, 0x0000000787500000|100%| E|CS|TAMS 0x0000000787400000, 0x0000000787400000| Complete 
| 117|0x0000000787500000, 0x0000000787600000, 0x0000000787600000|100%| E|CS|TAMS 0x0000000787500000, 0x0000000787500000| Complete 
| 118|0x0000000787600000, 0x0000000787700000, 0x0000000787700000|100%| E|CS|TAMS 0x0000000787600000, 0x0000000787600000| Complete 
| 119|0x0000000787700000, 0x0000000787800000, 0x0000000787800000|100%| E|CS|TAMS 0x0000000787700000, 0x0000000787700000| Complete 
| 120|0x0000000787800000, 0x0000000787900000, 0x0000000787900000|100%| E|CS|TAMS 0x0000000787800000, 0x0000000787800000| Complete 
| 121|0x0000000787900000, 0x0000000787a00000, 0x0000000787a00000|100%| E|CS|TAMS 0x0000000787900000, 0x0000000787900000| Complete 
| 122|0x0000000787a00000, 0x0000000787b00000, 0x0000000787b00000|100%| E|CS|TAMS 0x0000000787a00000, 0x0000000787a00000| Complete 
| 123|0x0000000787b00000, 0x0000000787c00000, 0x0000000787c00000|100%| E|CS|TAMS 0x0000000787b00000, 0x0000000787b00000| Complete 
| 124|0x0000000787c00000, 0x0000000787d00000, 0x0000000787d00000|100%| E|CS|TAMS 0x0000000787c00000, 0x0000000787c00000| Complete 
| 125|0x0000000787d00000, 0x0000000787e00000, 0x0000000787e00000|100%| E|CS|TAMS 0x0000000787d00000, 0x0000000787d00000| Complete 
| 126|0x0000000787e00000, 0x0000000787f00000, 0x0000000787f00000|100%| E|CS|TAMS 0x0000000787e00000, 0x0000000787e00000| Complete 
| 127|0x0000000787f00000, 0x0000000788000000, 0x0000000788000000|100%| E|CS|TAMS 0x0000000787f00000, 0x0000000787f00000| Complete 

Card table byte_map: [0x000000011db6a000,0x000000011df6a000] _byte_map_base: 0x0000000119f6a000

Marking Bits (Prev, Next): (CMBitMap*) 0x00007ffa7e828450, (CMBitMap*) 0x00007ffa7e828418
 Prev Bits: [0x000000012036a000, 0x000000012236a000)
 Next Bits: [0x000000011e36a000, 0x000000012036a000)

Polling page: 0x00000001037b3000

Metaspace:

Usage:
  Non-class:     24.28 MB capacity,    23.56 MB ( 97%) used,   592.71 KB (  2%) free+waste,   141.50 KB ( <1%) overhead. 
      Class:      4.02 MB capacity,     3.51 MB ( 87%) used,   447.95 KB ( 11%) free+waste,    73.50 KB (  2%) overhead. 
       Both:     28.29 MB capacity,    27.07 MB ( 96%) used,     1.02 MB (  4%) free+waste,   215.00 KB ( <1%) overhead. 

Virtual space:
  Non-class space:       26.00 MB reserved,      24.50 MB ( 94%) committed 
      Class space:        1.00 GB reserved,       4.12 MB ( <1%) committed 
             Both:        1.03 GB reserved,      28.62 MB (  3%) committed 

Chunk freelists:
   Non-Class:  88.00 KB
       Class:  15.00 KB
        Both:  103.00 KB

MaxMetaspaceSize: unlimited
CompressedClassSpaceSize: 1.00 GB
Initial GC threshold: 20.80 MB
Current GC threshold: 35.00 MB
CDS: off

CodeHeap 'non-profiled nmethods': size=120032Kb used=1187Kb max_used=1187Kb free=118844Kb
 bounds [0x0000000116232000, 0x00000001164a2000, 0x000000011d76a000]
CodeHeap 'profiled nmethods': size=120032Kb used=5987Kb max_used=5987Kb free=114044Kb
 bounds [0x000000010ecfa000, 0x000000010f2da000, 0x0000000116232000]
CodeHeap 'non-nmethods': size=5696Kb used=1443Kb max_used=1475Kb free=4252Kb
 bounds [0x000000010e76a000, 0x000000010e9da000, 0x000000010ecfa000]
 total_blobs=3874 nmethods=3090 adapters=697
 compilation: enabled
              stopped_count=0, restarted_count=0
 full_count=0

Compilation events (20 events):
Event: 15.681 Thread 0x00007ffa7e85a800 3094       3       jdk.internal.misc.Unsafe::getFloat (7 bytes)
Event: 15.682 Thread 0x00007ffa7e85d000 3098       4       java.lang.ref.SoftReference::get (29 bytes)
Event: 15.682 Thread 0x00007ffa7e85a800 nmethod 3094 0x000000010f2ba210 code [0x000000010f2ba3c0, 0x000000010f2ba4d0]
Event: 15.682 Thread 0x00007ffa7e85a800 3096   !   3       java.nio.DirectFloatBufferU::put (32 bytes)
Event: 15.683 Thread 0x00007ffa7e85a800 nmethod 3096 0x000000010f2ba590 code [0x000000010f2ba760, 0x000000010f2baa50]
Event: 15.683 Thread 0x00007ffa7e85a800 3097       3       com.sun.prism.es2.GLContext::canClampToZero (43 bytes)
Event: 15.683 Thread 0x00007ffa7e85a800 nmethod 3097 0x000000010f2bac90 code [0x000000010f2bae60, 0x000000010f2bb1b0]
Event: 15.683 Thread 0x00007ffa7e85a800 3090       3       com.sun.prism.impl.ps.BaseShaderContext::validateLCDOp (71 bytes)
Event: 15.684 Thread 0x00007ffa7e85d000 nmethod 3098 0x000000011635a010 code [0x000000011635a1a0, 0x000000011635a278]
Event: 15.684 Thread 0x00007ffa7e85a800 nmethod 3090 0x000000010f2bb290 code [0x000000010f2bb4a0, 0x000000010f2bb9d0]
Event: 15.754 Thread 0x00007ffa7e85a800 3099       3       javafx.scene.Scene$ClickGenerator::preProcess (348 bytes)
Event: 15.756 Thread 0x00007ffa7e85a800 nmethod 3099 0x000000010f2bbc10 code [0x000000010f2bc080, 0x000000010f2be7f0]
Event: 15.756 Thread 0x00007ffa7e85a800 3100   !   3       java.util.concurrent.ConcurrentHashMap::putVal (432 bytes)
Event: 15.758 Thread 0x00007ffa7e85a800 nmethod 3100 0x000000010f2bf110 code [0x000000010f2bf4a0, 0x000000010f2c1790]
Event: 15.772 Thread 0x00007ffa7e85d000 3101       4       java.lang.StringLatin1::canEncode (13 bytes)
Event: 15.773 Thread 0x00007ffa7e85d000 nmethod 3101 0x000000011635a310 code [0x000000011635a4a0, 0x000000011635a4f8]
Event: 15.773 Thread 0x00007ffa7e85a800 3102       3       java.lang.StringBuilder::charAt (6 bytes)
Event: 15.773 Thread 0x00007ffa7e85a800 nmethod 3102 0x000000010f2c2210 code [0x000000010f2c23c0, 0x000000010f2c24e0]
Event: 15.773 Thread 0x00007ffa7e85a800 3103       3       java.lang.AbstractStringBuilder::charAt (36 bytes)
Event: 15.774 Thread 0x00007ffa7e85a800 nmethod 3103 0x000000010f2c2590 code [0x000000010f2c2780, 0x000000010f2c2b90]

GC Heap History (4 events):
Event: 1.874 GC heap before
{Heap before GC invocations=0 (full 0):
 garbage-first heap   total 131072K, used 14336K [0x0000000780000000, 0x0000000800000000)
  region size 1024K, 14 young (14336K), 0 survivors (0K)
 Metaspace       used 8831K, capacity 9140K, committed 9472K, reserved 1058816K
  class space    used 860K, capacity 973K, committed 1024K, reserved 1048576K
}
Event: 1.879 GC heap after
{Heap after GC invocations=1 (full 0):
 garbage-first heap   total 131072K, used 1745K [0x0000000780000000, 0x0000000800000000)
  region size 1024K, 2 young (2048K), 2 survivors (2048K)
 Metaspace       used 8831K, capacity 9140K, committed 9472K, reserved 1058816K
  class space    used 860K, capacity 973K, committed 1024K, reserved 1048576K
}
Event: 4.540 GC heap before
{Heap before GC invocations=1 (full 0):
 garbage-first heap   total 131072K, used 59089K [0x0000000780000000, 0x0000000800000000)
  region size 1024K, 38 young (38912K), 2 survivors (2048K)
 Metaspace       used 20592K, capacity 21214K, committed 21248K, reserved 1067008K
  class space    used 2504K, capacity 2795K, committed 2816K, reserved 1048576K
}
Event: 4.555 GC heap after
{Heap after GC invocations=2 (full 0):
 garbage-first heap   total 131072K, used 29586K [0x0000000780000000, 0x0000000800000000)
  region size 1024K, 7 young (7168K), 7 survivors (7168K)
 Metaspace       used 20592K, capacity 21214K, committed 21248K, reserved 1067008K
  class space    used 2504K, capacity 2795K, committed 2816K, reserved 1048576K
}

Deoptimization events (20 events):
Event: 7.244 Thread 0x00007ffa7e18e800 Uncommon trap: trap_request=0xffffff4d fr.pc=0x0000000116327968 relative=0x00000000000007a8
Event: 7.244 Thread 0x00007ffa7e18e800 Uncommon trap: reason=unstable_if action=reinterpret pc=0x0000000116327968 method=com.sun.marlin.MaskMarlinAlphaConsumer.setAndClearRelativeAlphas([IIII)V @ 69 c2
Event: 7.244 Thread 0x00007ffa7e18e800 DEOPT PACKING pc=0x0000000116327968 sp=0x0000700002990cb0
Event: 7.244 Thread 0x00007ffa7e18e800 DEOPT UNPACKING pc=0x000000010e7b3ea5 sp=0x0000700002990c18 mode 2
Event: 9.254 Thread 0x00007ffa7e18e800 DEOPT PACKING pc=0x000000010f1f93f3 sp=0x0000700002990de0
Event: 9.254 Thread 0x00007ffa7e18e800 DEOPT UNPACKING pc=0x000000010e7b464a sp=0x00007000029902c0 mode 0
Event: 9.255 Thread 0x00007ffa7e18e800 DEOPT PACKING pc=0x000000010f1f93f3 sp=0x0000700002990de0
Event: 9.255 Thread 0x00007ffa7e18e800 DEOPT UNPACKING pc=0x000000010e7b464a sp=0x00007000029902c0 mode 0
Event: 9.255 Thread 0x00007ffa7e18e800 DEOPT PACKING pc=0x000000010f1f93f3 sp=0x0000700002990de0
Event: 9.255 Thread 0x00007ffa7e18e800 DEOPT UNPACKING pc=0x000000010e7b464a sp=0x00007000029902c0 mode 0
Event: 9.255 Thread 0x00007ffa7e18e800 DEOPT PACKING pc=0x000000010f1f93f3 sp=0x0000700002990de0
Event: 9.255 Thread 0x00007ffa7e18e800 DEOPT UNPACKING pc=0x000000010e7b464a sp=0x00007000029902c0 mode 0
Event: 9.255 Thread 0x00007ffa7e18e800 DEOPT PACKING pc=0x000000010f1f93f3 sp=0x0000700002990de0
Event: 9.255 Thread 0x00007ffa7e18e800 DEOPT UNPACKING pc=0x000000010e7b464a sp=0x00007000029902c0 mode 0
Event: 9.255 Thread 0x00007ffa7e18e800 DEOPT PACKING pc=0x000000010f1f93f3 sp=0x0000700002990de0
Event: 9.255 Thread 0x00007ffa7e18e800 DEOPT UNPACKING pc=0x000000010e7b464a sp=0x00007000029902c0 mode 0
Event: 15.368 Thread 0x00007ffa7d205800 Uncommon trap: trap_request=0xffffff4d fr.pc=0x00000001163572f4 relative=0x00000000000002d4
Event: 15.368 Thread 0x00007ffa7d205800 Uncommon trap: reason=unstable_if action=reinterpret pc=0x00000001163572f4 method=javafx.scene.Node.updateLocalToParentTransform()V @ 125 c2
Event: 15.368 Thread 0x00007ffa7d205800 DEOPT PACKING pc=0x00000001163572f4 sp=0x00007ffeed296f20
Event: 15.368 Thread 0x00007ffa7d205800 DEOPT UNPACKING pc=0x000000010e7b3ea5 sp=0x00007ffeed296eb0 mode 2

Classes redefined (0 events):
No events

Internal exceptions (20 events):
Event: 4.406 Thread 0x00007ffa7d205800 Exception <a 'java/io/FileNotFoundException'{0x0000000785cd2f18}> (0x0000000785cd2f18) thrown at [./src/hotspot/share/prims/jni.cpp, line 617]
Event: 4.616 Thread 0x00007ffa7d205800 Exception <a 'java/lang/NoSuchMethodError'{0x0000000787ee5c28}: 'java.lang.Object java.lang.invoke.DirectMethodHandle$Holder.invokeInterface(java.lang.Object, java.lang.Object, java.lang.Object)'> (0x0000000787ee5c28) thrown at [./src/hotspot/share/interpreter/linkResolver.cpp, line 773]
Event: 4.616 Thread 0x00007ffa7d205800 Exception <a 'java/lang/IncompatibleClassChangeError'{0x0000000787ee8de0}: Found class java.lang.Object, but interface was expected> (0x0000000787ee8de0) thrown at [./src/hotspot/share/interpreter/linkResolver.cpp, line 839]
Event: 4.670 Thread 0x00007ffa7d205800 Exception <a 'java/lang/ClassNotFoundException'{0x0000000787cc4250}: com/sun/javafx/scene/control/skin/resources/controls> (0x0000000787cc4250) thrown at [./src/hotspot/share/prims/jni.cpp, line 638]
Event: 4.673 Thread 0x00007ffa7d205800 Exception <a 'java/lang/ClassNotFoundException'{0x0000000787cd2248}: com/sun/javafx/scene/control/skin/resources/controls_en> (0x0000000787cd2248) thrown at [./src/hotspot/share/prims/jni.cpp, line 638]
Event: 4.674 Thread 0x00007ffa7d205800 Exception <a 'java/lang/ClassNotFoundException'{0x0000000787cd52a8}: com/sun/javafx/scene/control/skin/resources/controls_en_IL> (0x0000000787cd52a8) thrown at [./src/hotspot/share/prims/jni.cpp, line 638]
Event: 4.740 Thread 0x00007ffa7d205800 Exception <a 'java/lang/NoSuchMethodError'{0x0000000787aeb740}: 'void java.lang.invoke.DirectMethodHandle$Holder.invokeSpecial(java.lang.Object, java.lang.Object, java.lang.Object, java.lang.Object, java.lang.Object, java.lang.Object)'> (0x0000000787aeb740) thrown at [./src/hotspot/share/interpreter/linkResolver.cpp, line 773]
Event: 5.188 Thread 0x00007ffa7d205800 Exception <a 'java/lang/NoSuchMethodError'{0x0000000786f80410}: 'java.lang.Object java.lang.invoke.Invokers$Holder.linkToTargetMethod(java.lang.Object, int, int, java.lang.Object)'> (0x0000000786f80410) thrown at [./src/hotspot/share/interpreter/linkResolver.cpp, line 773]
Event: 5.414 Thread 0x00007ffa7e18e800 Exception <a 'java/lang/NoSuchMethodError'{0x0000000786dc5828}: 'int java.lang.invoke.DirectMethodHandle$Holder.invokeStaticInit(java.lang.Object, java.lang.Object)'> (0x0000000786dc5828) thrown at [./src/hotspot/share/interpreter/linkResolver.cpp, line 773]
Event: 5.473 Thread 0x00007ffa7d205800 Exception <a 'java/lang/NoSuchMethodError'{0x0000000786d35d28}: 'long java.lang.invoke.DirectMethodHandle$Holder.invokeStaticInit(java.lang.Object, java.lang.Object, java.lang.Object)'> (0x0000000786d35d28) thrown at [./src/hotspot/share/interpreter/linkResolver.cpp, line 773]
Event: 5.496 Thread 0x00007ffa7d205800 Exception <a 'java/lang/NoSuchMethodError'{0x0000000786d4e370}: 'java.lang.Object java.lang.invoke.DirectMethodHandle$Holder.invokeStatic(java.lang.Object, java.lang.Object, long)'> (0x0000000786d4e370) thrown at [./src/hotspot/share/interpreter/linkResolver.cpp, line 773]
Event: 5.498 Thread 0x00007ffa7d205800 Exception <a 'java/lang/NoSuchMethodError'{0x0000000786d544e8}: 'java.lang.Object java.lang.invoke.Invokers$Holder.linkToTargetMethod(java.lang.Object, long, java.lang.Object)'> (0x0000000786d544e8) thrown at [./src/hotspot/share/interpreter/linkResolver.cpp, line 773]
Event: 5.623 Thread 0x00007ffa7e18e800 Exception <a 'java/lang/NoSuchMethodError'{0x0000000786b2a668}: 'java.lang.Object java.lang.invoke.DirectMethodHandle$Holder.invokeStaticInit(java.lang.Object, int)'> (0x0000000786b2a668) thrown at [./src/hotspot/share/interpreter/linkResolver.cpp, line 773]
Event: 7.191 Thread 0x00007ffa7d205800 Exception <a 'java/lang/NoSuchMethodError'{0x000000078661ed40}: 'java.lang.Object java.lang.invoke.DirectMethodHandle$Holder.invokeStatic(java.lang.Object, java.lang.Object, int, int, int, int, int, java.lang.Object)'> (0x000000078661ed40) thrown at [./src/hotspot/share/interpreter/linkResolver.cpp, line 773]
Event: 7.192 Thread 0x00007ffa7d205800 Exception <a 'java/lang/NoSuchMethodError'{0x000000078662f5d8}: 'java.lang.Object java.lang.invoke.DirectMethodHandle$Holder.invokeStatic(java.lang.Object, java.lang.Object, java.lang.Object, int, int, int, int, int)'> (0x000000078662f5d8) thrown at [./src/hotspot/share/interpreter/linkResolver.cpp, line 773]
Event: 7.193 Thread 0x00007ffa7d205800 Exception <a 'java/lang/NoSuchMethodError'{0x0000000786635e48}: 'java.lang.Object java.lang.invoke.Invokers$Holder.linkToTargetMethod(java.lang.Object, java.lang.Object, int, int, int, int, int, java.lang.Object)'> (0x0000000786635e48) thrown at [./src/hotspot/share/interpreter/linkResolver.cpp, line 773]
Event: 15.773 Thread 0x00007ffa7d205800 Exception <a 'jdk/internal/loader/ClassLoaders$AppClassLoader'{0x000000078591f350}> (0x000000078591f350) thrown at [./src/hotspot/share/runtime/javaCalls.cpp, line 417]
Event: 15.773 Thread 0x00007ffa7d205800 Exception <a 'jdk/internal/loader/ClassLoaders$AppClassLoader'{0x000000078591f350}> (0x000000078591f350) thrown at [./src/hotspot/share/prims/jvm.cpp, line 1310]
Event: 15.773 Thread 0x00007ffa7d205800 Exception <a 'java/lang/StackOverflowError'{0x0000000786414948}> (0x0000000786414948) thrown at [./src/hotspot/share/runtime/javaCalls.cpp, line 417]
Event: 15.774 Thread 0x00007ffa7eb4f800 Implicit null exception at 0x000000010ee7ca9b to 0x0000000000000000

Events (20 events):
Event: 15.770 loading class java/net/InetSocketAddress$InetSocketAddressHolder
Event: 15.770 loading class java/net/InetSocketAddress$InetSocketAddressHolder done
Event: 15.770 loading class java/net/Inet4AddressImpl
Event: 15.770 loading class java/net/Inet4AddressImpl done
Event: 15.771 loading class java/net/SocketException
Event: 15.771 loading class java/net/SocketException done
Event: 15.771 loading class java/net/SocketCleanable
Event: 15.771 loading class java/net/SocketCleanable done
Event: 15.771 loading class sun/net/NetHooks
Event: 15.771 loading class sun/net/NetHooks done
Event: 15.771 loading class sun/net/sdp/SdpProvider
Event: 15.771 loading class sun/net/NetHooks$Provider
Event: 15.771 loading class sun/net/NetHooks$Provider done
Event: 15.771 loading class sun/net/sdp/SdpProvider done
Event: 15.772 Thread 0x00007ffa7eb4f800 Thread added: 0x00007ffa7eb4f800
Event: 15.772 Protecting memory [0x0000700002f28000,0x0000700002f2c000] with protection modes 0
Event: 15.772 Executing VM operation: RevokeBias
Event: 15.773 Executing VM operation: RevokeBias done
Event: 15.773 loading class JDBC/DataBaseConnector
Event: 15.773 loading class JDBC/DataBaseConnector done


Dynamic libraries:
0x00007fff35176000 	/System/Library/Frameworks/Cocoa.framework/Versions/A/Cocoa
0x00007fff224bb000 	/System/Library/Frameworks/Security.framework/Versions/A/Security
0x00007fff3337e000 	/System/Library/Frameworks/ApplicationServices.framework/Versions/A/ApplicationServices
0x00007fff2a73f000 	/usr/lib/libz.1.dylib
0x000000010296e000 	/Library/Java/JavaVirtualMachines/liberica-jdk-11.jdk/Contents/Home/lib/jli/libjli.dylib
0x00007fff2a807000 	/usr/lib/libSystem.B.dylib
0x00007fff22eec000 	/System/Library/Frameworks/AppKit.framework/Versions/C/AppKit
0x00007fff25db1000 	/System/Library/Frameworks/CoreData.framework/Versions/A/CoreData
0x00007fff21453000 	/System/Library/Frameworks/Foundation.framework/Versions/C/Foundation
0x00007fff23c38000 	/System/Library/PrivateFrameworks/UIFoundation.framework/Versions/A/UIFoundation
0x00007fff2fe38000 	/System/Library/PrivateFrameworks/RemoteViewServices.framework/Versions/A/RemoteViewServices
0x00007fff28c4a000 	/System/Library/PrivateFrameworks/XCTTargetBootstrap.framework/Versions/A/XCTTargetBootstrap
0x00007fff2b932000 	/usr/lib/libspindump.dylib
0x00007fff23e87000 	/System/Library/Frameworks/UniformTypeIdentifiers.framework/Versions/A/UniformTypeIdentifiers
0x00007fff2744e000 	/usr/lib/libapp_launch_measurement.dylib
0x00007fff27451000 	/System/Library/PrivateFrameworks/CoreAutoLayout.framework/Versions/A/CoreAutoLayout
0x00007fff285b1000 	/System/Library/Frameworks/Metal.framework/Versions/A/Metal
0x00007fff292a8000 	/usr/lib/liblangid.dylib
0x00007fff28c4e000 	/System/Library/PrivateFrameworks/CoreSVG.framework/Versions/A/CoreSVG
0x00007fff24ec7000 	/System/Library/PrivateFrameworks/SkyLight.framework/Versions/A/SkyLight
0x00007fff2522d000 	/System/Library/Frameworks/CoreGraphics.framework/Versions/A/CoreGraphics
0x00007fff3035f000 	/System/Library/Frameworks/Accelerate.framework/Versions/A/Accelerate
0x00007fff2b370000 	/System/Library/PrivateFrameworks/IconServices.framework/Versions/A/IconServices
0x00007fff28595000 	/System/Library/Frameworks/IOSurface.framework/Versions/A/IOSurface
0x00007fff26739000 	/usr/lib/libDiagnosticMessagesClient.dylib
0x00007fff28c36000 	/System/Library/PrivateFrameworks/DFRFoundation.framework/Versions/A/DFRFoundation
0x00007fff22813000 	/usr/lib/libicucore.A.dylib
0x00007fff2ce77000 	/System/Library/Frameworks/AudioToolbox.framework/Versions/A/AudioToolbox
0x00007fff2c0ff000 	/System/Library/PrivateFrameworks/DataDetectorsCore.framework/Versions/A/DataDetectorsCore
0x00007fff24e3a000 	/usr/lib/libMobileGestalt.dylib
0x00007fff2893a000 	/System/Library/Frameworks/Carbon.framework/Versions/A/Frameworks/HIToolbox.framework/Versions/A/HIToolbox
0x00007fff26e93000 	/System/Library/Frameworks/QuartzCore.framework/Versions/A/QuartzCore
0x00007fff2fe70000 	/System/Library/Frameworks/Carbon.framework/Versions/A/Frameworks/SpeechRecognition.framework/Versions/A/SpeechRecognition
0x00007fff271b3000 	/System/Library/PrivateFrameworks/CoreUI.framework/Versions/A/CoreUI
0x00007fff21e29000 	/System/Library/Frameworks/CoreAudio.framework/Versions/A/CoreAudio
0x00007fff26824000 	/System/Library/Frameworks/DiskArbitration.framework/Versions/A/DiskArbitration
0x00007fff2bd00000 	/System/Library/PrivateFrameworks/MultitouchSupport.framework/Versions/A/MultitouchSupport
0x00007fff2c0f6000 	/System/Library/PrivateFrameworks/InternationalSupport.framework/Versions/A/InternationalSupport
0x00007fff24e39000 	/usr/lib/libenergytrace.dylib
0x00007fff22de3000 	/System/Library/Frameworks/IOKit.framework/Versions/A/IOKit
0x00007fff301a3000 	/System/Library/Frameworks/CoreServices.framework/Versions/A/CoreServices
0x00007fff273e0000 	/System/Library/PrivateFrameworks/PerformanceAnalysis.framework/Versions/A/PerformanceAnalysis
0x00007fff6bb14000 	/System/Library/Frameworks/OpenGL.framework/Versions/A/OpenGL
0x00007fff2c17a000 	/System/Library/PrivateFrameworks/UserActivity.framework/Versions/A/UserActivity
0x00007fff204c3000 	/usr/lib/libobjc.A.dylib
0x00007fff258b7000 	/System/Library/Frameworks/ColorSync.framework/Versions/A/ColorSync
0x00007fff206a3000 	/System/Library/Frameworks/CoreFoundation.framework/Versions/A/CoreFoundation
0x00007fff28eb6000 	/System/Library/Frameworks/CoreImage.framework/Versions/A/CoreImage
0x00007fff21c43000 	/System/Library/Frameworks/CoreText.framework/Versions/A/CoreText
0x00007fff28c78000 	/System/Library/Frameworks/ImageIO.framework/Versions/A/ImageIO
0x00007fff2a80d000 	/System/Library/PrivateFrameworks/SoftLinking.framework/Versions/A/SoftLinking
0x00007fff27499000 	/usr/lib/libxml2.2.dylib
0x00007fff20589000 	/usr/lib/libc++.1.dylib
0x00007fff2aa7e000 	/usr/lib/libcompression.dylib
0x00007fff2c028000 	/System/Library/PrivateFrameworks/TextureIO.framework/Versions/A/TextureIO
0x00007fff2b0ae000 	/usr/lib/libate.dylib
0x00007fff2a801000 	/usr/lib/system/libcache.dylib
0x00007fff2a7bd000 	/usr/lib/system/libcommonCrypto.dylib
0x00007fff2a7e7000 	/usr/lib/system/libcompiler_rt.dylib
0x00007fff2a7dc000 	/usr/lib/system/libcopyfile.dylib
0x00007fff203b3000 	/usr/lib/system/libcorecrypto.dylib
0x00007fff2047e000 	/usr/lib/system/libdispatch.dylib
0x00007fff20631000 	/usr/lib/system/libdyld.dylib
0x00007fff2a7f8000 	/usr/lib/system/libkeymgr.dylib
0x00007fff2dc0e000 	/usr/lib/system/liblaunch.dylib
0x00007fff2a79b000 	/usr/lib/system/libmacho.dylib
0x00007fff29f93000 	/usr/lib/system/libquarantine.dylib
0x00007fff2a7f5000 	/usr/lib/system/libremovefile.dylib
0x00007fff24e97000 	/usr/lib/system/libsystem_asl.dylib
0x00007fff20363000 	/usr/lib/system/libsystem_blocks.dylib
0x00007fff20500000 	/usr/lib/system/libsystem_c.dylib
0x00007fff2a7ef000 	/usr/lib/system/libsystem_collections.dylib
0x00007fff29299000 	/usr/lib/system/libsystem_configuration.dylib
0x00007fff28584000 	/usr/lib/system/libsystem_containermanager.dylib
0x00007fff2a53e000 	/usr/lib/system/libsystem_coreservices.dylib
0x00007fff22a73000 	/usr/lib/system/libsystem_darwin.dylib
0x00007fff2a7f9000 	/usr/lib/system/libsystem_dnssd.dylib
0x00007fff204fd000 	/usr/lib/system/libsystem_featureflags.dylib
0x00007fff20677000 	/usr/lib/system/libsystem_info.dylib
0x00007fff2a752000 	/usr/lib/system/libsystem_m.dylib
0x00007fff20451000 	/usr/lib/system/libsystem_malloc.dylib
0x00007fff24e2a000 	/usr/lib/system/libsystem_networkextension.dylib
0x00007fff22e92000 	/usr/lib/system/libsystem_notify.dylib
0x00007fff300a5000 	/usr/lib/system/libsystem_product_info_filter.dylib
0x00007fff2929d000 	/usr/lib/system/libsystem_sandbox.dylib
0x00007fff2a7f2000 	/usr/lib/system/libsystem_secinit.dylib
0x00007fff205f5000 	/usr/lib/system/libsystem_kernel.dylib
0x00007fff2066d000 	/usr/lib/system/libsystem_platform.dylib
0x00007fff20625000 	/usr/lib/system/libsystem_pthread.dylib
0x00007fff26575000 	/usr/lib/system/libsystem_symptoms.dylib
0x00007fff2039b000 	/usr/lib/system/libsystem_trace.dylib
0x00007fff2a7c9000 	/usr/lib/system/libunwind.dylib
0x00007fff20365000 	/usr/lib/system/libxpc.dylib
0x00007fff205df000 	/usr/lib/libc++abi.dylib
0x00007fff2a7d4000 	/usr/lib/liboah.dylib
0x00007fff2ae92000 	/usr/lib/liblzma.5.dylib
0x00007fff21167000 	/System/Library/Frameworks/SystemConfiguration.framework/Versions/A/SystemConfiguration
0x00007fff2a809000 	/usr/lib/libfakelink.dylib
0x00007fff2498b000 	/System/Library/Frameworks/CFNetwork.framework/Versions/A/CFNetwork
0x00007fff2a949000 	/usr/lib/libarchive.2.dylib
0x00007fff211e5000 	/usr/lib/libCRFSuite.dylib
0x00007fff29fba000 	/usr/lib/libbsm.0.dylib
0x00007fff24304000 	/usr/lib/libnetwork.dylib
0x00007fff2a80e000 	/usr/lib/libpcap.A.dylib
0x00007fff2656e000 	/usr/lib/libdns_services.dylib
0x00007fff2aeab000 	/usr/lib/libcoretls_cfhelpers.dylib
0x00007fff2aa48000 	/usr/lib/libapple_nghttp2.dylib
0x00007fff2a7a1000 	/usr/lib/system/libkxld.dylib
0x00007fff261e7000 	/usr/lib/libsqlite3.dylib
0x00007fff2a521000 	/System/Library/PrivateFrameworks/AppleFSCompression.framework/Versions/A/AppleFSCompression
0x00007fff29fa2000 	/usr/lib/libcoretls.dylib
0x00007fff2aa79000 	/usr/lib/libpam.2.dylib
0x00007fff2afa9000 	/usr/lib/libxar.1.dylib
0x00007fff292a4000 	/System/Library/PrivateFrameworks/AppleSystemInfo.framework/Versions/A/AppleSystemInfo
0x00007fff29be4000 	/System/Library/PrivateFrameworks/IOMobileFramebuffer.framework/Versions/A/IOMobileFramebuffer
0x00007fff2a531000 	/usr/lib/libbz2.1.0.dylib
0x00007fff2a846000 	/usr/lib/libiconv.2.dylib
0x00007fff2a79a000 	/usr/lib/libcharset.1.dylib
0x00007fff2741c000 	/System/Library/Frameworks/CoreServices.framework/Versions/A/Frameworks/FSEvents.framework/Versions/A/FSEvents
0x00007fff22a7d000 	/System/Library/Frameworks/CoreServices.framework/Versions/A/Frameworks/CarbonCore.framework/Versions/A/CarbonCore
0x00007fff26789000 	/System/Library/Frameworks/CoreServices.framework/Versions/A/Frameworks/Metadata.framework/Versions/A/Metadata
0x00007fff2a543000 	/System/Library/Frameworks/CoreServices.framework/Versions/A/Frameworks/OSServices.framework/Versions/A/OSServices
0x00007fff2a9bb000 	/System/Library/Frameworks/CoreServices.framework/Versions/A/Frameworks/SearchKit.framework/Versions/A/SearchKit
0x00007fff264f9000 	/System/Library/Frameworks/CoreServices.framework/Versions/A/Frameworks/AE.framework/Versions/A/AE
0x00007fff20b41000 	/System/Library/Frameworks/CoreServices.framework/Versions/A/Frameworks/LaunchServices.framework/Versions/A/LaunchServices
0x00007fff2ae42000 	/System/Library/Frameworks/CoreServices.framework/Versions/A/Frameworks/DictionaryServices.framework/Versions/A/DictionaryServices
0x00007fff27429000 	/System/Library/Frameworks/CoreServices.framework/Versions/A/Frameworks/SharedFileList.framework/Versions/A/SharedFileList
0x00007fff29f96000 	/usr/lib/libCheckFix.dylib
0x00007fff24eae000 	/System/Library/PrivateFrameworks/TCC.framework/Versions/A/TCC
0x00007fff292aa000 	/System/Library/PrivateFrameworks/CoreNLP.framework/Versions/A/CoreNLP
0x00007fff2673c000 	/System/Library/PrivateFrameworks/MetadataUtilities.framework/Versions/A/MetadataUtilities
0x00007fff2121a000 	/usr/lib/libmecabra.dylib
0x00007fff2a2a0000 	/System/Library/Frameworks/MLCompute.framework/Versions/A/MLCompute
0x00007fff29fcb000 	/usr/lib/libmecab.dylib
0x00007fff2a015000 	/usr/lib/libgermantok.dylib
0x00007fff2aa23000 	/usr/lib/libThaiTokenizer.dylib
0x00007fff2afe5000 	/usr/lib/libChineseTokenizer.dylib
0x00007fff2aa77000 	/System/Library/Frameworks/MetalPerformanceShaders.framework/Versions/A/MetalPerformanceShaders
0x00007fff2682b000 	/System/Library/Frameworks/Accelerate.framework/Versions/A/Frameworks/vImage.framework/Versions/A/vImage
0x00007fff3017d000 	/System/Library/Frameworks/Accelerate.framework/Versions/A/Frameworks/vecLib.framework/Versions/A/vecLib
0x00007fff2aff0000 	/System/Library/Frameworks/Accelerate.framework/Versions/A/Frameworks/vecLib.framework/Versions/A/libvMisc.dylib
0x00007fff299ff000 	/System/Library/Frameworks/Accelerate.framework/Versions/A/Frameworks/vecLib.framework/Versions/A/libvDSP.dylib
0x00007fff20e4d000 	/System/Library/Frameworks/Accelerate.framework/Versions/A/Frameworks/vecLib.framework/Versions/A/libBLAS.dylib
0x00007fff2aaa4000 	/System/Library/Frameworks/Accelerate.framework/Versions/A/Frameworks/vecLib.framework/Versions/A/libLAPACK.dylib
0x00007fff2a01b000 	/System/Library/Frameworks/Accelerate.framework/Versions/A/Frameworks/vecLib.framework/Versions/A/libLinearAlgebra.dylib
0x00007fff2aa60000 	/System/Library/Frameworks/Accelerate.framework/Versions/A/Frameworks/vecLib.framework/Versions/A/libSparseBLAS.dylib
0x00007fff2aa9e000 	/System/Library/Frameworks/Accelerate.framework/Versions/A/Frameworks/vecLib.framework/Versions/A/libQuadrature.dylib
0x00007fff29356000 	/System/Library/Frameworks/Accelerate.framework/Versions/A/Frameworks/vecLib.framework/Versions/A/libBNNS.dylib
0x00007fff210f8000 	/System/Library/Frameworks/Accelerate.framework/Versions/A/Frameworks/vecLib.framework/Versions/A/libSparse.dylib
0x00007fff29232000 	/System/Library/Frameworks/MetalPerformanceShaders.framework/Versions/A/Frameworks/MPSCore.framework/Versions/A/MPSCore
0x00007fff2a490000 	/System/Library/Frameworks/MetalPerformanceShaders.framework/Versions/A/Frameworks/MPSImage.framework/Versions/A/MPSImage
0x00007fff2a031000 	/System/Library/Frameworks/MetalPerformanceShaders.framework/Versions/A/Frameworks/MPSNeuralNetwork.framework/Versions/A/MPSNeuralNetwork
0x00007fff2a402000 	/System/Library/Frameworks/MetalPerformanceShaders.framework/Versions/A/Frameworks/MPSMatrix.framework/Versions/A/MPSMatrix
0x00007fff2a250000 	/System/Library/Frameworks/MetalPerformanceShaders.framework/Versions/A/Frameworks/MPSRayIntersector.framework/Versions/A/MPSRayIntersector
0x00007fff2a439000 	/System/Library/Frameworks/MetalPerformanceShaders.framework/Versions/A/Frameworks/MPSNDArray.framework/Versions/A/MPSNDArray
0x00007fff20d78000 	/System/Library/PrivateFrameworks/MetalTools.framework/Versions/A/MetalTools
0x00007fff292a2000 	/System/Library/PrivateFrameworks/AggregateDictionary.framework/Versions/A/AggregateDictionary
0x00007fff26709000 	/System/Library/PrivateFrameworks/CoreAnalytics.framework/Versions/A/CoreAnalytics
0x00007fff2aa25000 	/System/Library/PrivateFrameworks/AppleSauce.framework/Versions/A/AppleSauce
0x00007fff285a7000 	/System/Library/PrivateFrameworks/IOAccelerator.framework/Versions/A/IOAccelerator
0x00007fff6bb08000 	/System/Library/Frameworks/OpenGL.framework/Versions/A/Libraries/libCoreFSCache.dylib
0x00007fff217b2000 	/System/Library/PrivateFrameworks/LanguageModeling.framework/Versions/A/LanguageModeling
0x00007fff29bd2000 	/System/Library/PrivateFrameworks/CoreEmoji.framework/Versions/A/CoreEmoji
0x00007fff2934f000 	/System/Library/PrivateFrameworks/LinguisticData.framework/Versions/A/LinguisticData
0x00007fff210aa000 	/System/Library/PrivateFrameworks/Lexicon.framework/Versions/A/Lexicon
0x00007fff2a937000 	/usr/lib/libcmph.dylib
0x00007fff273fc000 	/System/Library/Frameworks/OpenDirectory.framework/Versions/A/Frameworks/CFOpenDirectory.framework/Versions/A/CFOpenDirectory
0x00007fff273ec000 	/System/Library/Frameworks/OpenDirectory.framework/Versions/A/OpenDirectory
0x00007fff2aead000 	/System/Library/PrivateFrameworks/APFS.framework/Versions/A/APFS
0x00007fff29ef8000 	/System/Library/Frameworks/SecurityFoundation.framework/Versions/A/SecurityFoundation
0x00007fff2afb8000 	/usr/lib/libutil.dylib
0x00007fff22da8000 	/System/Library/PrivateFrameworks/CoreServicesStore.framework/Versions/A/CoreServicesStore
0x00007fff29f8e000 	/System/Library/Frameworks/ServiceManagement.framework/Versions/A/ServiceManagement
0x00007fff2afbc000 	/usr/lib/libxslt.1.dylib
0x00007fff29f84000 	/System/Library/PrivateFrameworks/BackgroundTaskManagement.framework/Versions/A/BackgroundTaskManagement
0x00007fff2bf72000 	/System/Library/Frameworks/ImageIO.framework/Versions/A/Resources/libRadiance.dylib
0x00007fff2bf7c000 	/System/Library/Frameworks/ImageIO.framework/Versions/A/Resources/libJPEG.dylib
0x00007fff2beca000 	/System/Library/Frameworks/ImageIO.framework/Versions/A/Resources/libPng.dylib
0x00007fff2beeb000 	/System/Library/Frameworks/ImageIO.framework/Versions/A/Resources/libTIFF.dylib
0x00007fff2bfd1000 	/System/Library/Frameworks/ImageIO.framework/Versions/A/Resources/libGIF.dylib
0x00007fff2bc1c000 	/System/Library/Frameworks/ImageIO.framework/Versions/A/Resources/libJP2.dylib
0x00007fff2b337000 	/usr/lib/libexpat.1.dylib
0x00007fff2bbd2000 	/System/Library/PrivateFrameworks/AppleJPEG.framework/Versions/A/AppleJPEG
0x00007fff287dd000 	/System/Library/PrivateFrameworks/FontServices.framework/libFontParser.dylib
0x00007fff264b0000 	/System/Library/PrivateFrameworks/RunningBoardServices.framework/Versions/A/RunningBoardServices
0x00007fff2bcfc000 	/System/Library/PrivateFrameworks/WatchdogClient.framework/Versions/A/WatchdogClient
0x00007fff2189b000 	/System/Library/Frameworks/CoreDisplay.framework/Versions/A/CoreDisplay
0x00007fff286f2000 	/System/Library/Frameworks/CoreMedia.framework/Versions/A/CoreMedia
0x00007fff2757c000 	/System/Library/Frameworks/CoreVideo.framework/Versions/A/CoreVideo
0x00007fff2bd37000 	/System/Library/Frameworks/VideoToolbox.framework/Versions/A/VideoToolbox
0x00007fff26430000 	/System/Library/PrivateFrameworks/BaseBoard.framework/Versions/A/BaseBoard
0x00007fff2b47c000 	/System/Library/PrivateFrameworks/PersistentConnection.framework/Versions/A/PersistentConnection
0x00007fff261d1000 	/System/Library/PrivateFrameworks/ProtocolBuffer.framework/Versions/A/ProtocolBuffer
0x00007fff26418000 	/System/Library/PrivateFrameworks/CommonUtilities.framework/Versions/A/CommonUtilities
0x00007fff2bb95000 	/System/Library/PrivateFrameworks/Bom.framework/Versions/A/Bom
0x00007fff2bf6a000 	/System/Library/PrivateFrameworks/GPUWrangler.framework/Versions/A/GPUWrangler
0x00007fff2bf4d000 	/System/Library/PrivateFrameworks/IOPresentment.framework/Versions/A/IOPresentment
0x00007fff2bf76000 	/System/Library/PrivateFrameworks/DSExternalDisplay.framework/Versions/A/DSExternalDisplay
0x00007fff2bfd6000 	/System/Library/PrivateFrameworks/CMCaptureCore.framework/Versions/A/CMCaptureCore
0x00007fff2b918000 	/System/Library/PrivateFrameworks/AppServerSupport.framework/Versions/A/AppServerSupport
0x00007fff2d9b1000 	/System/Library/PrivateFrameworks/perfdata.framework/Versions/A/perfdata
0x00007fff29ee7000 	/System/Library/PrivateFrameworks/AssertionServices.framework/Versions/A/AssertionServices
0x00007fff219d2000 	/System/Library/PrivateFrameworks/AudioToolboxCore.framework/Versions/A/AudioToolboxCore
0x00007fff286d5000 	/System/Library/PrivateFrameworks/caulk.framework/Versions/A/caulk
0x00007fff3ce58000 	/System/Library/PrivateFrameworks/SystemPolicy.framework/Versions/A/SystemPolicy
0x00007fff2b146000 	/usr/lib/libIOReport.dylib
0x00007fff2d1ed000 	/usr/lib/libSMC.dylib
0x00007fff2be96000 	/usr/lib/libAudioToolboxUtility.dylib
0x00007fff3d7b5000 	/usr/lib/libmis.dylib
0x00007fff6bb64000 	/System/Library/Frameworks/OpenGL.framework/Versions/A/Libraries/libGLU.dylib
0x00007fff6bb27000 	/System/Library/Frameworks/OpenGL.framework/Versions/A/Libraries/libGFXShared.dylib
0x00007fff6bd35000 	/System/Library/Frameworks/OpenGL.framework/Versions/A/Libraries/libGL.dylib
0x00007fff6bb30000 	/System/Library/Frameworks/OpenGL.framework/Versions/A/Libraries/libGLImage.dylib
0x00007fff6bb24000 	/System/Library/Frameworks/OpenGL.framework/Versions/A/Libraries/libCVMSPluginSupport.dylib
0x00007fff6bb0f000 	/System/Library/Frameworks/OpenGL.framework/Versions/A/Libraries/libCoreVMClient.dylib
0x00007fff6d17f000 	/System/Library/Frameworks/OpenCL.framework/Versions/A/OpenCL
0x00007fff2b4a5000 	/System/Library/PrivateFrameworks/GraphVisualizer.framework/Versions/A/GraphVisualizer
0x00007fff2b4b4000 	/System/Library/PrivateFrameworks/FaceCore.framework/Versions/A/FaceCore
0x00007fff2b8d0000 	/System/Library/PrivateFrameworks/OTSVG.framework/Versions/A/OTSVG
0x00007fff27171000 	/System/Library/Frameworks/ApplicationServices.framework/Versions/A/Frameworks/ATS.framework/Versions/A/Resources/libFontRegistry.dylib
0x00007fff2b91f000 	/System/Library/PrivateFrameworks/FontServices.framework/libhvf.dylib
0x00007fff2b2e3000 	/System/Library/PrivateFrameworks/AppleVA.framework/Versions/A/AppleVA
0x00007fff2d035000 	/System/Library/Frameworks/ApplicationServices.framework/Versions/A/Frameworks/ATS.framework/Versions/A/ATS
0x00007fff2d348000 	/System/Library/Frameworks/ApplicationServices.framework/Versions/A/Frameworks/ColorSyncLegacy.framework/Versions/A/ColorSyncLegacy
0x00007fff259af000 	/System/Library/Frameworks/ApplicationServices.framework/Versions/A/Frameworks/HIServices.framework/Versions/A/HIServices
0x00007fff2d32d000 	/System/Library/Frameworks/ApplicationServices.framework/Versions/A/Frameworks/LangAnalysis.framework/Versions/A/LangAnalysis
0x00007fff2bfe0000 	/System/Library/Frameworks/ApplicationServices.framework/Versions/A/Frameworks/PrintCore.framework/Versions/A/PrintCore
0x00007fff2d350000 	/System/Library/Frameworks/ApplicationServices.framework/Versions/A/Frameworks/QD.framework/Versions/A/QD
0x00007fff2d025000 	/System/Library/Frameworks/ApplicationServices.framework/Versions/A/Frameworks/SpeechSynthesis.framework/Versions/A/SpeechSynthesis
0x00007fff2bfa1000 	/System/Library/Frameworks/ApplicationServices.framework/Versions/A/Frameworks/ATSUI.framework/Versions/A/ATSUI
0x00007fff2d2cd000 	/usr/lib/libcups.2.dylib
0x00007fff2d33d000 	/System/Library/PrivateFrameworks/NetAuth.framework/Versions/A/NetAuth
0x00007fff2d9cc000 	/System/Library/Frameworks/Kerberos.framework/Versions/A/Kerberos
0x00007fff2d9dc000 	/System/Library/Frameworks/GSS.framework/Versions/A/GSS
0x00007fff2d0a2000 	/usr/lib/libresolv.9.dylib
0x00007fff2b935000 	/System/Library/PrivateFrameworks/Heimdal.framework/Versions/A/Heimdal
0x00007fff33693000 	/System/Library/Frameworks/Kerberos.framework/Versions/A/Libraries/libHeimdalProxy.dylib
0x00007fff2657d000 	/System/Library/Frameworks/Network.framework/Versions/A/Network
0x00007fff2b351000 	/usr/lib/libheimdal-asn1.dylib
0x00007fff2da2d000 	/System/Library/PrivateFrameworks/CommonAuth.framework/Versions/A/CommonAuth
0x00007fff275ca000 	/System/Library/PrivateFrameworks/login.framework/Versions/A/Frameworks/loginsupport.framework/Versions/A/loginsupport
0x00007fff2cfac000 	/System/Library/PrivateFrameworks/AudioSession.framework/Versions/A/AudioSession
0x00007fff2d012000 	/usr/lib/libAudioStatistics.dylib
0x00007fff2b3dd000 	/System/Library/PrivateFrameworks/MediaExperience.framework/Versions/A/MediaExperience
0x00007fff2ce45000 	/System/Library/PrivateFrameworks/AudioSession.framework/libSessionUtility.dylib
0x00007fff2d9bd000 	/usr/lib/libperfcheck.dylib
0x00007fff2d35c000 	/System/Library/PrivateFrameworks/AudioResourceArbitration.framework/Versions/A/AudioResourceArbitration
0x00007fff2b35b000 	/System/Library/PrivateFrameworks/IconFoundation.framework/Versions/A/IconFoundation
0x00007fff2fe60000 	/System/Library/PrivateFrameworks/SpeechRecognitionCore.framework/Versions/A/SpeechRecognitionCore
0x0000000102998000 	/Library/Java/JavaVirtualMachines/liberica-jdk-11.jdk/Contents/Home/lib/server/libjvm.dylib
0x0000000103769000 	/Library/Java/JavaVirtualMachines/liberica-jdk-11.jdk/Contents/Home/lib/libverify.dylib
0x000000010377a000 	/Library/Java/JavaVirtualMachines/liberica-jdk-11.jdk/Contents/Home/lib/libjava.dylib
0x00000001037a7000 	/Library/Java/JavaVirtualMachines/liberica-jdk-11.jdk/Contents/Home/lib/libjimage.dylib
0x00000001037fd000 	/Library/Java/JavaVirtualMachines/liberica-jdk-11.jdk/Contents/Home/lib/libzip.dylib
0x0000000103a42000 	/Library/Java/JavaVirtualMachines/liberica-jdk-11.jdk/Contents/Home/lib/libnio.dylib
0x0000000103a55000 	/Library/Java/JavaVirtualMachines/liberica-jdk-11.jdk/Contents/Home/lib/libnet.dylib
0x0000000103a6e000 	/Library/Java/javafx-sdk-17.0.7/lib/libprism_es2.dylib
0x00007fff22d69000 	/System/Library/PrivateFrameworks/CoreServicesInternal.framework/Versions/A/CoreServicesInternal
0x00007fff6bd40000 	/System/Library/Frameworks/OpenGL.framework/Versions/A/Resources/GLEngine.bundle/GLEngine
0x00007fff6bba1000 	/System/Library/Frameworks/OpenGL.framework/Versions/A/Libraries/libGLProgrammability.dylib
0x00007fff6375f000 	/System/Library/Extensions/AppleIntelBDWGraphicsGLDriver.bundle/Contents/MacOS/AppleIntelBDWGraphicsGLDriver
0x00007fff4656b000 	/System/Library/PrivateFrameworks/GPUSupport.framework/Versions/A/Libraries/libGPUSupportMercury.dylib
0x00007fff6bebe000 	/System/Library/Frameworks/OpenGL.framework/Versions/A/Resources/GLRendererFloat.bundle/GLRendererFloat
0x0000000126adb000 	/Library/Java/javafx-sdk-17.0.7/lib/libglass.dylib
0x00007fff311e7000 	/System/Library/Frameworks/FileProvider.framework/Versions/A/FileProvider
0x00007fff2639b000 	/System/Library/Frameworks/Accounts.framework/Versions/A/Accounts
0x00007fff31337000 	/System/Library/PrivateFrameworks/GenerationalStorage.framework/Versions/A/GenerationalStorage
0x00007fff31cd1000 	/System/Library/PrivateFrameworks/CoreSymbolication.framework/Versions/A/CoreSymbolication
0x00007fff30c07000 	/System/Library/PrivateFrameworks/SymptomDiagnosticReporter.framework/Versions/A/SymptomDiagnosticReporter
0x00007fff23e9a000 	/System/Library/PrivateFrameworks/DesktopServicesPriv.framework/Versions/A/DesktopServicesPriv
0x00007fff22e9e000 	/usr/lib/libsandbox.1.dylib
0x00007fff275f5000 	/System/Library/PrivateFrameworks/UserManagement.framework/Versions/A/UserManagement
0x00007fff29ec4000 	/System/Library/PrivateFrameworks/MobileKeyBag.framework/Versions/A/MobileKeyBag
0x00007fff34716000 	/System/Library/PrivateFrameworks/ChunkingLibrary.framework/Versions/A/ChunkingLibrary
0x00007fff31c95000 	/System/Library/PrivateFrameworks/DebugSymbols.framework/Versions/A/DebugSymbols
0x00007fff2e3f0000 	/System/Library/PrivateFrameworks/Sharing.framework/Versions/A/Sharing
0x00007fff32c95000 	/System/Library/PrivateFrameworks/Apple80211.framework/Versions/A/Apple80211
0x00007fff2a571000 	/System/Library/PrivateFrameworks/AuthKit.framework/Versions/A/AuthKit
0x00007fff29cc2000 	/System/Library/PrivateFrameworks/CoreUtils.framework/Versions/A/CoreUtils
0x00007fff29bef000 	/System/Library/Frameworks/CoreWLAN.framework/Versions/A/CoreWLAN
0x00007fff2e53c000 	/System/Library/Frameworks/IOBluetooth.framework/Versions/A/IOBluetooth
0x00007fff32cf9000 	/System/Library/PrivateFrameworks/CoreWiFi.framework/Versions/A/CoreWiFi
0x00007fff2dab3000 	/System/Library/PrivateFrameworks/CorePhoneNumbers.framework/Versions/A/CorePhoneNumbers
0x00007fff30d0e000 	/System/Library/PrivateFrameworks/DiskManagement.framework/Versions/A/DiskManagement
0x00007fff30c24000 	/System/Library/PrivateFrameworks/AppleIDAuthSupport.framework/Versions/A/AppleIDAuthSupport
0x00007fff2da93000 	/System/Library/PrivateFrameworks/KeychainCircle.framework/Versions/A/KeychainCircle
0x00007fff30cda000 	/System/Library/PrivateFrameworks/MediaKit.framework/Versions/A/MediaKit
0x00007fff30c31000 	/System/Library/Frameworks/DiscRecording.framework/Versions/A/DiscRecording
0x00007fff2b257000 	/usr/lib/libCoreStorage.dylib
0x00007fff33134000 	/usr/lib/libcsfde.dylib
0x00007fff2e677000 	/System/Library/PrivateFrameworks/ProtectedCloudStorage.framework/Versions/A/ProtectedCloudStorage
0x00007fff3312c000 	/System/Library/PrivateFrameworks/EFILogin.framework/Versions/A/EFILogin
0x00007fff33746000 	/System/Library/Frameworks/AudioUnit.framework/Versions/A/AudioUnit
0x00007fff30ba1000 	/System/Library/Frameworks/CoreBluetooth.framework/Versions/A/CoreBluetooth
0x00007fff2b24f000 	/usr/lib/libMatch.1.dylib
0x0000000103fdd000 	/usr/lib/libobjc-trampolines.dylib
0x00007fff41478000 	/System/Library/Frameworks/Accelerate.framework/Versions/A/Frameworks/vImage.framework/Versions/A/Libraries/libCGInterfaces.dylib
0x00007fff7776a000 	/usr/lib/libRosetta.dylib
0x00007fff272f4000 	/System/Library/PrivateFrameworks/ViewBridge.framework/Versions/A/ViewBridge
0x00007fff6f508000 	/System/Library/PrivateFrameworks/AccessibilityBundles.framework/Versions/A/AccessibilityBundles
0x000000012af24000 	/Library/Java/javafx-sdk-17.0.7/lib/libjavafx_iio.dylib
0x000000012af78000 	/Library/Java/javafx-sdk-17.0.7/lib/libjavafx_font.dylib
0x00007fff2b9f6000 	/System/Library/PrivateFrameworks/login.framework/Versions/A/login
0x00007fff303dd000 	/System/Library/PrivateFrameworks/SystemAdministration.framework/Versions/A/SystemAdministration
0x00007fff2c1d8000 	/System/Library/Frameworks/MediaToolbox.framework/Versions/A/MediaToolbox
0x00007fff2fe2c000 	/System/Library/Frameworks/DirectoryService.framework/Versions/A/DirectoryService
0x00007fff32fd4000 	/System/Library/PrivateFrameworks/DiskImages.framework/Versions/A/DiskImages
0x00007fff331a7000 	/System/Library/PrivateFrameworks/LoginUIKit.framework/Versions/A/Frameworks/LoginUICore.framework/Versions/A/LoginUICore
0x00007fff2bb91000 	/usr/lib/libodfde.dylib
0x00007fff311b9000 	/System/Library/PrivateFrameworks/CoreAVCHD.framework/Versions/A/CoreAVCHD
0x00007fff303a0000 	/System/Library/Frameworks/MediaAccessibility.framework/Versions/A/MediaAccessibility
0x00007fff311b5000 	/System/Library/PrivateFrameworks/Mangrove.framework/Versions/A/Mangrove
0x00007fff303ac000 	/System/Library/PrivateFrameworks/AlgosScoreFramework.framework/Versions/A/AlgosScoreFramework
0x00007fff31ba3000 	/System/Library/PrivateFrameworks/AppleVPA.framework/Versions/A/AppleVPA
0x00007fff30dfa000 	/System/Library/PrivateFrameworks/CoreAUC.framework/Versions/A/CoreAUC
0x00007fff33140000 	/usr/lib/libcurl.4.dylib
0x00007fff32ea0000 	/usr/lib/libcrypto.44.dylib
0x00007fff32fa6000 	/usr/lib/libssl.46.dylib
0x00007fff32e66000 	/System/Library/Frameworks/LDAP.framework/Versions/A/LDAP
0x00007fff32e9e000 	/System/Library/PrivateFrameworks/TrustEvaluationAgent.framework/Versions/A/TrustEvaluationAgent
0x00007fff2d0bb000 	/usr/lib/libsasl2.2.dylib
0x00007fff303d1000 	/System/Library/PrivateFrameworks/CoreDaemon.framework/Versions/B/CoreDaemon
0x00007fff303cc000 	/System/Library/PrivateFrameworks/AppleSRP.framework/Versions/A/AppleSRP
0x0000000130c73000 	/Library/Java/JavaVirtualMachines/liberica-jdk-11.jdk/Contents/Home/lib/libextnet.dylib


VM Arguments:
jvm_args: --module-path=/Library/Java/javafx-sdk-17.0.7/lib --add-modules=javafx.swing,javafx.graphics,javafx.fxml,javafx.media,javafx.controls -Dfile.encoding=UTF-8 
java_command: server.CEMSserverUI
java_class_path (initial): /Users/morshmuel/Documents/GitHub/CEMS/CEMS_Code/Server/bin:/Users/morshmuel/Documents/GitHub/CEMS/CEMS_Code/Shared/bin:/Library/Java/javafx-sdk-17.0.7/lib/javafx-swt.jar:/Library/Java/javafx-sdk-17.0.7/lib/javafx.base.jar:/Library/Java/javafx-sdk-17.0.7/lib/javafx.controls.jar:/Library/Java/javafx-sdk-17.0.7/lib/javafx.fxml.jar:/Library/Java/javafx-sdk-17.0.7/lib/javafx.graphics.jar:/Library/Java/javafx-sdk-17.0.7/lib/javafx.media.jar:/Library/Java/javafx-sdk-17.0.7/lib/javafx.swing.jar:/Library/Java/javafx-sdk-17.0.7/lib/javafx.web.jar:/Users/morshmuel/Documents/GitHub/CEMS/CEMS_Code/OCSF/bin:/Users/morshmuel/Documents/GitHub/CEMS/CEMS_Code/Server/lib/mysql-connector-java-8.0.13.jar
Launcher Type: SUN_STANDARD

[Global flags]
     intx CICompilerCount                          = 3                                         {product} {ergonomic}
     uint ConcGCThreads                            = 1                                         {product} {ergonomic}
     uint G1ConcRefinementThreads                  = 4                                         {product} {ergonomic}
   size_t G1HeapRegionSize                         = 1048576                                   {product} {ergonomic}
    uintx GCDrainStackTargetSize                   = 64                                        {product} {ergonomic}
   size_t InitialHeapSize                          = 134217728                                 {product} {ergonomic}
   size_t MarkStackSize                            = 4194304                                   {product} {ergonomic}
   size_t MaxHeapSize                              = 2147483648                                {product} {ergonomic}
   size_t MaxNewSize                               = 1287651328                                {product} {ergonomic}
   size_t MinHeapDeltaBytes                        = 1048576                                   {product} {ergonomic}
    uintx NonNMethodCodeHeapSize                   = 5830732                                {pd product} {ergonomic}
    uintx NonProfiledCodeHeapSize                  = 122913754                              {pd product} {ergonomic}
    uintx ProfiledCodeHeapSize                     = 122913754                              {pd product} {ergonomic}
    uintx ReservedCodeCacheSize                    = 251658240                              {pd product} {ergonomic}
     bool SegmentedCodeCache                       = true                                      {product} {ergonomic}
     bool UseCompressedClassPointers               = true                                 {lp64_product} {ergonomic}
     bool UseCompressedOops                        = true                                 {lp64_product} {ergonomic}
     bool UseG1GC                                  = true                                      {product} {ergonomic}

Logging:
Log output configuration:
 #0: stdout all=warning uptime,level,tags
 #1: stderr all=off uptime,level,tags

Environment Variables:
PATH=/usr/bin:/bin:/usr/sbin:/sbin
SHELL=/bin/zsh
TMPDIR=/var/folders/dk/654bzm912_l_xdjgh4gsflhh0000gn/T/

Signal Handlers:
SIGSEGV: [libjvm.dylib+0x7cd1d0], sa_mask[0]=11111111011111110111111111111111, sa_flags=SA_ONSTACK|SA_RESTART|SA_SIGINFO
SIGBUS: [libjvm.dylib+0x7cd1d0], sa_mask[0]=11111111011111110111111111111111, sa_flags=SA_RESTART|SA_SIGINFO
SIGFPE: [libjvm.dylib+0x7cd1d0], sa_mask[0]=11111111011111110111111111111111, sa_flags=SA_RESTART|SA_SIGINFO
SIGPIPE: [libjvm.dylib+0x63394a], sa_mask[0]=11111111011111110111111111111111, sa_flags=SA_RESTART|SA_SIGINFO
SIGXFSZ: [libjvm.dylib+0x63394a], sa_mask[0]=11111111011111110111111111111111, sa_flags=SA_RESTART|SA_SIGINFO
SIGILL: [libjvm.dylib+0x7cd1d0], sa_mask[0]=11111111011111110111111111111111, sa_flags=SA_RESTART|SA_SIGINFO
SIGUSR2: [libjvm.dylib+0x633f1e], sa_mask[0]=00100000000000000000000000000000, sa_flags=SA_RESTART|SA_SIGINFO
SIGHUP: [libjvm.dylib+0x632a77], sa_mask[0]=11111111011111110111111111111111, sa_flags=SA_RESTART|SA_SIGINFO
SIGINT: [libjvm.dylib+0x632a77], sa_mask[0]=11111111011111110111111111111111, sa_flags=SA_RESTART|SA_SIGINFO
SIGTERM: [libjvm.dylib+0x632a77], sa_mask[0]=11111111011111110111111111111111, sa_flags=SA_RESTART|SA_SIGINFO
SIGQUIT: [libjvm.dylib+0x632a77], sa_mask[0]=11111111011111110111111111111111, sa_flags=SA_RESTART|SA_SIGINFO


---------------  S Y S T E M  ---------------

OS:uname:Darwin 20.6.0 Darwin Kernel Version 20.6.0: Fri Dec 16 00:35:00 PST 2022; root:xnu-7195.141.49~1/RELEASE_X86_64 x86_64
OS uptime: 3 days 20:11 hours
rlimit (soft/hard): STACK 8192k/65532k , CORE 0k/infinity , NPROC 1392/2088 , NOFILE 10240/infinity , AS infinity/infinity , CPU infinity/infinity , DATA infinity/infinity , FSIZE infinity/infinity , MEMLOCK infinity/infinity , RSS infinity/infinity
load average:18.57 19.48 12.78

CPU:total 4 (initial active 4) (2 cores per cpu, 2 threads per core) family 6 model 61 stepping 4 microcode 0x2f, cmov, cx8, fxsr, mmx, sse, sse2, sse3, ssse3, sse4.1, sse4.2, popcnt, avx, avx2, aes, clmul, erms, 3dnowpref, lzcnt, ht, tsc, tscinvbit, bmi1, bmi2, adx, fma

Memory: 4k page, physical 8388608k(46192k free), swap 2097152k(1165056k free)

vm_info: OpenJDK 64-Bit Server VM (11.0.18+10-LTS) for bsd-amd64 JRE (11.0.18+10-LTS), built on Jan 12 2023 13:02:54 by "re" with clang 4.2.1 Compatible Apple LLVM 11.0.0 (clang-1100.0.33.17)

END.
