#
# A fatal error has been detected by the Java Runtime Environment:
#
#  SIGSEGV (0xb) at pc=0x00000001192ce19b, pid=33873, tid=16447
#
# JRE version: OpenJDK Runtime Environment (11.0.18+10) (build 11.0.18+10-LTS)
# Java VM: OpenJDK 64-Bit Server VM (11.0.18+10-LTS, mixed mode, tiered, compressed oops, g1 gc, bsd-amd64)
# Problematic frame:
# J 1092 c1 java.lang.ClassLoader.checkCerts(Ljava/lang/String;Ljava/security/CodeSource;)V java.base@11.0.18 (195 bytes) @ 0x00000001192ce19b [0x00000001192cd880+0x000000000000091b]
#
# No core dump will be written. Core dumps have been disabled. To enable core dumping, try "ulimit -c unlimited" before starting Java again
#
# If you would like to submit a bug report, please visit:
#   https://bell-sw.com/support
#

---------------  S U M M A R Y ------------

Command Line: --module-path=/Library/Java/javafx-sdk-17.0.7/lib --add-modules=javafx.swing,javafx.graphics,javafx.fxml,javafx.media,javafx.controls -Dfile.encoding=UTF-8 server.CEMSserverUI

Host: MacBookPro12,1 x86_64 2700 MHz, 4 cores, 8G, Darwin 20.6.0
Time: Tue Jun 13 13:31:18 2023 IDT elapsed time: 18.098880 seconds (0d 0h 0m 18s)

---------------  T H R E A D  ---------------

Current thread (0x00007fc0c3353000):  JavaThread "Thread-4" [_thread_in_Java, id=16447, stack(0x0000700008315000,0x0000700008415000)]

Stack: [0x0000700008315000,0x0000700008415000],  sp=0x0000700008413d50,  free space=1019k
Native frames: (J=compiled Java code, A=aot compiled Java code, j=interpreted, Vv=VM code, C=native code)
J 1092 c1 java.lang.ClassLoader.checkCerts(Ljava/lang/String;Ljava/security/CodeSource;)V java.base@11.0.18 (195 bytes) @ 0x00000001192ce19b [0x00000001192cd880+0x000000000000091b]
J 1098 c1 java.lang.ClassLoader.preDefineClass(Ljava/lang/String;Ljava/security/ProtectionDomain;)Ljava/security/ProtectionDomain; java.base@11.0.18 (116 bytes) @ 0x00000001192d0bec [0x00000001192cfb60+0x000000000000108c]
J 1104 c1 java.lang.ClassLoader.defineClass(Ljava/lang/String;[BIILjava/security/ProtectionDomain;)Ljava/lang/Class; java.base@11.0.18 (43 bytes) @ 0x00000001192d40cc [0x00000001192d4020+0x00000000000000ac]
j  java.security.SecureClassLoader.defineClass(Ljava/lang/String;[BIILjava/security/CodeSource;)Ljava/lang/Class;+12 java.base@11.0.18
j  jdk.internal.loader.BuiltinClassLoader.defineClass(Ljava/lang/String;Ljdk/internal/loader/Resource;)Ljava/lang/Class;+117 java.base@11.0.18
j  jdk.internal.loader.BuiltinClassLoader.findClassOnClassPathOrNull(Ljava/lang/String;)Ljava/lang/Class;+37 java.base@11.0.18
J 818 c1 jdk.internal.loader.BuiltinClassLoader.loadClassOrNull(Ljava/lang/String;Z)Ljava/lang/Class; java.base@11.0.18 (143 bytes) @ 0x00000001192472dc [0x0000000119246180+0x000000000000115c]
J 932 c1 jdk.internal.loader.ClassLoaders$AppClassLoader.loadClass(Ljava/lang/String;Z)Ljava/lang/Class; java.base@11.0.18 (40 bytes) @ 0x0000000119282a2c [0x0000000119282460+0x00000000000005cc]
J 930 c1 java.lang.ClassLoader.loadClass(Ljava/lang/String;)Ljava/lang/Class; java.base@11.0.18 (7 bytes) @ 0x00000001192833c4 [0x00000001192832c0+0x0000000000000104]
v  ~StubRoutines::call_stub
V  [libjvm.dylib+0x3bbe80]  JavaCalls::call_helper(JavaValue*, methodHandle const&, JavaCallArguments*, Thread*)+0x1fe
V  [libjvm.dylib+0x3bb301]  JavaCalls::call_virtual(JavaValue*, Klass*, Symbol*, Symbol*, JavaCallArguments*, Thread*)+0xe9
V  [libjvm.dylib+0x3bb449]  JavaCalls::call_virtual(JavaValue*, Handle, Klass*, Symbol*, Symbol*, Handle, Thread*)+0x6f
V  [libjvm.dylib+0x75c629]  SystemDictionary::load_instance_class(Symbol*, Handle, Thread*)+0x101
V  [libjvm.dylib+0x75b8f5]  SystemDictionary::resolve_instance_class_or_null(Symbol*, Handle, Handle, Thread*)+0x421
V  [libjvm.dylib+0x75b12f]  SystemDictionary::resolve_or_fail(Symbol*, Handle, Handle, bool, Thread*)+0x1b
V  [libjvm.dylib+0x26e218]  ConstantPool::klass_at_impl(constantPoolHandle const&, int, bool, Thread*)+0x10a
V  [libjvm.dylib+0x3a0d79]  ConstantPool::klass_at(int, Thread*)+0x4d
V  [libjvm.dylib+0x3b419b]  InterpreterRuntime::_new(JavaThread*, ConstantPool*, int)+0x29
j  server.CEMSserver.serverStarted()V+57
j  ocsf.server.AbstractServer.run()V+1
j  java.lang.Thread.run()V+11 java.base@11.0.18
v  ~StubRoutines::call_stub
V  [libjvm.dylib+0x3bbe80]  JavaCalls::call_helper(JavaValue*, methodHandle const&, JavaCallArguments*, Thread*)+0x1fe
V  [libjvm.dylib+0x3bb301]  JavaCalls::call_virtual(JavaValue*, Klass*, Symbol*, Symbol*, JavaCallArguments*, Thread*)+0xe9
V  [libjvm.dylib+0x3bb3bc]  JavaCalls::call_virtual(JavaValue*, Handle, Klass*, Symbol*, Symbol*, Thread*)+0x62
V  [libjvm.dylib+0x44637d]  thread_entry(JavaThread*, Thread*)+0x78
V  [libjvm.dylib+0x7839a4]  JavaThread::thread_main_inner()+0x82
V  [libjvm.dylib+0x7837ff]  JavaThread::run()+0x121
V  [libjvm.dylib+0x781724]  Thread::call_run()+0x68
V  [libjvm.dylib+0x63189b]  thread_native_entry(Thread*)+0x122
C  [libsystem_pthread.dylib+0x68fc]  _pthread_start+0xe0
C  [libsystem_pthread.dylib+0x2443]  thread_start+0xf


siginfo: si_signo: 11 (SIGSEGV), si_code: 1 (SEGV_MAPERR), si_addr: 0x0000000000000090

Register to memory mapping:

RAX=0x00000001345bef58 is pointing into metadata
RBX=0x0 is NULL
RCX=0x0000000800019018 is a pointer to class: 
java.util.concurrent.ConcurrentHashMap {0x0000000800019018}
 - instance size:     8
 - klass size:        181
 - access:            public synchronized 
 - state:             fully_initialized
 - name:              'java/util/concurrent/ConcurrentHashMap'
 - super:             'java/util/AbstractMap'
 - sub:               
 - arrays:            NULL
 - methods:           Array<T>(0x000000012dcb79d0)
 - method ordering:   Array<T>(0x000000012db84058)
 - default_methods:   Array<T>(0x0000000000000000)
 - local interfaces:  Array<T>(0x000000012dcb5568)
 - trans. interfaces: Array<T>(0x000000012dcbffd8)
 - constants:         constant pool [1210] {0x000000012dcb2c38} for 'java/util/concurrent/ConcurrentHashMap' cache=0x000000012dcc02a8
 - class loader data:  loader data: 0x00007fc0c2422b10 of 'bootstrap'
 - host class:        NULL
 - source file:       'ConcurrentHashMap.java'
 - class annotations:       Array<T>(0x0000000000000000)
 - class type annotations:  Array<T>(0x0000000000000000)
 - field annotations:       Array<T>(0x0000000000000000)
 - field type annotations:  Array<T>(0x0000000000000000)
 - generic signature: '<K:Ljava/lang/Object;V:Ljava/lang/Object;>Ljava/util/AbstractMap<TK;TV;>;Ljava/util/concurrent/ConcurrentMap<TK;TV;>;Ljava/io/Serializable;'
 - inner classes:     Array<T>(0x000000012dcbfd98)
 - nest members:     Array<T>(0x000000012dcbff68)
 - java mirror:       a 'java/lang/Class'{0x000000078555f1c8} = 'java/util/concurrent/ConcurrentHashMap'
 - vtable length      67  (start addr: 0x00000008000191e8)
 - itable length      54 (start addr: 0x0000000800019400)
 - ---- static fields (17 words):
 - private static final 'serialVersionUID' 'J' @120 
 - private static final 'MAXIMUM_CAPACITY' 'I' @168 
 - private static final 'DEFAULT_CAPACITY' 'I' @172 
 - static final 'MAX_ARRAY_SIZE' 'I' @176 
 - private static final 'DEFAULT_CONCURRENCY_LEVEL' 'I' @180 
 - private static final 'LOAD_FACTOR' 'F' @184 
 - static final 'TREEIFY_THRESHOLD' 'I' @188 
 - static final 'UNTREEIFY_THRESHOLD' 'I' @192 
 - static final 'MIN_TREEIFY_CAPACITY' 'I' @196 
 - private static final 'MIN_TRANSFER_STRIDE' 'I' @200 
 - private static final 'RESIZE_STAMP_BITS' 'I' @204 
 - private static final 'MAX_RESIZERS' 'I' @208 
 - private static final 'RESIZE_STAMP_SHIFT' 'I' @212 
 - static final 'MOVED' 'I' @216 
 - static final 'TREEBIN' 'I' @220 
 - static final 'RESERVED' 'I' @224 
 - static final 'HASH_BITS' 'I' @228 
 - static final 'NCPU' 'I' @232 
 - private static final 'serialPersistentFields' '[Ljava/io/ObjectStreamField;' @112 
 - private static final 'U' 'Ljdk/internal/misc/Unsafe;' @116 
 - private static final 'SIZECTL' 'J' @128 
 - private static final 'TRANSFERINDEX' 'J' @136 
 - private static final 'BASECOUNT' 'J' @144 
 - private static final 'CELLSBUSY' 'J' @152 
 - private static final 'CELLVALUE' 'J' @160 
 - private static final 'ABASE' 'I' @236 
 - private static final 'ASHIFT' 'I' @240 
 - ---- non-static fields (13 words):
 - transient strict 'keySet' 'Ljava/util/Set;' @12 
 - transient strict 'values' 'Ljava/util/Collection;' @16 
 - private volatile transient 'sizeCtl' 'I' @20 
 - private volatile transient 'baseCount' 'J' @24 
 - private volatile transient 'transferIndex' 'I' @32 
 - private volatile transient 'cellsBusy' 'I' @36 
 - volatile transient strict 'table' '[Ljava/util/concurrent/ConcurrentHashMap$Node;' @40 
 - private volatile transient strict 'nextTable' '[Ljava/util/concurrent/ConcurrentHashMap$Node;' @44 
 - private volatile transient 'counterCells' '[Ljava/util/concurrent/ConcurrentHashMap$CounterCell;' @48 
 - private transient strict 'keySet' 'Ljava/util/concurrent/ConcurrentHashMap$KeySetView;' @52 
 - private transient strict 'values' 'Ljava/util/concurrent/ConcurrentHashMap$ValuesView;' @56 
 - private transient strict 'entrySet' 'Ljava/util/concurrent/ConcurrentHashMap$EntrySetView;' @60 
 - non-static oop maps: 12-16 40-60 
RDX=0x0000000000000088 is an unknown value
RSP=0x0000700008413d50 is pointing into the stack for thread: 0x00007fc0c3353000
RBP=0x00007000084140c8 is pointing into the stack for thread: 0x00007fc0c3353000
RSI=0x0000000785a2e250 is an oop: jdk.internal.loader.ClassLoaders$AppClassLoader 
{0x0000000785a2e250} - klass: 'jdk/internal/loader/ClassLoaders$AppClassLoader'
 - ---- fields (total size 15 words):
 - private final 'parent' 'Ljava/lang/ClassLoader;' @12  a 'java/lang/Object'[5] {0x0000000786480f18} (f0c901e3)
 - private final 'name' 'Ljava/lang/String;' @16  "app"{0x00000007859ae210} (f0b35c42)
 - private final 'unnamedModule' 'Ljava/lang/Module;' @20  a 'java/lang/Module'{0x00000007859ae680} (f0b35cd0)
 - private final 'nameAndId' 'Ljava/lang/String;' @24  "'app'"{0x000000078563fb30} (f0ac7f66)
 - private final strict 'parallelLockMap' 'Ljava/util/concurrent/ConcurrentHashMap;' @28  a 'java/util/concurrent/ConcurrentHashMap'{0x000000078563fb60} (f0ac7f6c)
 - private final strict 'package2certs' 'Ljava/util/Map;' @32  
[error occurred during error reporting (printing register info), id 0xb, SIGSEGV (0xb) at pc=0x000000010ebbc819]

Registers:
RAX=0x00000001345bef58, RBX=0x0000000000000000, RCX=0x0000000800019018, RDX=0x0000000000000088
RSP=0x0000700008413d50, RBP=0x00007000084140c8, RSI=0x0000000785a2e250, RDI=0x0000000000000651
R8 =0x0000000786481970, R9 =0x0000000000000003, R10=0x000000010c4ea000, R11=0x0000000786483088
R12=0x0000000000000000, R13=0x00000007864830a0, R14=0x0000000786483088, R15=0x00007fc0c3353000
RIP=0x00000001192ce19b, EFLAGS=0x0000000000010206, ERR=0x0000000000000004
  TRAPNO=0x000000000000000e

Top of Stack: (sp=0x0000700008413d50)
0x0000700008413d50:   00007fc0c6879038 00007000084144d8
0x0000700008413d60:   0000700008413d90 000000010ebfb980
0x0000700008413d70:   00007fc0c3353000 00007fc0c3353348
0x0000700008413d80:   0000700008413e58 0000000000000016
0x0000700008413d90:   0000700008413dd0 000000010c4bbf8d
0x0000700008413da0:   00007000084140c8 00000001191cd474
0x0000700008413db0:   0000000000000000 000000012dd0cfe8
0x0000700008413dc0:   0000000000000000 0000000786482f38
0x0000700008413dd0:   0000000785a30618 0000000118b93f21
0x0000700008413de0:   0000000118b8e267 0000000786482218
0x0000700008413df0:   0000000786481958 0000000785a30618
0x0000700008413e00:   0000000785a2e250 0000000786483088
0x0000700008413e10:   00007000084140c8 00000001192956b4
0x0000700008413e20:   000000012dd0cff0 0000000786481958
0x0000700008413e30:   0000700008413e58 0000000786483060
0x0000700008413e40:   00000007853067d0 0000000000000000
0x0000700008413e50:   00007000084140c8 00000001192d0bec
0x0000700008413e60:   0000000064871645 0000000000000000
0x0000700008413e70:   0000700008413e60 000000012dd0cf38
0x0000700008413e80:   0000700008413ec8 000000012dd0d440
0x0000700008413e90:   0000000000000000 000000078555e0c8
0x0000700008413ea0:   000000012dd0cf58 0000000000000000
0x0000700008413eb0:   0000700008413ec8 0000700008413f18
0x0000700008413ec0:   0000000118b8e267 0000000786482218
0x0000700008413ed0:   0000700008413ed0 000000012e15d507
0x0000700008413ee0:   0000700008413f28 000000012e15d5b0
0x0000700008413ef0:   0000000000000000 000000078550afb0
0x0000700008413f00:   0000000785306690 0000000786483070
0x0000700008413f10:   0000000786483060 0000000786481958
0x0000700008413f20:   0000000785a2e250 0000000785a305f0
0x0000700008413f30:   0000000000000018 3cb6d13200000002
0x0000700008413f40:   0000700008413f30 00000007853067b0 

Instructions: (pc=0x00000001192ce19b)
0x00000001192ce09b:   00 00 49 81 b8 38 03 00 00 00 00 00 00 75 17 49
0x00000001192ce0ab:   89 90 38 03 00 00 49 c7 80 40 03 00 00 01 00 00
0x00000001192ce0bb:   00 e9 2c 00 00 00 49 81 b8 48 03 00 00 00 00 00
0x00000001192ce0cb:   00 75 17 49 89 90 48 03 00 00 49 c7 80 50 03 00
0x00000001192ce0db:   00 01 00 00 00 e9 08 00 00 00 49 83 80 28 03 00
0x00000001192ce0eb:   00 01 48 8b 94 24 b8 00 00 00 48 8b f0 0f 1f 44
0x00000001192ce0fb:   00 00 48 b8 ff ff ff ff ff ff ff ff e8 74 09 90
0x00000001192ce10b:   ff 48 8d 84 24 e8 00 00 00 48 8b 48 08 48 8b 11
0x00000001192ce11b:   48 83 e2 07 48 83 fa 05 0f 84 17 00 00 00 48 8b
0x00000001192ce12b:   10 48 85 d2 0f 84 0b 00 00 00 f0 48 0f b1 11 0f
0x00000001192ce13b:   85 e6 0a 00 00 48 ba 58 ef 5b 34 01 00 00 00 ff
0x00000001192ce14b:   82 60 03 00 00 48 8b bc 24 c8 00 00 00 48 ba 58
0x00000001192ce15b:   ef 5b 34 01 00 00 00 ff 82 78 03 00 00 e9 d2 02
0x00000001192ce16b:   00 00 8b 56 20 48 c1 e2 03 48 83 fa 00 75 17 49
0x00000001192ce17b:   b8 58 ef 5b 34 01 00 00 00 41 80 88 89 03 00 00
0x00000001192ce18b:   01 e9 d8 00 00 00 48 b9 18 90 01 00 08 00 00 00
0x00000001192ce19b:   8b 7a 08 49 bc 00 00 00 00 08 00 00 00 49 03 fc
0x00000001192ce1ab:   4d 33 e4 48 3b cf 0f 85 96 00 00 00 49 b8 58 ef
0x00000001192ce1bb:   5b 34 01 00 00 00 8b 4a 08 49 bc 00 00 00 00 08
0x00000001192ce1cb:   00 00 00 49 03 cc 4d 33 e4 49 3b 88 a0 03 00 00
0x00000001192ce1db:   75 0d 49 83 80 a8 03 00 00 01 e9 7f 00 00 00 49
0x00000001192ce1eb:   3b 88 b0 03 00 00 75 0d 49 83 80 b8 03 00 00 01
0x00000001192ce1fb:   e9 69 00 00 00 49 81 b8 a0 03 00 00 00 00 00 00
0x00000001192ce20b:   75 17 49 89 88 a0 03 00 00 49 c7 80 a8 03 00 00
0x00000001192ce21b:   01 00 00 00 e9 45 00 00 00 49 81 b8 b0 03 00 00
0x00000001192ce22b:   00 00 00 00 75 17 49 89 88 b0 03 00 00 49 c7 80
0x00000001192ce23b:   b8 03 00 00 01 00 00 00 e9 21 00 00 00 e9 1c 00
0x00000001192ce24b:   00 00 49 b8 58 ef 5b 34 01 00 00 00 49 83 a8 90
0x00000001192ce25b:   03 00 00 01 e9 d8 09 00 00 e9 00 00 00 00 48 8b
0x00000001192ce26b:   fa 48 83 fb 00 48 ba 58 ef 5b 34 01 00 00 00 48
0x00000001192ce27b:   b9 c8 03 00 00 00 00 00 00 0f 85 0a 00 00 00 48
0x00000001192ce28b:   b9 d8 03 00 00 00 00 00 00 4c 8b 04 0a 4d 8d 40 


Stack slot to memory mapping:
stack at sp + 0 slots: 0x00007fc0c6879038 points into unknown readable memory: 0x0000000000000000 | 00 00 00 00 00 00 00 00
stack at sp + 1 slots: 0x00007000084144d8 is pointing into the stack for thread: 0x00007fc0c3353000
stack at sp + 2 slots: 0x0000700008413d90 is pointing into the stack for thread: 0x00007fc0c3353000
stack at sp + 3 slots: 0x000000010ebfb980: jni_ExceptionOccurred+0x10f in /Library/Java/JavaVirtualMachines/liberica-jdk-11.jdk/Contents/Home/lib/server/libjvm.dylib at 0x000000010e800000
stack at sp + 4 slots: 0x00007fc0c3353000 is a thread
stack at sp + 5 slots: 0x00007fc0c3353348 points into unknown readable memory: 0x000000010f192b98 | 98 2b 19 0f 01 00 00 00
stack at sp + 6 slots: 0x0000700008413e58 is pointing into the stack for thread: 0x00007fc0c3353000
stack at sp + 7 slots: 0x0000000000000016 is an unknown value



---------------  P R O C E S S  ---------------

Threads class SMR info:
_java_thread_list=0x00007fc0c6398670, length=17, elements={
0x00007fc0c4009800, 0x00007fc0c385a000, 0x00007fc0c302f000, 0x00007fc0c2856000,
0x00007fc0c385c000, 0x00007fc0c3862800, 0x00007fc0c3047800, 0x00007fc0c3058800,
0x00007fc0c28b9000, 0x00007fc0c41b0000, 0x00007fc0c3196000, 0x00007fc0c3981800,
0x00007fc0c31ca000, 0x00007fc0c4260800, 0x00007fc0c41a8000, 0x00007fc0c3583000,
0x00007fc0c3353000
}

Java Threads: ( => current thread )
  0x00007fc0c4009800 JavaThread "main" [_thread_blocked, id=10243, stack(0x0000700006635000,0x0000700006735000)]
  0x00007fc0c385a000 JavaThread "Reference Handler" daemon [_thread_blocked, id=17155, stack(0x0000700006d4a000,0x0000700006e4a000)]
  0x00007fc0c302f000 JavaThread "Finalizer" daemon [_thread_blocked, id=16643, stack(0x0000700006e4d000,0x0000700006f4d000)]
  0x00007fc0c2856000 JavaThread "Signal Dispatcher" daemon [_thread_blocked, id=14339, stack(0x0000700007056000,0x0000700007156000)]
  0x00007fc0c385c000 JavaThread "Service Thread" daemon [_thread_blocked, id=22019, stack(0x0000700007159000,0x0000700007259000)]
  0x00007fc0c3862800 JavaThread "C2 CompilerThread0" daemon [_thread_in_native, id=42755, stack(0x000070000725c000,0x000070000735c000)]
  0x00007fc0c3047800 JavaThread "C1 CompilerThread0" daemon [_thread_blocked, id=42243, stack(0x000070000735f000,0x000070000745f000)]
  0x00007fc0c3058800 JavaThread "Sweeper thread" daemon [_thread_blocked, id=41987, stack(0x0000700007462000,0x0000700007562000)]
  0x00007fc0c28b9000 JavaThread "Common-Cleaner" daemon [_thread_blocked, id=41219, stack(0x0000700007565000,0x0000700007665000)]
  0x00007fc0c41b0000 JavaThread "QuantumRenderer-0" daemon [_thread_blocked, id=40451, stack(0x000070000776b000,0x000070000786b000)]
  0x00007fc0c3196000 JavaThread "InvokeLaterDispatcher" daemon [_thread_blocked, id=26883, stack(0x000070000786e000,0x000070000796e000)]
  0x00007fc0c3981800 JavaThread "JavaFX Application Thread" [_thread_in_native, id=259, stack(0x00007ffee2f96000,0x00007ffee3796000)]
  0x00007fc0c31ca000 JavaThread "JavaFX-Launcher" [_thread_blocked, id=54019, stack(0x000070000800c000,0x000070000810c000)]
  0x00007fc0c4260800 JavaThread "PulseTimer-CVDisplayLink thread" daemon [_thread_in_native, id=53063, stack(0x0000700007c7a000,0x0000700007cfa000)]
  0x00007fc0c41a8000 JavaThread "Prism Font Disposer" daemon [_thread_blocked, id=69919, stack(0x000070000810f000,0x000070000820f000)]
  0x00007fc0c3583000 JavaThread "Cleaner-0" daemon [_thread_blocked, id=60967, stack(0x0000700008212000,0x0000700008312000)]
=>0x00007fc0c3353000 JavaThread "Thread-4" [_thread_in_Java, id=16447, stack(0x0000700008315000,0x0000700008415000)]

Other Threads:
  0x00007fc0c284f000 VMThread "VM Thread" [stack: 0x0000700006c47000,0x0000700006d47000] [id=17667]
  0x00007fc0c3863800 WatcherThread [stack: 0x0000700007668000,0x0000700007768000] [id=40963]
  0x00007fc0c3818800 GCTaskThread "GC Thread#0" [stack: 0x0000700006738000,0x0000700006838000] [id=20995]
  0x00007fc0c3197000 GCTaskThread "GC Thread#1" [stack: 0x0000700007971000,0x0000700007a71000] [id=36355]
  0x00007fc0c3982800 GCTaskThread "GC Thread#2" [stack: 0x0000700007a74000,0x0000700007b74000] [id=27651]
  0x00007fc0c319c800 GCTaskThread "GC Thread#3" [stack: 0x0000700007b77000,0x0000700007c77000] [id=35843]
  0x00007fc0c382f800 ConcurrentGCThread "G1 Main Marker" [stack: 0x000070000683b000,0x000070000693b000] [id=20483]
  0x00007fc0c2809800 ConcurrentGCThread "G1 Conc#0" [stack: 0x000070000693e000,0x0000700006a3e000] [id=19715]
  0x00007fc0c384a800 ConcurrentGCThread "G1 Refine#0" [stack: 0x0000700006a41000,0x0000700006b41000] [id=19203]
  0x00007fc0c384b000 ConcurrentGCThread "G1 Young RemSet Sampling" [stack: 0x0000700006b44000,0x0000700006c44000] [id=18947]

Threads with active compile tasks:
C2 CompilerThread0    18215 3145       4       com.sun.javafx.css.StyleCacheEntry::get (37 bytes)

VM state:not at safepoint (normal execution)

VM Mutex/Monitor currently owned by a thread: None

OutOfMemory and StackOverflow Exception counts:
StackOverflowErrors=2
LinkageErrors=37

Heap address: 0x0000000780000000, size: 2048 MB, Compressed Oops mode: Zero based, Oop shift amount: 3
Narrow klass base: 0x0000000800000000, Narrow klass shift: 0
Compressed class space size: 1073741824 Address: 0x0000000800000000

Heap:
 garbage-first heap   total 131072K, used 58428K [0x0000000780000000, 0x0000000800000000)
  region size 1024K, 36 young (36864K), 8 survivors (8192K)
 Metaspace       used 27645K, capacity 28886K, committed 29312K, reserved 1075200K
  class space    used 3581K, capacity 4103K, committed 4224K, reserved 1048576K
Heap Regions: E=young(eden), S=young(survivor), O=old, HS=humongous(starts), HC=humongous(continues), CS=collection set, F=free, A=archive, TAMS=top-at-mark-start (previous, next)
|   0|0x0000000780000000, 0x0000000780100000, 0x0000000780100000|100%|HS|  |TAMS 0x0000000780100000, 0x0000000780000000| Complete 
|   1|0x0000000780100000, 0x0000000780200000, 0x0000000780200000|100%|HS|  |TAMS 0x0000000780200000, 0x0000000780100000| Complete 
|   2|0x0000000780200000, 0x0000000780300000, 0x0000000780300000|100%|HC|  |TAMS 0x0000000780300000, 0x0000000780200000| Complete 
|   3|0x0000000780300000, 0x0000000780400000, 0x0000000780400000|100%|HS|  |TAMS 0x0000000780400000, 0x0000000780300000| Complete 
|   4|0x0000000780400000, 0x0000000780500000, 0x0000000780500000|100%|HC|  |TAMS 0x0000000780500000, 0x0000000780400000| Complete 
|   5|0x0000000780500000, 0x0000000780600000, 0x0000000780600000|100%|HC|  |TAMS 0x0000000780600000, 0x0000000780500000| Complete 
|   6|0x0000000780600000, 0x0000000780700000, 0x0000000780700000|100%|HC|  |TAMS 0x0000000780700000, 0x0000000780600000| Complete 
|   7|0x0000000780700000, 0x0000000780800000, 0x0000000780800000|100%|HC|  |TAMS 0x0000000780800000, 0x0000000780700000| Complete 
|   8|0x0000000780800000, 0x0000000780900000, 0x0000000780900000|100%|HC|  |TAMS 0x0000000780900000, 0x0000000780800000| Complete 
|   9|0x0000000780900000, 0x0000000780a00000, 0x0000000780a00000|100%|HC|  |TAMS 0x0000000780a00000, 0x0000000780900000| Complete 
|  10|0x0000000780a00000, 0x0000000780b00000, 0x0000000780b00000|100%|HC|  |TAMS 0x0000000780b00000, 0x0000000780a00000| Complete 
|  11|0x0000000780b00000, 0x0000000780c00000, 0x0000000780c00000|100%|HC|  |TAMS 0x0000000780c00000, 0x0000000780b00000| Complete 
|  12|0x0000000780c00000, 0x0000000780d00000, 0x0000000780d00000|100%|HC|  |TAMS 0x0000000780d00000, 0x0000000780c00000| Complete 
|  13|0x0000000780d00000, 0x0000000780e00000, 0x0000000780e00000|100%|HC|  |TAMS 0x0000000780e00000, 0x0000000780d00000| Complete 
|  14|0x0000000780e00000, 0x0000000780f00000, 0x0000000780f00000|100%|HC|  |TAMS 0x0000000780f00000, 0x0000000780e00000| Complete 
|  15|0x0000000780f00000, 0x0000000781000000, 0x0000000781000000|100%|HC|  |TAMS 0x0000000781000000, 0x0000000780f00000| Complete 
|  16|0x0000000781000000, 0x0000000781100000, 0x0000000781100000|100%|HC|  |TAMS 0x0000000781100000, 0x0000000781000000| Complete 
|  17|0x0000000781100000, 0x0000000781200000, 0x0000000781200000|100%|HC|  |TAMS 0x0000000781200000, 0x0000000781100000| Complete 
|  18|0x0000000781200000, 0x0000000781300000, 0x0000000781300000|100%|HS|  |TAMS 0x0000000781300000, 0x0000000781200000| Complete 
|  19|0x0000000781300000, 0x0000000781400000, 0x0000000781400000|100%|HC|  |TAMS 0x0000000781400000, 0x0000000781300000| Complete 
|  20|0x0000000781400000, 0x0000000781500000, 0x0000000781500000|100%|HS|  |TAMS 0x0000000781500000, 0x0000000781400000| Complete 
|  21|0x0000000781500000, 0x0000000781600000, 0x0000000781600000|100%|HC|  |TAMS 0x0000000781600000, 0x0000000781500000| Complete 
|  22|0x0000000781600000, 0x0000000781700000, 0x0000000781700000|100%|HS|  |TAMS 0x0000000781600000, 0x0000000781600000| Complete 
|  23|0x0000000781700000, 0x0000000781800000, 0x0000000781800000|100%|HC|  |TAMS 0x0000000781700000, 0x0000000781700000| Complete 
|  24|0x0000000781800000, 0x0000000781800000, 0x0000000781900000|  0%| F|  |TAMS 0x0000000781800000, 0x0000000781800000| Untracked 
|  25|0x0000000781900000, 0x0000000781900000, 0x0000000781a00000|  0%| F|  |TAMS 0x0000000781900000, 0x0000000781900000| Untracked 
|  26|0x0000000781a00000, 0x0000000781a00000, 0x0000000781b00000|  0%| F|  |TAMS 0x0000000781a00000, 0x0000000781a00000| Untracked 
|  27|0x0000000781b00000, 0x0000000781b00000, 0x0000000781c00000|  0%| F|  |TAMS 0x0000000781b00000, 0x0000000781b00000| Untracked 
|  28|0x0000000781c00000, 0x0000000781c00000, 0x0000000781d00000|  0%| F|  |TAMS 0x0000000781c00000, 0x0000000781c00000| Untracked 
|  29|0x0000000781d00000, 0x0000000781d00000, 0x0000000781e00000|  0%| F|  |TAMS 0x0000000781d00000, 0x0000000781d00000| Untracked 
|  30|0x0000000781e00000, 0x0000000781e00000, 0x0000000781f00000|  0%| F|  |TAMS 0x0000000781e00000, 0x0000000781e00000| Untracked 
|  31|0x0000000781f00000, 0x0000000781f00000, 0x0000000782000000|  0%| F|  |TAMS 0x0000000781f00000, 0x0000000781f00000| Untracked 
|  32|0x0000000782000000, 0x0000000782000000, 0x0000000782100000|  0%| F|  |TAMS 0x0000000782000000, 0x0000000782000000| Untracked 
|  33|0x0000000782100000, 0x0000000782100000, 0x0000000782200000|  0%| F|  |TAMS 0x0000000782100000, 0x0000000782100000| Untracked 
|  34|0x0000000782200000, 0x0000000782200000, 0x0000000782300000|  0%| F|  |TAMS 0x0000000782200000, 0x0000000782200000| Untracked 
|  35|0x0000000782300000, 0x0000000782300000, 0x0000000782400000|  0%| F|  |TAMS 0x0000000782300000, 0x0000000782300000| Untracked 
|  36|0x0000000782400000, 0x0000000782400000, 0x0000000782500000|  0%| F|  |TAMS 0x0000000782400000, 0x0000000782400000| Untracked 
|  37|0x0000000782500000, 0x0000000782500000, 0x0000000782600000|  0%| F|  |TAMS 0x0000000782500000, 0x0000000782500000| Untracked 
|  38|0x0000000782600000, 0x0000000782600000, 0x0000000782700000|  0%| F|  |TAMS 0x0000000782600000, 0x0000000782600000| Untracked 
|  39|0x0000000782700000, 0x0000000782700000, 0x0000000782800000|  0%| F|  |TAMS 0x0000000782700000, 0x0000000782700000| Untracked 
|  40|0x0000000782800000, 0x0000000782800000, 0x0000000782900000|  0%| F|  |TAMS 0x0000000782800000, 0x0000000782800000| Untracked 
|  41|0x0000000782900000, 0x0000000782900000, 0x0000000782a00000|  0%| F|  |TAMS 0x0000000782900000, 0x0000000782900000| Untracked 
|  42|0x0000000782a00000, 0x0000000782a00000, 0x0000000782b00000|  0%| F|  |TAMS 0x0000000782a00000, 0x0000000782a00000| Untracked 
|  43|0x0000000782b00000, 0x0000000782b00000, 0x0000000782c00000|  0%| F|  |TAMS 0x0000000782b00000, 0x0000000782b00000| Untracked 
|  44|0x0000000782c00000, 0x0000000782c00000, 0x0000000782d00000|  0%| F|  |TAMS 0x0000000782c00000, 0x0000000782c00000| Untracked 
|  45|0x0000000782d00000, 0x0000000782d00000, 0x0000000782e00000|  0%| F|  |TAMS 0x0000000782d00000, 0x0000000782d00000| Untracked 
|  46|0x0000000782e00000, 0x0000000782e00000, 0x0000000782f00000|  0%| F|  |TAMS 0x0000000782e00000, 0x0000000782e00000| Untracked 
|  47|0x0000000782f00000, 0x0000000782f00000, 0x0000000783000000|  0%| F|  |TAMS 0x0000000782f00000, 0x0000000782f00000| Untracked 
|  48|0x0000000783000000, 0x0000000783000000, 0x0000000783100000|  0%| F|  |TAMS 0x0000000783000000, 0x0000000783000000| Untracked 
|  49|0x0000000783100000, 0x0000000783100000, 0x0000000783200000|  0%| F|  |TAMS 0x0000000783100000, 0x0000000783100000| Untracked 
|  50|0x0000000783200000, 0x0000000783200000, 0x0000000783300000|  0%| F|  |TAMS 0x0000000783200000, 0x0000000783200000| Untracked 
|  51|0x0000000783300000, 0x0000000783300000, 0x0000000783400000|  0%| F|  |TAMS 0x0000000783300000, 0x0000000783300000| Untracked 
|  52|0x0000000783400000, 0x0000000783400000, 0x0000000783500000|  0%| F|  |TAMS 0x0000000783400000, 0x0000000783400000| Untracked 
|  53|0x0000000783500000, 0x0000000783500000, 0x0000000783600000|  0%| F|  |TAMS 0x0000000783500000, 0x0000000783500000| Untracked 
|  54|0x0000000783600000, 0x0000000783600000, 0x0000000783700000|  0%| F|  |TAMS 0x0000000783600000, 0x0000000783600000| Untracked 
|  55|0x0000000783700000, 0x0000000783700000, 0x0000000783800000|  0%| F|  |TAMS 0x0000000783700000, 0x0000000783700000| Untracked 
|  56|0x0000000783800000, 0x0000000783800000, 0x0000000783900000|  0%| F|  |TAMS 0x0000000783800000, 0x0000000783800000| Untracked 
|  57|0x0000000783900000, 0x0000000783900000, 0x0000000783a00000|  0%| F|  |TAMS 0x0000000783900000, 0x0000000783900000| Untracked 
|  58|0x0000000783a00000, 0x0000000783a00000, 0x0000000783b00000|  0%| F|  |TAMS 0x0000000783a00000, 0x0000000783a00000| Untracked 
|  59|0x0000000783b00000, 0x0000000783b00000, 0x0000000783c00000|  0%| F|  |TAMS 0x0000000783b00000, 0x0000000783b00000| Untracked 
|  60|0x0000000783c00000, 0x0000000783c00000, 0x0000000783d00000|  0%| F|  |TAMS 0x0000000783c00000, 0x0000000783c00000| Untracked 
|  61|0x0000000783d00000, 0x0000000783d00000, 0x0000000783e00000|  0%| F|  |TAMS 0x0000000783d00000, 0x0000000783d00000| Untracked 
|  62|0x0000000783e00000, 0x0000000783e00000, 0x0000000783f00000|  0%| F|  |TAMS 0x0000000783e00000, 0x0000000783e00000| Untracked 
|  63|0x0000000783f00000, 0x0000000783f00000, 0x0000000784000000|  0%| F|  |TAMS 0x0000000783f00000, 0x0000000783f00000| Untracked 
|  64|0x0000000784000000, 0x0000000784000000, 0x0000000784100000|  0%| F|  |TAMS 0x0000000784000000, 0x0000000784000000| Untracked 
|  65|0x0000000784100000, 0x0000000784100000, 0x0000000784200000|  0%| F|  |TAMS 0x0000000784100000, 0x0000000784100000| Untracked 
|  66|0x0000000784200000, 0x0000000784200000, 0x0000000784300000|  0%| F|  |TAMS 0x0000000784200000, 0x0000000784200000| Untracked 
|  67|0x0000000784300000, 0x0000000784300000, 0x0000000784400000|  0%| F|  |TAMS 0x0000000784300000, 0x0000000784300000| Untracked 
|  68|0x0000000784400000, 0x0000000784400000, 0x0000000784500000|  0%| F|  |TAMS 0x0000000784400000, 0x0000000784400000| Untracked 
|  69|0x0000000784500000, 0x0000000784500000, 0x0000000784600000|  0%| F|  |TAMS 0x0000000784500000, 0x0000000784500000| Untracked 
|  70|0x0000000784600000, 0x0000000784600000, 0x0000000784700000|  0%| F|  |TAMS 0x0000000784600000, 0x0000000784600000| Untracked 
|  71|0x0000000784700000, 0x0000000784700000, 0x0000000784800000|  0%| F|  |TAMS 0x0000000784700000, 0x0000000784700000| Untracked 
|  72|0x0000000784800000, 0x0000000784800000, 0x0000000784900000|  0%| F|  |TAMS 0x0000000784800000, 0x0000000784800000| Untracked 
|  73|0x0000000784900000, 0x0000000784900000, 0x0000000784a00000|  0%| F|  |TAMS 0x0000000784900000, 0x0000000784900000| Untracked 
|  74|0x0000000784a00000, 0x0000000784a00000, 0x0000000784b00000|  0%| F|  |TAMS 0x0000000784a00000, 0x0000000784a00000| Untracked 
|  75|0x0000000784b00000, 0x0000000784b00000, 0x0000000784c00000|  0%| F|  |TAMS 0x0000000784b00000, 0x0000000784b00000| Untracked 
|  76|0x0000000784c00000, 0x0000000784c00000, 0x0000000784d00000|  0%| F|  |TAMS 0x0000000784c00000, 0x0000000784c00000| Untracked 
|  77|0x0000000784d00000, 0x0000000784d00000, 0x0000000784e00000|  0%| F|  |TAMS 0x0000000784d00000, 0x0000000784d00000| Untracked 
|  78|0x0000000784e00000, 0x0000000784e00000, 0x0000000784f00000|  0%| F|  |TAMS 0x0000000784e00000, 0x0000000784e00000| Untracked 
|  79|0x0000000784f00000, 0x0000000784f00000, 0x0000000785000000|  0%| F|  |TAMS 0x0000000784f00000, 0x0000000784f00000| Untracked 
|  80|0x0000000785000000, 0x0000000785000000, 0x0000000785100000|  0%| F|  |TAMS 0x0000000785000000, 0x0000000785000000| Untracked 
|  81|0x0000000785100000, 0x0000000785100000, 0x0000000785200000|  0%| F|  |TAMS 0x0000000785100000, 0x0000000785100000| Untracked 
|  82|0x0000000785200000, 0x0000000785200000, 0x0000000785300000|  0%| F|  |TAMS 0x0000000785200000, 0x0000000785200000| Untracked 
|  83|0x0000000785300000, 0x000000078530f388, 0x0000000785400000|  5%| S|CS|TAMS 0x0000000785300000, 0x0000000785300000| Complete 
|  84|0x0000000785400000, 0x0000000785500000, 0x0000000785500000|100%| S|CS|TAMS 0x0000000785400000, 0x0000000785400000| Complete 
|  85|0x0000000785500000, 0x0000000785600000, 0x0000000785600000|100%| S|CS|TAMS 0x0000000785500000, 0x0000000785500000| Complete 
|  86|0x0000000785600000, 0x0000000785700000, 0x0000000785700000|100%| S|CS|TAMS 0x0000000785600000, 0x0000000785600000| Complete 
|  87|0x0000000785700000, 0x0000000785800000, 0x0000000785800000|100%| S|CS|TAMS 0x0000000785700000, 0x0000000785700000| Complete 
|  88|0x0000000785800000, 0x0000000785900000, 0x0000000785900000|100%| S|CS|TAMS 0x0000000785800000, 0x0000000785800000| Complete 
|  89|0x0000000785900000, 0x0000000785a00000, 0x0000000785a00000|100%| S|CS|TAMS 0x0000000785900000, 0x0000000785900000| Complete 
|  90|0x0000000785a00000, 0x0000000785b00000, 0x0000000785b00000|100%| S|CS|TAMS 0x0000000785a00000, 0x0000000785a00000| Complete 
|  91|0x0000000785b00000, 0x0000000785b00000, 0x0000000785c00000|  0%| F|  |TAMS 0x0000000785b00000, 0x0000000785b00000| Untracked 
|  92|0x0000000785c00000, 0x0000000785c00000, 0x0000000785d00000|  0%| F|  |TAMS 0x0000000785c00000, 0x0000000785c00000| Untracked 
|  93|0x0000000785d00000, 0x0000000785d00000, 0x0000000785e00000|  0%| F|  |TAMS 0x0000000785d00000, 0x0000000785d00000| Untracked 
|  94|0x0000000785e00000, 0x0000000785e00000, 0x0000000785f00000|  0%| F|  |TAMS 0x0000000785e00000, 0x0000000785e00000| Untracked 
|  95|0x0000000785f00000, 0x0000000785f00000, 0x0000000786000000|  0%| F|  |TAMS 0x0000000785f00000, 0x0000000785f00000| Untracked 
|  96|0x0000000786000000, 0x0000000786000000, 0x0000000786100000|  0%| F|  |TAMS 0x0000000786000000, 0x0000000786000000| Untracked 
|  97|0x0000000786100000, 0x0000000786100000, 0x0000000786200000|  0%| F|  |TAMS 0x0000000786100000, 0x0000000786100000| Untracked 
|  98|0x0000000786200000, 0x0000000786200000, 0x0000000786300000|  0%| F|  |TAMS 0x0000000786200000, 0x0000000786200000| Untracked 
|  99|0x0000000786300000, 0x0000000786300000, 0x0000000786400000|  0%| F|  |TAMS 0x0000000786300000, 0x0000000786300000| Untracked 
| 100|0x0000000786400000, 0x00000007864b1250, 0x0000000786500000| 69%| E|  |TAMS 0x0000000786400000, 0x0000000786400000| Complete 
| 101|0x0000000786500000, 0x0000000786600000, 0x0000000786600000|100%| E|CS|TAMS 0x0000000786500000, 0x0000000786500000| Complete 
| 102|0x0000000786600000, 0x0000000786700000, 0x0000000786700000|100%| E|CS|TAMS 0x0000000786600000, 0x0000000786600000| Complete 
| 103|0x0000000786700000, 0x0000000786800000, 0x0000000786800000|100%| E|CS|TAMS 0x0000000786700000, 0x0000000786700000| Complete 
| 104|0x0000000786800000, 0x0000000786900000, 0x0000000786900000|100%| E|CS|TAMS 0x0000000786800000, 0x0000000786800000| Complete 
| 105|0x0000000786900000, 0x0000000786a00000, 0x0000000786a00000|100%| E|  |TAMS 0x0000000786900000, 0x0000000786900000| Complete 
| 106|0x0000000786a00000, 0x0000000786b00000, 0x0000000786b00000|100%| E|CS|TAMS 0x0000000786a00000, 0x0000000786a00000| Complete 
| 107|0x0000000786b00000, 0x0000000786c00000, 0x0000000786c00000|100%| E|CS|TAMS 0x0000000786b00000, 0x0000000786b00000| Complete 
| 108|0x0000000786c00000, 0x0000000786d00000, 0x0000000786d00000|100%| E|CS|TAMS 0x0000000786c00000, 0x0000000786c00000| Complete 
| 109|0x0000000786d00000, 0x0000000786e00000, 0x0000000786e00000|100%| E|CS|TAMS 0x0000000786d00000, 0x0000000786d00000| Complete 
| 110|0x0000000786e00000, 0x0000000786f00000, 0x0000000786f00000|100%| E|CS|TAMS 0x0000000786e00000, 0x0000000786e00000| Complete 
| 111|0x0000000786f00000, 0x0000000787000000, 0x0000000787000000|100%| E|CS|TAMS 0x0000000786f00000, 0x0000000786f00000| Complete 
| 112|0x0000000787000000, 0x0000000787100000, 0x0000000787100000|100%| E|CS|TAMS 0x0000000787000000, 0x0000000787000000| Complete 
| 113|0x0000000787100000, 0x0000000787200000, 0x0000000787200000|100%| E|CS|TAMS 0x0000000787100000, 0x0000000787100000| Complete 
| 114|0x0000000787200000, 0x0000000787300000, 0x0000000787300000|100%| E|CS|TAMS 0x0000000787200000, 0x0000000787200000| Complete 
| 115|0x0000000787300000, 0x0000000787400000, 0x0000000787400000|100%| E|CS|TAMS 0x0000000787300000, 0x0000000787300000| Complete 
| 116|0x0000000787400000, 0x0000000787500000, 0x0000000787500000|100%| E|CS|TAMS 0x0000000787400000, 0x0000000787400000| Complete 
| 117|0x0000000787500000, 0x0000000787600000, 0x0000000787600000|100%| E|CS|TAMS 0x0000000787500000, 0x0000000787500000| Complete 
| 118|0x0000000787600000, 0x0000000787700000, 0x0000000787700000|100%| E|CS|TAMS 0x0000000787600000, 0x0000000787600000| Complete 
| 119|0x0000000787700000, 0x0000000787800000, 0x0000000787800000|100%| E|CS|TAMS 0x0000000787700000, 0x0000000787700000| Complete 
| 120|0x0000000787800000, 0x0000000787900000, 0x0000000787900000|100%| E|CS|TAMS 0x0000000787800000, 0x0000000787800000| Complete 
| 121|0x0000000787900000, 0x0000000787a00000, 0x0000000787a00000|100%| E|CS|TAMS 0x0000000787900000, 0x0000000787900000| Complete 
| 122|0x0000000787a00000, 0x0000000787b00000, 0x0000000787b00000|100%| E|CS|TAMS 0x0000000787a00000, 0x0000000787a00000| Complete 
| 123|0x0000000787b00000, 0x0000000787c00000, 0x0000000787c00000|100%| E|CS|TAMS 0x0000000787b00000, 0x0000000787b00000| Complete 
| 124|0x0000000787c00000, 0x0000000787d00000, 0x0000000787d00000|100%| E|CS|TAMS 0x0000000787c00000, 0x0000000787c00000| Complete 
| 125|0x0000000787d00000, 0x0000000787e00000, 0x0000000787e00000|100%| E|CS|TAMS 0x0000000787d00000, 0x0000000787d00000| Complete 
| 126|0x0000000787e00000, 0x0000000787f00000, 0x0000000787f00000|100%| E|CS|TAMS 0x0000000787e00000, 0x0000000787e00000| Complete 
| 127|0x0000000787f00000, 0x0000000788000000, 0x0000000788000000|100%| E|CS|TAMS 0x0000000787f00000, 0x0000000787f00000| Complete 

Card table byte_map: [0x000000010f9d1000,0x000000010fdd1000] _byte_map_base: 0x000000010bdd1000

Marking Bits (Prev, Next): (CMBitMap*) 0x00007fc0c3827050, (CMBitMap*) 0x00007fc0c3827018
 Prev Bits: [0x0000000129b84000, 0x000000012bb84000)
 Next Bits: [0x0000000127b84000, 0x0000000129b84000)

Polling page: 0x000000010c4e9000

Metaspace:

Usage:
  Non-class:     24.20 MB capacity,    23.50 MB ( 97%) used,   578.12 KB (  2%) free+waste,   140.44 KB ( <1%) overhead. 
      Class:      4.01 MB capacity,     3.50 MB ( 87%) used,   449.12 KB ( 11%) free+waste,    72.88 KB (  2%) overhead. 
       Both:     28.21 MB capacity,    27.00 MB ( 96%) used,     1.00 MB (  4%) free+waste,   213.31 KB ( <1%) overhead. 

Virtual space:
  Non-class space:       26.00 MB reserved,      24.50 MB ( 94%) committed 
      Class space:        1.00 GB reserved,       4.12 MB ( <1%) committed 
             Both:        1.03 GB reserved,      28.62 MB (  3%) committed 

Chunk freelists:
   Non-Class:  81.00 KB
       Class:  25.00 KB
        Both:  106.00 KB

MaxMetaspaceSize: unlimited
CompressedClassSpaceSize: 1.00 GB
Initial GC threshold: 20.80 MB
Current GC threshold: 35.00 MB
CDS: off

CodeHeap 'non-profiled nmethods': size=120032Kb used=1186Kb max_used=1186Kb free=118845Kb
 bounds [0x000000012064c000, 0x00000001208bc000, 0x0000000127b84000]
CodeHeap 'profiled nmethods': size=120032Kb used=5944Kb max_used=5944Kb free=114087Kb
 bounds [0x0000000119114000, 0x00000001196e4000, 0x000000012064c000]
CodeHeap 'non-nmethods': size=5696Kb used=1440Kb max_used=1475Kb free=4255Kb
 bounds [0x0000000118b84000, 0x0000000118df4000, 0x0000000119114000]
 total_blobs=3910 nmethods=3129 adapters=694
 compilation: enabled
              stopped_count=0, restarted_count=0
 full_count=0

Compilation events (20 events):
Event: 18.011 Thread 0x00007fc0c3047800 nmethod 3137 0x00000001196db310 code [0x00000001196db4c0, 0x00000001196db5d0]
Event: 18.011 Thread 0x00007fc0c3047800 3139       1       com.sun.scenario.effect.impl.EffectPeer::setEffect (6 bytes)
Event: 18.011 Thread 0x00007fc0c3047800 nmethod 3139 0x000000012076ff10 code [0x00000001207700c0, 0x00000001207701d0]
Event: 18.012 Thread 0x00007fc0c3047800 3140       1       com.sun.scenario.effect.impl.EffectPeer::setRenderState (6 bytes)
Event: 18.012 Thread 0x00007fc0c3047800 nmethod 3140 0x0000000120770290 code [0x0000000120770440, 0x0000000120770550]
Event: 18.012 Thread 0x00007fc0c3047800 3141       1       com.sun.scenario.effect.impl.EffectPeer::setDestBounds (6 bytes)
Event: 18.012 Thread 0x00007fc0c3047800 nmethod 3141 0x0000000120770610 code [0x00000001207707c0, 0x00000001207708d0]
Event: 18.012 Thread 0x00007fc0c3047800 3142       1       com.sun.scenario.effect.impl.EffectPeer::getDestBounds (5 bytes)
Event: 18.012 Thread 0x00007fc0c3047800 nmethod 3142 0x0000000120770990 code [0x0000000120770b40, 0x0000000120770bf0]
Event: 18.012 Thread 0x00007fc0c3047800 3143       1       com.sun.scenario.effect.impl.EffectPeer::getFilterContext (5 bytes)
Event: 18.012 Thread 0x00007fc0c3047800 nmethod 3143 0x0000000120770c90 code [0x0000000120770e40, 0x0000000120770ef0]
Event: 18.082 Thread 0x00007fc0c3862800 nmethod 3132 0x0000000120770f90 code [0x0000000120771200, 0x0000000120772390]
Event: 18.083 Thread 0x00007fc0c3862800 3138       4       com.sun.prism.impl.VertexBuffer::addVertNoCheck (102 bytes)
Event: 18.086 Thread 0x00007fc0c3047800 3144       3       java.lang.Class::newReflectionData (66 bytes)
Event: 18.088 Thread 0x00007fc0c3862800 nmethod 3138 0x0000000120773190 code [0x0000000120773320, 0x0000000120773538]
Event: 18.089 Thread 0x00007fc0c3047800 nmethod 3144 0x00000001196db690 code [0x00000001196db8c0, 0x00000001196dc260]
Event: 18.093 Thread 0x00007fc0c3047800 3146       3       java.lang.StringBuilder::charAt (6 bytes)
Event: 18.094 Thread 0x00007fc0c3047800 nmethod 3146 0x00000001196dc510 code [0x00000001196dc6c0, 0x00000001196dc7e0]
Event: 18.094 Thread 0x00007fc0c3047800 3147       3       java.lang.AbstractStringBuilder::charAt (36 bytes)
Event: 18.096 Thread 0x00007fc0c3047800 nmethod 3147 0x00000001196dc890 code [0x00000001196dca80, 0x00000001196dce90]

GC Heap History (4 events):
Event: 2.337 GC heap before
{Heap before GC invocations=0 (full 0):
 garbage-first heap   total 131072K, used 14336K [0x0000000780000000, 0x0000000800000000)
  region size 1024K, 14 young (14336K), 0 survivors (0K)
 Metaspace       used 8817K, capacity 9140K, committed 9216K, reserved 1056768K
  class space    used 860K, capacity 973K, committed 1024K, reserved 1048576K
}
Event: 2.342 GC heap after
{Heap after GC invocations=1 (full 0):
 garbage-first heap   total 131072K, used 1736K [0x0000000780000000, 0x0000000800000000)
  region size 1024K, 2 young (2048K), 2 survivors (2048K)
 Metaspace       used 8817K, capacity 9140K, committed 9216K, reserved 1056768K
  class space    used 860K, capacity 973K, committed 1024K, reserved 1048576K
}
Event: 6.350 GC heap before
{Heap before GC invocations=1 (full 0):
 garbage-first heap   total 131072K, used 58056K [0x0000000780000000, 0x0000000800000000)
  region size 1024K, 37 young (37888K), 2 survivors (2048K)
 Metaspace       used 20493K, capacity 21117K, committed 21248K, reserved 1067008K
  class space    used 2497K, capacity 2762K, committed 2816K, reserved 1048576K
}
Event: 6.375 GC heap after
{Heap after GC invocations=2 (full 0):
 garbage-first heap   total 131072K, used 29756K [0x0000000780000000, 0x0000000800000000)
  region size 1024K, 8 young (8192K), 8 survivors (8192K)
 Metaspace       used 20493K, capacity 21117K, committed 21248K, reserved 1067008K
  class space    used 2497K, capacity 2762K, committed 2816K, reserved 1048576K
}

Deoptimization events (20 events):
Event: 9.584 Thread 0x00007fc0c41b0000 DEOPT PACKING pc=0x000000011957a5dd sp=0x0000700007869730
Event: 9.584 Thread 0x00007fc0c41b0000 DEOPT UNPACKING pc=0x0000000118bce64a sp=0x0000700007868c00 mode 0
Event: 9.623 Thread 0x00007fc0c3981800 Uncommon trap: trap_request=0xffffff4d fr.pc=0x00000001206cb7c4 relative=0x0000000000001284
Event: 9.623 Thread 0x00007fc0c3981800 Uncommon trap: reason=unstable_if action=reinterpret pc=0x00000001206cb7c4 method=java.util.concurrent.ConcurrentHashMap.putVal(Ljava/lang/Object;Ljava/lang/Object;Z)Ljava/lang/Object; @ 148 c2
Event: 9.623 Thread 0x00007fc0c3981800 DEOPT PACKING pc=0x00000001206cb7c4 sp=0x00007ffee378c2b0
Event: 9.623 Thread 0x00007fc0c3981800 DEOPT UNPACKING pc=0x0000000118bcdea5 sp=0x00007ffee378c250 mode 2
Event: 9.719 Thread 0x00007fc0c41b0000 DEOPT PACKING pc=0x000000011957a5dd sp=0x00007000078688c0
Event: 9.719 Thread 0x00007fc0c41b0000 DEOPT UNPACKING pc=0x0000000118bce64a sp=0x0000700007867d70 mode 0
Event: 11.745 Thread 0x00007fc0c41b0000 DEOPT PACKING pc=0x000000011956772f sp=0x0000700007868cd0
Event: 11.745 Thread 0x00007fc0c41b0000 DEOPT UNPACKING pc=0x0000000118bce64a sp=0x0000700007868148 mode 0
Event: 11.746 Thread 0x00007fc0c41b0000 DEOPT PACKING pc=0x00000001195495c1 sp=0x0000700007868890
Event: 11.747 Thread 0x00007fc0c41b0000 DEOPT UNPACKING pc=0x0000000118bce64a sp=0x0000700007868148 mode 0
Event: 11.759 Thread 0x00007fc0c41b0000 DEOPT PACKING pc=0x0000000119567d09 sp=0x00007000078695a0
Event: 11.759 Thread 0x00007fc0c41b0000 DEOPT UNPACKING pc=0x0000000118bce64a sp=0x0000700007868a18 mode 0
Event: 11.828 Thread 0x00007fc0c41b0000 DEOPT PACKING pc=0x000000011956772f sp=0x0000700007868cd0
Event: 11.828 Thread 0x00007fc0c41b0000 DEOPT UNPACKING pc=0x0000000118bce64a sp=0x0000700007868148 mode 0
Event: 11.829 Thread 0x00007fc0c41b0000 DEOPT PACKING pc=0x00000001195495c1 sp=0x0000700007868890
Event: 11.829 Thread 0x00007fc0c41b0000 DEOPT UNPACKING pc=0x0000000118bce64a sp=0x0000700007868148 mode 0
Event: 12.334 Thread 0x00007fc0c41b0000 DEOPT PACKING pc=0x0000000119567784 sp=0x00007000078684c0
Event: 12.334 Thread 0x00007fc0c41b0000 DEOPT UNPACKING pc=0x0000000118bce64a sp=0x0000700007867938 mode 0

Classes redefined (0 events):
No events

Internal exceptions (20 events):
Event: 6.126 Thread 0x00007fc0c3981800 Implicit null exception at 0x00000001206aa0f8 to 0x00000001206aa186
Event: 6.192 Thread 0x00007fc0c3981800 Implicit null exception at 0x00000001206beb2f to 0x00000001206beba9
Event: 6.214 Thread 0x00007fc0c3981800 Exception <a 'java/io/FileNotFoundException'{0x0000000785c1e850}> (0x0000000785c1e850) thrown at [./src/hotspot/share/prims/jni.cpp, line 617]
Event: 6.245 Thread 0x00007fc0c3981800 Exception <a 'java/io/FileNotFoundException'{0x0000000785c59a68}> (0x0000000785c59a68) thrown at [./src/hotspot/share/prims/jni.cpp, line 617]
Event: 6.470 Thread 0x00007fc0c3981800 Exception <a 'java/lang/NoSuchMethodError'{0x0000000787d733f8}: 'java.lang.Object java.lang.invoke.DirectMethodHandle$Holder.invokeInterface(java.lang.Object, java.lang.Object, java.lang.Object)'> (0x0000000787d733f8) thrown at [./src/hotspot/share/interpreter/linkResolver.cpp, line 773]
Event: 6.470 Thread 0x00007fc0c3981800 Exception <a 'java/lang/IncompatibleClassChangeError'{0x0000000787d765b0}: Found class java.lang.Object, but interface was expected> (0x0000000787d765b0) thrown at [./src/hotspot/share/interpreter/linkResolver.cpp, line 839]
Event: 6.557 Thread 0x00007fc0c3981800 Exception <a 'java/lang/ClassNotFoundException'{0x0000000787b4fe98}: com/sun/javafx/scene/control/skin/resources/controls> (0x0000000787b4fe98) thrown at [./src/hotspot/share/prims/jni.cpp, line 638]
Event: 6.559 Thread 0x00007fc0c3981800 Exception <a 'java/lang/ClassNotFoundException'{0x0000000787b5de90}: com/sun/javafx/scene/control/skin/resources/controls_en> (0x0000000787b5de90) thrown at [./src/hotspot/share/prims/jni.cpp, line 638]
Event: 6.560 Thread 0x00007fc0c3981800 Exception <a 'java/lang/ClassNotFoundException'{0x0000000787b60ef0}: com/sun/javafx/scene/control/skin/resources/controls_en_IL> (0x0000000787b60ef0) thrown at [./src/hotspot/share/prims/jni.cpp, line 638]
Event: 6.662 Thread 0x00007fc0c3981800 Exception <a 'java/lang/NoSuchMethodError'{0x0000000787976148}: 'void java.lang.invoke.DirectMethodHandle$Holder.invokeSpecial(java.lang.Object, java.lang.Object, java.lang.Object, java.lang.Object, java.lang.Object, java.lang.Object)'> (0x0000000787976148) thrown at [./src/hotspot/share/interpreter/linkResolver.cpp, line 773]
Event: 7.389 Thread 0x00007fc0c3981800 Exception <a 'java/lang/NoSuchMethodError'{0x0000000786e27598}: 'java.lang.Object java.lang.invoke.Invokers$Holder.linkToTargetMethod(java.lang.Object, int, int, java.lang.Object)'> (0x0000000786e27598) thrown at [./src/hotspot/share/interpreter/linkResolver.cpp, line 773]
Event: 7.693 Thread 0x00007fc0c41b0000 Exception <a 'java/lang/NoSuchMethodError'{0x0000000786c603c8}: 'int java.lang.invoke.DirectMethodHandle$Holder.invokeStaticInit(java.lang.Object, java.lang.Object)'> (0x0000000786c603c8) thrown at [./src/hotspot/share/interpreter/linkResolver.cpp, line 773]
Event: 7.769 Thread 0x00007fc0c3981800 Exception <a 'java/lang/NoSuchMethodError'{0x0000000786ddaff8}: 'long java.lang.invoke.DirectMethodHandle$Holder.invokeStaticInit(java.lang.Object, java.lang.Object, java.lang.Object)'> (0x0000000786ddaff8) thrown at [./src/hotspot/share/interpreter/linkResolver.cpp, line 773]
Event: 7.780 Thread 0x00007fc0c3981800 Exception <a 'java/lang/NoSuchMethodError'{0x0000000786df3640}: 'java.lang.Object java.lang.invoke.DirectMethodHandle$Holder.invokeStatic(java.lang.Object, java.lang.Object, long)'> (0x0000000786df3640) thrown at [./src/hotspot/share/interpreter/linkResolver.cpp, line 773]
Event: 7.781 Thread 0x00007fc0c3981800 Exception <a 'java/lang/NoSuchMethodError'{0x0000000786df97b8}: 'java.lang.Object java.lang.invoke.Invokers$Holder.linkToTargetMethod(java.lang.Object, long, java.lang.Object)'> (0x0000000786df97b8) thrown at [./src/hotspot/share/interpreter/linkResolver.cpp, line 773]
Event: 8.017 Thread 0x00007fc0c41b0000 Exception <a 'java/lang/NoSuchMethodError'{0x0000000786a052a8}: 'java.lang.Object java.lang.invoke.DirectMethodHandle$Holder.invokeStaticInit(java.lang.Object, int)'> (0x0000000786a052a8) thrown at [./src/hotspot/share/interpreter/linkResolver.cpp, line 773]
Event: 18.093 Thread 0x00007fc0c3981800 Exception <a 'jdk/internal/loader/ClassLoaders$AppClassLoader'{0x0000000785a2e250}> (0x0000000785a2e250) thrown at [./src/hotspot/share/runtime/javaCalls.cpp, line 417]
Event: 18.093 Thread 0x00007fc0c3981800 Exception <a 'jdk/internal/loader/ClassLoaders$AppClassLoader'{0x0000000785a2e250}> (0x0000000785a2e250) thrown at [./src/hotspot/share/prims/jvm.cpp, line 1310]
Event: 18.093 Thread 0x00007fc0c3981800 Exception <a 'java/lang/Class'{0x0000000785a00e88} = 'java/lang/String'> (0x0000000785a00e88) thrown at [./src/hotspot/share/runtime/javaCalls.cpp, line 417]
Event: 18.095 Thread 0x00007fc0c3353000 Implicit null exception at 0x00000001192ce19b to 0x0000000000000000

Events (20 events):
Event: 18.089 loading class java/net/InetSocketAddress$InetSocketAddressHolder
Event: 18.089 loading class java/net/InetSocketAddress$InetSocketAddressHolder done
Event: 18.089 loading class java/net/Inet4AddressImpl
Event: 18.089 loading class java/net/Inet4AddressImpl done
Event: 18.090 loading class java/net/SocketException
Event: 18.090 loading class java/net/SocketException done
Event: 18.090 loading class java/net/SocketCleanable
Event: 18.090 loading class java/net/SocketCleanable done
Event: 18.090 loading class sun/net/NetHooks
Event: 18.090 loading class sun/net/NetHooks done
Event: 18.090 loading class sun/net/sdp/SdpProvider
Event: 18.091 loading class sun/net/NetHooks$Provider
Event: 18.091 loading class sun/net/NetHooks$Provider done
Event: 18.091 loading class sun/net/sdp/SdpProvider done
Event: 18.092 Thread 0x00007fc0c3353000 Thread added: 0x00007fc0c3353000
Event: 18.092 Protecting memory [0x0000700008315000,0x0000700008319000] with protection modes 0
Event: 18.092 Executing VM operation: RevokeBias
Event: 18.092 Executing VM operation: RevokeBias done
Event: 18.094 loading class JDBC/DataBaseConnector
Event: 18.094 loading class JDBC/DataBaseConnector done


Dynamic libraries:
0x00007fff35176000 	/System/Library/Frameworks/Cocoa.framework/Versions/A/Cocoa
0x00007fff224bb000 	/System/Library/Frameworks/Security.framework/Versions/A/Security
0x00007fff3337e000 	/System/Library/Frameworks/ApplicationServices.framework/Versions/A/ApplicationServices
0x00007fff2a73f000 	/usr/lib/libz.1.dylib
0x000000010c477000 	/Library/Java/JavaVirtualMachines/liberica-jdk-11.jdk/Contents/Home/lib/jli/libjli.dylib
0x00007fff2a807000 	/usr/lib/libSystem.B.dylib
0x00007fff22eec000 	/System/Library/Frameworks/AppKit.framework/Versions/C/AppKit
0x00007fff25db1000 	/System/Library/Frameworks/CoreData.framework/Versions/A/CoreData
0x00007fff21453000 	/System/Library/Frameworks/Foundation.framework/Versions/C/Foundation
0x00007fff23c38000 	/System/Library/PrivateFrameworks/UIFoundation.framework/Versions/A/UIFoundation
0x00007fff2fe38000 	/System/Library/PrivateFrameworks/RemoteViewServices.framework/Versions/A/RemoteViewServices
0x00007fff28c4a000 	/System/Library/PrivateFrameworks/XCTTargetBootstrap.framework/Versions/A/XCTTargetBootstrap
0x00007fff2b932000 	/usr/lib/libspindump.dylib
0x00007fff23e87000 	/System/Library/Frameworks/UniformTypeIdentifiers.framework/Versions/A/UniformTypeIdentifiers
0x00007fff2744e000 	/usr/lib/libapp_launch_measurement.dylib
0x00007fff27451000 	/System/Library/PrivateFrameworks/CoreAutoLayout.framework/Versions/A/CoreAutoLayout
0x00007fff285b1000 	/System/Library/Frameworks/Metal.framework/Versions/A/Metal
0x00007fff292a8000 	/usr/lib/liblangid.dylib
0x00007fff28c4e000 	/System/Library/PrivateFrameworks/CoreSVG.framework/Versions/A/CoreSVG
0x00007fff24ec7000 	/System/Library/PrivateFrameworks/SkyLight.framework/Versions/A/SkyLight
0x00007fff2522d000 	/System/Library/Frameworks/CoreGraphics.framework/Versions/A/CoreGraphics
0x00007fff3035f000 	/System/Library/Frameworks/Accelerate.framework/Versions/A/Accelerate
0x00007fff2b370000 	/System/Library/PrivateFrameworks/IconServices.framework/Versions/A/IconServices
0x00007fff28595000 	/System/Library/Frameworks/IOSurface.framework/Versions/A/IOSurface
0x00007fff26739000 	/usr/lib/libDiagnosticMessagesClient.dylib
0x00007fff28c36000 	/System/Library/PrivateFrameworks/DFRFoundation.framework/Versions/A/DFRFoundation
0x00007fff22813000 	/usr/lib/libicucore.A.dylib
0x00007fff2ce77000 	/System/Library/Frameworks/AudioToolbox.framework/Versions/A/AudioToolbox
0x00007fff2c0ff000 	/System/Library/PrivateFrameworks/DataDetectorsCore.framework/Versions/A/DataDetectorsCore
0x00007fff24e3a000 	/usr/lib/libMobileGestalt.dylib
0x00007fff2893a000 	/System/Library/Frameworks/Carbon.framework/Versions/A/Frameworks/HIToolbox.framework/Versions/A/HIToolbox
0x00007fff26e93000 	/System/Library/Frameworks/QuartzCore.framework/Versions/A/QuartzCore
0x00007fff2fe70000 	/System/Library/Frameworks/Carbon.framework/Versions/A/Frameworks/SpeechRecognition.framework/Versions/A/SpeechRecognition
0x00007fff271b3000 	/System/Library/PrivateFrameworks/CoreUI.framework/Versions/A/CoreUI
0x00007fff21e29000 	/System/Library/Frameworks/CoreAudio.framework/Versions/A/CoreAudio
0x00007fff26824000 	/System/Library/Frameworks/DiskArbitration.framework/Versions/A/DiskArbitration
0x00007fff2bd00000 	/System/Library/PrivateFrameworks/MultitouchSupport.framework/Versions/A/MultitouchSupport
0x00007fff2c0f6000 	/System/Library/PrivateFrameworks/InternationalSupport.framework/Versions/A/InternationalSupport
0x00007fff24e39000 	/usr/lib/libenergytrace.dylib
0x00007fff22de3000 	/System/Library/Frameworks/IOKit.framework/Versions/A/IOKit
0x00007fff301a3000 	/System/Library/Frameworks/CoreServices.framework/Versions/A/CoreServices
0x00007fff273e0000 	/System/Library/PrivateFrameworks/PerformanceAnalysis.framework/Versions/A/PerformanceAnalysis
0x00007fff6bb14000 	/System/Library/Frameworks/OpenGL.framework/Versions/A/OpenGL
0x00007fff2c17a000 	/System/Library/PrivateFrameworks/UserActivity.framework/Versions/A/UserActivity
0x00007fff204c3000 	/usr/lib/libobjc.A.dylib
0x00007fff258b7000 	/System/Library/Frameworks/ColorSync.framework/Versions/A/ColorSync
0x00007fff206a3000 	/System/Library/Frameworks/CoreFoundation.framework/Versions/A/CoreFoundation
0x00007fff28eb6000 	/System/Library/Frameworks/CoreImage.framework/Versions/A/CoreImage
0x00007fff21c43000 	/System/Library/Frameworks/CoreText.framework/Versions/A/CoreText
0x00007fff28c78000 	/System/Library/Frameworks/ImageIO.framework/Versions/A/ImageIO
0x00007fff2a80d000 	/System/Library/PrivateFrameworks/SoftLinking.framework/Versions/A/SoftLinking
0x00007fff27499000 	/usr/lib/libxml2.2.dylib
0x00007fff20589000 	/usr/lib/libc++.1.dylib
0x00007fff2aa7e000 	/usr/lib/libcompression.dylib
0x00007fff2c028000 	/System/Library/PrivateFrameworks/TextureIO.framework/Versions/A/TextureIO
0x00007fff2b0ae000 	/usr/lib/libate.dylib
0x00007fff2a801000 	/usr/lib/system/libcache.dylib
0x00007fff2a7bd000 	/usr/lib/system/libcommonCrypto.dylib
0x00007fff2a7e7000 	/usr/lib/system/libcompiler_rt.dylib
0x00007fff2a7dc000 	/usr/lib/system/libcopyfile.dylib
0x00007fff203b3000 	/usr/lib/system/libcorecrypto.dylib
0x00007fff2047e000 	/usr/lib/system/libdispatch.dylib
0x00007fff20631000 	/usr/lib/system/libdyld.dylib
0x00007fff2a7f8000 	/usr/lib/system/libkeymgr.dylib
0x00007fff2dc0e000 	/usr/lib/system/liblaunch.dylib
0x00007fff2a79b000 	/usr/lib/system/libmacho.dylib
0x00007fff29f93000 	/usr/lib/system/libquarantine.dylib
0x00007fff2a7f5000 	/usr/lib/system/libremovefile.dylib
0x00007fff24e97000 	/usr/lib/system/libsystem_asl.dylib
0x00007fff20363000 	/usr/lib/system/libsystem_blocks.dylib
0x00007fff20500000 	/usr/lib/system/libsystem_c.dylib
0x00007fff2a7ef000 	/usr/lib/system/libsystem_collections.dylib
0x00007fff29299000 	/usr/lib/system/libsystem_configuration.dylib
0x00007fff28584000 	/usr/lib/system/libsystem_containermanager.dylib
0x00007fff2a53e000 	/usr/lib/system/libsystem_coreservices.dylib
0x00007fff22a73000 	/usr/lib/system/libsystem_darwin.dylib
0x00007fff2a7f9000 	/usr/lib/system/libsystem_dnssd.dylib
0x00007fff204fd000 	/usr/lib/system/libsystem_featureflags.dylib
0x00007fff20677000 	/usr/lib/system/libsystem_info.dylib
0x00007fff2a752000 	/usr/lib/system/libsystem_m.dylib
0x00007fff20451000 	/usr/lib/system/libsystem_malloc.dylib
0x00007fff24e2a000 	/usr/lib/system/libsystem_networkextension.dylib
0x00007fff22e92000 	/usr/lib/system/libsystem_notify.dylib
0x00007fff300a5000 	/usr/lib/system/libsystem_product_info_filter.dylib
0x00007fff2929d000 	/usr/lib/system/libsystem_sandbox.dylib
0x00007fff2a7f2000 	/usr/lib/system/libsystem_secinit.dylib
0x00007fff205f5000 	/usr/lib/system/libsystem_kernel.dylib
0x00007fff2066d000 	/usr/lib/system/libsystem_platform.dylib
0x00007fff20625000 	/usr/lib/system/libsystem_pthread.dylib
0x00007fff26575000 	/usr/lib/system/libsystem_symptoms.dylib
0x00007fff2039b000 	/usr/lib/system/libsystem_trace.dylib
0x00007fff2a7c9000 	/usr/lib/system/libunwind.dylib
0x00007fff20365000 	/usr/lib/system/libxpc.dylib
0x00007fff205df000 	/usr/lib/libc++abi.dylib
0x00007fff2a7d4000 	/usr/lib/liboah.dylib
0x00007fff2ae92000 	/usr/lib/liblzma.5.dylib
0x00007fff21167000 	/System/Library/Frameworks/SystemConfiguration.framework/Versions/A/SystemConfiguration
0x00007fff2a809000 	/usr/lib/libfakelink.dylib
0x00007fff2498b000 	/System/Library/Frameworks/CFNetwork.framework/Versions/A/CFNetwork
0x00007fff2a949000 	/usr/lib/libarchive.2.dylib
0x00007fff211e5000 	/usr/lib/libCRFSuite.dylib
0x00007fff29fba000 	/usr/lib/libbsm.0.dylib
0x00007fff24304000 	/usr/lib/libnetwork.dylib
0x00007fff2a80e000 	/usr/lib/libpcap.A.dylib
0x00007fff2656e000 	/usr/lib/libdns_services.dylib
0x00007fff2aeab000 	/usr/lib/libcoretls_cfhelpers.dylib
0x00007fff2aa48000 	/usr/lib/libapple_nghttp2.dylib
0x00007fff2a7a1000 	/usr/lib/system/libkxld.dylib
0x00007fff261e7000 	/usr/lib/libsqlite3.dylib
0x00007fff2a521000 	/System/Library/PrivateFrameworks/AppleFSCompression.framework/Versions/A/AppleFSCompression
0x00007fff29fa2000 	/usr/lib/libcoretls.dylib
0x00007fff2aa79000 	/usr/lib/libpam.2.dylib
0x00007fff2afa9000 	/usr/lib/libxar.1.dylib
0x00007fff292a4000 	/System/Library/PrivateFrameworks/AppleSystemInfo.framework/Versions/A/AppleSystemInfo
0x00007fff29be4000 	/System/Library/PrivateFrameworks/IOMobileFramebuffer.framework/Versions/A/IOMobileFramebuffer
0x00007fff2a531000 	/usr/lib/libbz2.1.0.dylib
0x00007fff2a846000 	/usr/lib/libiconv.2.dylib
0x00007fff2a79a000 	/usr/lib/libcharset.1.dylib
0x00007fff2741c000 	/System/Library/Frameworks/CoreServices.framework/Versions/A/Frameworks/FSEvents.framework/Versions/A/FSEvents
0x00007fff22a7d000 	/System/Library/Frameworks/CoreServices.framework/Versions/A/Frameworks/CarbonCore.framework/Versions/A/CarbonCore
0x00007fff26789000 	/System/Library/Frameworks/CoreServices.framework/Versions/A/Frameworks/Metadata.framework/Versions/A/Metadata
0x00007fff2a543000 	/System/Library/Frameworks/CoreServices.framework/Versions/A/Frameworks/OSServices.framework/Versions/A/OSServices
0x00007fff2a9bb000 	/System/Library/Frameworks/CoreServices.framework/Versions/A/Frameworks/SearchKit.framework/Versions/A/SearchKit
0x00007fff264f9000 	/System/Library/Frameworks/CoreServices.framework/Versions/A/Frameworks/AE.framework/Versions/A/AE
0x00007fff20b41000 	/System/Library/Frameworks/CoreServices.framework/Versions/A/Frameworks/LaunchServices.framework/Versions/A/LaunchServices
0x00007fff2ae42000 	/System/Library/Frameworks/CoreServices.framework/Versions/A/Frameworks/DictionaryServices.framework/Versions/A/DictionaryServices
0x00007fff27429000 	/System/Library/Frameworks/CoreServices.framework/Versions/A/Frameworks/SharedFileList.framework/Versions/A/SharedFileList
0x00007fff29f96000 	/usr/lib/libCheckFix.dylib
0x00007fff24eae000 	/System/Library/PrivateFrameworks/TCC.framework/Versions/A/TCC
0x00007fff292aa000 	/System/Library/PrivateFrameworks/CoreNLP.framework/Versions/A/CoreNLP
0x00007fff2673c000 	/System/Library/PrivateFrameworks/MetadataUtilities.framework/Versions/A/MetadataUtilities
0x00007fff2121a000 	/usr/lib/libmecabra.dylib
0x00007fff2a2a0000 	/System/Library/Frameworks/MLCompute.framework/Versions/A/MLCompute
0x00007fff29fcb000 	/usr/lib/libmecab.dylib
0x00007fff2a015000 	/usr/lib/libgermantok.dylib
0x00007fff2aa23000 	/usr/lib/libThaiTokenizer.dylib
0x00007fff2afe5000 	/usr/lib/libChineseTokenizer.dylib
0x00007fff2aa77000 	/System/Library/Frameworks/MetalPerformanceShaders.framework/Versions/A/MetalPerformanceShaders
0x00007fff2682b000 	/System/Library/Frameworks/Accelerate.framework/Versions/A/Frameworks/vImage.framework/Versions/A/vImage
0x00007fff3017d000 	/System/Library/Frameworks/Accelerate.framework/Versions/A/Frameworks/vecLib.framework/Versions/A/vecLib
0x00007fff2aff0000 	/System/Library/Frameworks/Accelerate.framework/Versions/A/Frameworks/vecLib.framework/Versions/A/libvMisc.dylib
0x00007fff299ff000 	/System/Library/Frameworks/Accelerate.framework/Versions/A/Frameworks/vecLib.framework/Versions/A/libvDSP.dylib
0x00007fff20e4d000 	/System/Library/Frameworks/Accelerate.framework/Versions/A/Frameworks/vecLib.framework/Versions/A/libBLAS.dylib
0x00007fff2aaa4000 	/System/Library/Frameworks/Accelerate.framework/Versions/A/Frameworks/vecLib.framework/Versions/A/libLAPACK.dylib
0x00007fff2a01b000 	/System/Library/Frameworks/Accelerate.framework/Versions/A/Frameworks/vecLib.framework/Versions/A/libLinearAlgebra.dylib
0x00007fff2aa60000 	/System/Library/Frameworks/Accelerate.framework/Versions/A/Frameworks/vecLib.framework/Versions/A/libSparseBLAS.dylib
0x00007fff2aa9e000 	/System/Library/Frameworks/Accelerate.framework/Versions/A/Frameworks/vecLib.framework/Versions/A/libQuadrature.dylib
0x00007fff29356000 	/System/Library/Frameworks/Accelerate.framework/Versions/A/Frameworks/vecLib.framework/Versions/A/libBNNS.dylib
0x00007fff210f8000 	/System/Library/Frameworks/Accelerate.framework/Versions/A/Frameworks/vecLib.framework/Versions/A/libSparse.dylib
0x00007fff29232000 	/System/Library/Frameworks/MetalPerformanceShaders.framework/Versions/A/Frameworks/MPSCore.framework/Versions/A/MPSCore
0x00007fff2a490000 	/System/Library/Frameworks/MetalPerformanceShaders.framework/Versions/A/Frameworks/MPSImage.framework/Versions/A/MPSImage
0x00007fff2a031000 	/System/Library/Frameworks/MetalPerformanceShaders.framework/Versions/A/Frameworks/MPSNeuralNetwork.framework/Versions/A/MPSNeuralNetwork
0x00007fff2a402000 	/System/Library/Frameworks/MetalPerformanceShaders.framework/Versions/A/Frameworks/MPSMatrix.framework/Versions/A/MPSMatrix
0x00007fff2a250000 	/System/Library/Frameworks/MetalPerformanceShaders.framework/Versions/A/Frameworks/MPSRayIntersector.framework/Versions/A/MPSRayIntersector
0x00007fff2a439000 	/System/Library/Frameworks/MetalPerformanceShaders.framework/Versions/A/Frameworks/MPSNDArray.framework/Versions/A/MPSNDArray
0x00007fff20d78000 	/System/Library/PrivateFrameworks/MetalTools.framework/Versions/A/MetalTools
0x00007fff292a2000 	/System/Library/PrivateFrameworks/AggregateDictionary.framework/Versions/A/AggregateDictionary
0x00007fff26709000 	/System/Library/PrivateFrameworks/CoreAnalytics.framework/Versions/A/CoreAnalytics
0x00007fff2aa25000 	/System/Library/PrivateFrameworks/AppleSauce.framework/Versions/A/AppleSauce
0x00007fff285a7000 	/System/Library/PrivateFrameworks/IOAccelerator.framework/Versions/A/IOAccelerator
0x00007fff6bb08000 	/System/Library/Frameworks/OpenGL.framework/Versions/A/Libraries/libCoreFSCache.dylib
0x00007fff217b2000 	/System/Library/PrivateFrameworks/LanguageModeling.framework/Versions/A/LanguageModeling
0x00007fff29bd2000 	/System/Library/PrivateFrameworks/CoreEmoji.framework/Versions/A/CoreEmoji
0x00007fff2934f000 	/System/Library/PrivateFrameworks/LinguisticData.framework/Versions/A/LinguisticData
0x00007fff210aa000 	/System/Library/PrivateFrameworks/Lexicon.framework/Versions/A/Lexicon
0x00007fff2a937000 	/usr/lib/libcmph.dylib
0x00007fff273fc000 	/System/Library/Frameworks/OpenDirectory.framework/Versions/A/Frameworks/CFOpenDirectory.framework/Versions/A/CFOpenDirectory
0x00007fff273ec000 	/System/Library/Frameworks/OpenDirectory.framework/Versions/A/OpenDirectory
0x00007fff2aead000 	/System/Library/PrivateFrameworks/APFS.framework/Versions/A/APFS
0x00007fff29ef8000 	/System/Library/Frameworks/SecurityFoundation.framework/Versions/A/SecurityFoundation
0x00007fff2afb8000 	/usr/lib/libutil.dylib
0x00007fff22da8000 	/System/Library/PrivateFrameworks/CoreServicesStore.framework/Versions/A/CoreServicesStore
0x00007fff29f8e000 	/System/Library/Frameworks/ServiceManagement.framework/Versions/A/ServiceManagement
0x00007fff2afbc000 	/usr/lib/libxslt.1.dylib
0x00007fff29f84000 	/System/Library/PrivateFrameworks/BackgroundTaskManagement.framework/Versions/A/BackgroundTaskManagement
0x00007fff2bf72000 	/System/Library/Frameworks/ImageIO.framework/Versions/A/Resources/libRadiance.dylib
0x00007fff2bf7c000 	/System/Library/Frameworks/ImageIO.framework/Versions/A/Resources/libJPEG.dylib
0x00007fff2beca000 	/System/Library/Frameworks/ImageIO.framework/Versions/A/Resources/libPng.dylib
0x00007fff2beeb000 	/System/Library/Frameworks/ImageIO.framework/Versions/A/Resources/libTIFF.dylib
0x00007fff2bfd1000 	/System/Library/Frameworks/ImageIO.framework/Versions/A/Resources/libGIF.dylib
0x00007fff2bc1c000 	/System/Library/Frameworks/ImageIO.framework/Versions/A/Resources/libJP2.dylib
0x00007fff2b337000 	/usr/lib/libexpat.1.dylib
0x00007fff2bbd2000 	/System/Library/PrivateFrameworks/AppleJPEG.framework/Versions/A/AppleJPEG
0x00007fff287dd000 	/System/Library/PrivateFrameworks/FontServices.framework/libFontParser.dylib
0x00007fff264b0000 	/System/Library/PrivateFrameworks/RunningBoardServices.framework/Versions/A/RunningBoardServices
0x00007fff2bcfc000 	/System/Library/PrivateFrameworks/WatchdogClient.framework/Versions/A/WatchdogClient
0x00007fff2189b000 	/System/Library/Frameworks/CoreDisplay.framework/Versions/A/CoreDisplay
0x00007fff286f2000 	/System/Library/Frameworks/CoreMedia.framework/Versions/A/CoreMedia
0x00007fff2757c000 	/System/Library/Frameworks/CoreVideo.framework/Versions/A/CoreVideo
0x00007fff2bd37000 	/System/Library/Frameworks/VideoToolbox.framework/Versions/A/VideoToolbox
0x00007fff26430000 	/System/Library/PrivateFrameworks/BaseBoard.framework/Versions/A/BaseBoard
0x00007fff2b47c000 	/System/Library/PrivateFrameworks/PersistentConnection.framework/Versions/A/PersistentConnection
0x00007fff261d1000 	/System/Library/PrivateFrameworks/ProtocolBuffer.framework/Versions/A/ProtocolBuffer
0x00007fff26418000 	/System/Library/PrivateFrameworks/CommonUtilities.framework/Versions/A/CommonUtilities
0x00007fff2bb95000 	/System/Library/PrivateFrameworks/Bom.framework/Versions/A/Bom
0x00007fff2bf6a000 	/System/Library/PrivateFrameworks/GPUWrangler.framework/Versions/A/GPUWrangler
0x00007fff2bf4d000 	/System/Library/PrivateFrameworks/IOPresentment.framework/Versions/A/IOPresentment
0x00007fff2bf76000 	/System/Library/PrivateFrameworks/DSExternalDisplay.framework/Versions/A/DSExternalDisplay
0x00007fff2bfd6000 	/System/Library/PrivateFrameworks/CMCaptureCore.framework/Versions/A/CMCaptureCore
0x00007fff2b918000 	/System/Library/PrivateFrameworks/AppServerSupport.framework/Versions/A/AppServerSupport
0x00007fff2d9b1000 	/System/Library/PrivateFrameworks/perfdata.framework/Versions/A/perfdata
0x00007fff29ee7000 	/System/Library/PrivateFrameworks/AssertionServices.framework/Versions/A/AssertionServices
0x00007fff219d2000 	/System/Library/PrivateFrameworks/AudioToolboxCore.framework/Versions/A/AudioToolboxCore
0x00007fff286d5000 	/System/Library/PrivateFrameworks/caulk.framework/Versions/A/caulk
0x00007fff3ce58000 	/System/Library/PrivateFrameworks/SystemPolicy.framework/Versions/A/SystemPolicy
0x00007fff2b146000 	/usr/lib/libIOReport.dylib
0x00007fff2d1ed000 	/usr/lib/libSMC.dylib
0x00007fff2be96000 	/usr/lib/libAudioToolboxUtility.dylib
0x00007fff3d7b5000 	/usr/lib/libmis.dylib
0x00007fff6bb64000 	/System/Library/Frameworks/OpenGL.framework/Versions/A/Libraries/libGLU.dylib
0x00007fff6bb27000 	/System/Library/Frameworks/OpenGL.framework/Versions/A/Libraries/libGFXShared.dylib
0x00007fff6bd35000 	/System/Library/Frameworks/OpenGL.framework/Versions/A/Libraries/libGL.dylib
0x00007fff6bb30000 	/System/Library/Frameworks/OpenGL.framework/Versions/A/Libraries/libGLImage.dylib
0x00007fff6bb24000 	/System/Library/Frameworks/OpenGL.framework/Versions/A/Libraries/libCVMSPluginSupport.dylib
0x00007fff6bb0f000 	/System/Library/Frameworks/OpenGL.framework/Versions/A/Libraries/libCoreVMClient.dylib
0x00007fff6d17f000 	/System/Library/Frameworks/OpenCL.framework/Versions/A/OpenCL
0x00007fff2b4a5000 	/System/Library/PrivateFrameworks/GraphVisualizer.framework/Versions/A/GraphVisualizer
0x00007fff2b4b4000 	/System/Library/PrivateFrameworks/FaceCore.framework/Versions/A/FaceCore
0x00007fff2b8d0000 	/System/Library/PrivateFrameworks/OTSVG.framework/Versions/A/OTSVG
0x00007fff27171000 	/System/Library/Frameworks/ApplicationServices.framework/Versions/A/Frameworks/ATS.framework/Versions/A/Resources/libFontRegistry.dylib
0x00007fff2b91f000 	/System/Library/PrivateFrameworks/FontServices.framework/libhvf.dylib
0x00007fff2b2e3000 	/System/Library/PrivateFrameworks/AppleVA.framework/Versions/A/AppleVA
0x00007fff2d035000 	/System/Library/Frameworks/ApplicationServices.framework/Versions/A/Frameworks/ATS.framework/Versions/A/ATS
0x00007fff2d348000 	/System/Library/Frameworks/ApplicationServices.framework/Versions/A/Frameworks/ColorSyncLegacy.framework/Versions/A/ColorSyncLegacy
0x00007fff259af000 	/System/Library/Frameworks/ApplicationServices.framework/Versions/A/Frameworks/HIServices.framework/Versions/A/HIServices
0x00007fff2d32d000 	/System/Library/Frameworks/ApplicationServices.framework/Versions/A/Frameworks/LangAnalysis.framework/Versions/A/LangAnalysis
0x00007fff2bfe0000 	/System/Library/Frameworks/ApplicationServices.framework/Versions/A/Frameworks/PrintCore.framework/Versions/A/PrintCore
0x00007fff2d350000 	/System/Library/Frameworks/ApplicationServices.framework/Versions/A/Frameworks/QD.framework/Versions/A/QD
0x00007fff2d025000 	/System/Library/Frameworks/ApplicationServices.framework/Versions/A/Frameworks/SpeechSynthesis.framework/Versions/A/SpeechSynthesis
0x00007fff2bfa1000 	/System/Library/Frameworks/ApplicationServices.framework/Versions/A/Frameworks/ATSUI.framework/Versions/A/ATSUI
0x00007fff2d2cd000 	/usr/lib/libcups.2.dylib
0x00007fff2d33d000 	/System/Library/PrivateFrameworks/NetAuth.framework/Versions/A/NetAuth
0x00007fff2d9cc000 	/System/Library/Frameworks/Kerberos.framework/Versions/A/Kerberos
0x00007fff2d9dc000 	/System/Library/Frameworks/GSS.framework/Versions/A/GSS
0x00007fff2d0a2000 	/usr/lib/libresolv.9.dylib
0x00007fff2b935000 	/System/Library/PrivateFrameworks/Heimdal.framework/Versions/A/Heimdal
0x00007fff33693000 	/System/Library/Frameworks/Kerberos.framework/Versions/A/Libraries/libHeimdalProxy.dylib
0x00007fff2657d000 	/System/Library/Frameworks/Network.framework/Versions/A/Network
0x00007fff2b351000 	/usr/lib/libheimdal-asn1.dylib
0x00007fff2da2d000 	/System/Library/PrivateFrameworks/CommonAuth.framework/Versions/A/CommonAuth
0x00007fff275ca000 	/System/Library/PrivateFrameworks/login.framework/Versions/A/Frameworks/loginsupport.framework/Versions/A/loginsupport
0x00007fff2cfac000 	/System/Library/PrivateFrameworks/AudioSession.framework/Versions/A/AudioSession
0x00007fff2d012000 	/usr/lib/libAudioStatistics.dylib
0x00007fff2b3dd000 	/System/Library/PrivateFrameworks/MediaExperience.framework/Versions/A/MediaExperience
0x00007fff2ce45000 	/System/Library/PrivateFrameworks/AudioSession.framework/libSessionUtility.dylib
0x00007fff2d9bd000 	/usr/lib/libperfcheck.dylib
0x00007fff2d35c000 	/System/Library/PrivateFrameworks/AudioResourceArbitration.framework/Versions/A/AudioResourceArbitration
0x00007fff2b35b000 	/System/Library/PrivateFrameworks/IconFoundation.framework/Versions/A/IconFoundation
0x00007fff2fe60000 	/System/Library/PrivateFrameworks/SpeechRecognitionCore.framework/Versions/A/SpeechRecognitionCore
0x000000010e800000 	/Library/Java/JavaVirtualMachines/liberica-jdk-11.jdk/Contents/Home/lib/server/libjvm.dylib
0x000000010c49f000 	/Library/Java/JavaVirtualMachines/liberica-jdk-11.jdk/Contents/Home/lib/libverify.dylib
0x000000010c4b0000 	/Library/Java/JavaVirtualMachines/liberica-jdk-11.jdk/Contents/Home/lib/libjava.dylib
0x000000010c4dd000 	/Library/Java/JavaVirtualMachines/liberica-jdk-11.jdk/Contents/Home/lib/libjimage.dylib
0x000000010c533000 	/Library/Java/JavaVirtualMachines/liberica-jdk-11.jdk/Contents/Home/lib/libzip.dylib
0x000000010c778000 	/Library/Java/JavaVirtualMachines/liberica-jdk-11.jdk/Contents/Home/lib/libnio.dylib
0x000000010c78b000 	/Library/Java/JavaVirtualMachines/liberica-jdk-11.jdk/Contents/Home/lib/libnet.dylib
0x000000010c7a4000 	/Library/Java/javafx-sdk-17.0.7/lib/libprism_es2.dylib
0x00007fff22d69000 	/System/Library/PrivateFrameworks/CoreServicesInternal.framework/Versions/A/CoreServicesInternal
0x00007fff6bd40000 	/System/Library/Frameworks/OpenGL.framework/Versions/A/Resources/GLEngine.bundle/GLEngine
0x00007fff6bba1000 	/System/Library/Frameworks/OpenGL.framework/Versions/A/Libraries/libGLProgrammability.dylib
0x00007fff6375f000 	/System/Library/Extensions/AppleIntelBDWGraphicsGLDriver.bundle/Contents/MacOS/AppleIntelBDWGraphicsGLDriver
0x00007fff4656b000 	/System/Library/PrivateFrameworks/GPUSupport.framework/Versions/A/Libraries/libGPUSupportMercury.dylib
0x00007fff6bebe000 	/System/Library/Frameworks/OpenGL.framework/Versions/A/Resources/GLRendererFloat.bundle/GLRendererFloat
0x0000000130575000 	/Library/Java/javafx-sdk-17.0.7/lib/libglass.dylib
0x00007fff311e7000 	/System/Library/Frameworks/FileProvider.framework/Versions/A/FileProvider
0x00007fff2639b000 	/System/Library/Frameworks/Accounts.framework/Versions/A/Accounts
0x00007fff31337000 	/System/Library/PrivateFrameworks/GenerationalStorage.framework/Versions/A/GenerationalStorage
0x00007fff31cd1000 	/System/Library/PrivateFrameworks/CoreSymbolication.framework/Versions/A/CoreSymbolication
0x00007fff30c07000 	/System/Library/PrivateFrameworks/SymptomDiagnosticReporter.framework/Versions/A/SymptomDiagnosticReporter
0x00007fff23e9a000 	/System/Library/PrivateFrameworks/DesktopServicesPriv.framework/Versions/A/DesktopServicesPriv
0x00007fff22e9e000 	/usr/lib/libsandbox.1.dylib
0x00007fff275f5000 	/System/Library/PrivateFrameworks/UserManagement.framework/Versions/A/UserManagement
0x00007fff29ec4000 	/System/Library/PrivateFrameworks/MobileKeyBag.framework/Versions/A/MobileKeyBag
0x00007fff34716000 	/System/Library/PrivateFrameworks/ChunkingLibrary.framework/Versions/A/ChunkingLibrary
0x00007fff31c95000 	/System/Library/PrivateFrameworks/DebugSymbols.framework/Versions/A/DebugSymbols
0x00007fff2e3f0000 	/System/Library/PrivateFrameworks/Sharing.framework/Versions/A/Sharing
0x00007fff32c95000 	/System/Library/PrivateFrameworks/Apple80211.framework/Versions/A/Apple80211
0x00007fff2a571000 	/System/Library/PrivateFrameworks/AuthKit.framework/Versions/A/AuthKit
0x00007fff29cc2000 	/System/Library/PrivateFrameworks/CoreUtils.framework/Versions/A/CoreUtils
0x00007fff29bef000 	/System/Library/Frameworks/CoreWLAN.framework/Versions/A/CoreWLAN
0x00007fff2e53c000 	/System/Library/Frameworks/IOBluetooth.framework/Versions/A/IOBluetooth
0x00007fff32cf9000 	/System/Library/PrivateFrameworks/CoreWiFi.framework/Versions/A/CoreWiFi
0x00007fff2dab3000 	/System/Library/PrivateFrameworks/CorePhoneNumbers.framework/Versions/A/CorePhoneNumbers
0x00007fff30d0e000 	/System/Library/PrivateFrameworks/DiskManagement.framework/Versions/A/DiskManagement
0x00007fff30c24000 	/System/Library/PrivateFrameworks/AppleIDAuthSupport.framework/Versions/A/AppleIDAuthSupport
0x00007fff2da93000 	/System/Library/PrivateFrameworks/KeychainCircle.framework/Versions/A/KeychainCircle
0x00007fff30cda000 	/System/Library/PrivateFrameworks/MediaKit.framework/Versions/A/MediaKit
0x00007fff30c31000 	/System/Library/Frameworks/DiscRecording.framework/Versions/A/DiscRecording
0x00007fff2b257000 	/usr/lib/libCoreStorage.dylib
0x00007fff33134000 	/usr/lib/libcsfde.dylib
0x00007fff2e677000 	/System/Library/PrivateFrameworks/ProtectedCloudStorage.framework/Versions/A/ProtectedCloudStorage
0x00007fff3312c000 	/System/Library/PrivateFrameworks/EFILogin.framework/Versions/A/EFILogin
0x00007fff33746000 	/System/Library/Frameworks/AudioUnit.framework/Versions/A/AudioUnit
0x00007fff30ba1000 	/System/Library/Frameworks/CoreBluetooth.framework/Versions/A/CoreBluetooth
0x00007fff2b24f000 	/usr/lib/libMatch.1.dylib
0x0000000131bb0000 	/usr/lib/libobjc-trampolines.dylib
0x00007fff41478000 	/System/Library/Frameworks/Accelerate.framework/Versions/A/Frameworks/vImage.framework/Versions/A/Libraries/libCGInterfaces.dylib
0x00007fff7776a000 	/usr/lib/libRosetta.dylib
0x00007fff272f4000 	/System/Library/PrivateFrameworks/ViewBridge.framework/Versions/A/ViewBridge
0x0000000134b4b000 	/Library/Java/javafx-sdk-17.0.7/lib/libjavafx_iio.dylib
0x0000000134b9f000 	/Library/Java/javafx-sdk-17.0.7/lib/libjavafx_font.dylib
0x00007fff2b9f6000 	/System/Library/PrivateFrameworks/login.framework/Versions/A/login
0x00007fff6f508000 	/System/Library/PrivateFrameworks/AccessibilityBundles.framework/Versions/A/AccessibilityBundles
0x00007fff303dd000 	/System/Library/PrivateFrameworks/SystemAdministration.framework/Versions/A/SystemAdministration
0x00007fff2c1d8000 	/System/Library/Frameworks/MediaToolbox.framework/Versions/A/MediaToolbox
0x00007fff2fe2c000 	/System/Library/Frameworks/DirectoryService.framework/Versions/A/DirectoryService
0x00007fff32fd4000 	/System/Library/PrivateFrameworks/DiskImages.framework/Versions/A/DiskImages
0x00007fff331a7000 	/System/Library/PrivateFrameworks/LoginUIKit.framework/Versions/A/Frameworks/LoginUICore.framework/Versions/A/LoginUICore
0x00007fff2bb91000 	/usr/lib/libodfde.dylib
0x00007fff311b9000 	/System/Library/PrivateFrameworks/CoreAVCHD.framework/Versions/A/CoreAVCHD
0x00007fff303a0000 	/System/Library/Frameworks/MediaAccessibility.framework/Versions/A/MediaAccessibility
0x00007fff311b5000 	/System/Library/PrivateFrameworks/Mangrove.framework/Versions/A/Mangrove
0x00007fff303ac000 	/System/Library/PrivateFrameworks/AlgosScoreFramework.framework/Versions/A/AlgosScoreFramework
0x00007fff31ba3000 	/System/Library/PrivateFrameworks/AppleVPA.framework/Versions/A/AppleVPA
0x00007fff30dfa000 	/System/Library/PrivateFrameworks/CoreAUC.framework/Versions/A/CoreAUC
0x00007fff33140000 	/usr/lib/libcurl.4.dylib
0x00007fff32ea0000 	/usr/lib/libcrypto.44.dylib
0x00007fff32fa6000 	/usr/lib/libssl.46.dylib
0x00007fff32e66000 	/System/Library/Frameworks/LDAP.framework/Versions/A/LDAP
0x00007fff32e9e000 	/System/Library/PrivateFrameworks/TrustEvaluationAgent.framework/Versions/A/TrustEvaluationAgent
0x00007fff2d0bb000 	/usr/lib/libsasl2.2.dylib
0x00007fff303d1000 	/System/Library/PrivateFrameworks/CoreDaemon.framework/Versions/B/CoreDaemon
0x00007fff303cc000 	/System/Library/PrivateFrameworks/AppleSRP.framework/Versions/A/AppleSRP
0x000000013a778000 	/Library/Java/JavaVirtualMachines/liberica-jdk-11.jdk/Contents/Home/lib/libextnet.dylib


VM Arguments:
jvm_args: --module-path=/Library/Java/javafx-sdk-17.0.7/lib --add-modules=javafx.swing,javafx.graphics,javafx.fxml,javafx.media,javafx.controls -Dfile.encoding=UTF-8 
java_command: server.CEMSserverUI
java_class_path (initial): /Users/morshmuel/Documents/GitHub/CEMS/CEMS_Code/Server/bin:/Users/morshmuel/Documents/GitHub/CEMS/CEMS_Code/Shared/bin:/Library/Java/javafx-sdk-17.0.7/lib/javafx-swt.jar:/Library/Java/javafx-sdk-17.0.7/lib/javafx.base.jar:/Library/Java/javafx-sdk-17.0.7/lib/javafx.controls.jar:/Library/Java/javafx-sdk-17.0.7/lib/javafx.fxml.jar:/Library/Java/javafx-sdk-17.0.7/lib/javafx.graphics.jar:/Library/Java/javafx-sdk-17.0.7/lib/javafx.media.jar:/Library/Java/javafx-sdk-17.0.7/lib/javafx.swing.jar:/Library/Java/javafx-sdk-17.0.7/lib/javafx.web.jar:/Users/morshmuel/Documents/GitHub/CEMS/CEMS_Code/OCSF/bin:/Users/morshmuel/Documents/GitHub/CEMS/CEMS_Code/Server/lib/mysql-connector-java-8.0.13.jar
Launcher Type: SUN_STANDARD

[Global flags]
     intx CICompilerCount                          = 3                                         {product} {ergonomic}
     uint ConcGCThreads                            = 1                                         {product} {ergonomic}
     uint G1ConcRefinementThreads                  = 4                                         {product} {ergonomic}
   size_t G1HeapRegionSize                         = 1048576                                   {product} {ergonomic}
    uintx GCDrainStackTargetSize                   = 64                                        {product} {ergonomic}
   size_t InitialHeapSize                          = 134217728                                 {product} {ergonomic}
   size_t MarkStackSize                            = 4194304                                   {product} {ergonomic}
   size_t MaxHeapSize                              = 2147483648                                {product} {ergonomic}
   size_t MaxNewSize                               = 1287651328                                {product} {ergonomic}
   size_t MinHeapDeltaBytes                        = 1048576                                   {product} {ergonomic}
    uintx NonNMethodCodeHeapSize                   = 5830732                                {pd product} {ergonomic}
    uintx NonProfiledCodeHeapSize                  = 122913754                              {pd product} {ergonomic}
    uintx ProfiledCodeHeapSize                     = 122913754                              {pd product} {ergonomic}
    uintx ReservedCodeCacheSize                    = 251658240                              {pd product} {ergonomic}
     bool SegmentedCodeCache                       = true                                      {product} {ergonomic}
     bool UseCompressedClassPointers               = true                                 {lp64_product} {ergonomic}
     bool UseCompressedOops                        = true                                 {lp64_product} {ergonomic}
     bool UseG1GC                                  = true                                      {product} {ergonomic}

Logging:
Log output configuration:
 #0: stdout all=warning uptime,level,tags
 #1: stderr all=off uptime,level,tags

Environment Variables:
PATH=/usr/bin:/bin:/usr/sbin:/sbin
SHELL=/bin/zsh
TMPDIR=/var/folders/dk/654bzm912_l_xdjgh4gsflhh0000gn/T/

Signal Handlers:
SIGSEGV: [libjvm.dylib+0x7cd1d0], sa_mask[0]=11111111011111110111111111111111, sa_flags=SA_ONSTACK|SA_RESTART|SA_SIGINFO
SIGBUS: [libjvm.dylib+0x7cd1d0], sa_mask[0]=11111111011111110111111111111111, sa_flags=SA_RESTART|SA_SIGINFO
SIGFPE: [libjvm.dylib+0x7cd1d0], sa_mask[0]=11111111011111110111111111111111, sa_flags=SA_RESTART|SA_SIGINFO
SIGPIPE: [libjvm.dylib+0x63394a], sa_mask[0]=11111111011111110111111111111111, sa_flags=SA_RESTART|SA_SIGINFO
SIGXFSZ: [libjvm.dylib+0x63394a], sa_mask[0]=11111111011111110111111111111111, sa_flags=SA_RESTART|SA_SIGINFO
SIGILL: [libjvm.dylib+0x7cd1d0], sa_mask[0]=11111111011111110111111111111111, sa_flags=SA_RESTART|SA_SIGINFO
SIGUSR2: [libjvm.dylib+0x633f1e], sa_mask[0]=00100000000000000000000000000000, sa_flags=SA_RESTART|SA_SIGINFO
SIGHUP: [libjvm.dylib+0x632a77], sa_mask[0]=11111111011111110111111111111111, sa_flags=SA_RESTART|SA_SIGINFO
SIGINT: [libjvm.dylib+0x632a77], sa_mask[0]=11111111011111110111111111111111, sa_flags=SA_RESTART|SA_SIGINFO
SIGTERM: [libjvm.dylib+0x632a77], sa_mask[0]=11111111011111110111111111111111, sa_flags=SA_RESTART|SA_SIGINFO
SIGQUIT: [libjvm.dylib+0x632a77], sa_mask[0]=11111111011111110111111111111111, sa_flags=SA_RESTART|SA_SIGINFO


---------------  S Y S T E M  ---------------

OS:uname:Darwin 20.6.0 Darwin Kernel Version 20.6.0: Fri Dec 16 00:35:00 PST 2022; root:xnu-7195.141.49~1/RELEASE_X86_64 x86_64
OS uptime: 3 days 20:13 hours
rlimit (soft/hard): STACK 8192k/65532k , CORE 0k/infinity , NPROC 1392/2088 , NOFILE 10240/infinity , AS infinity/infinity , CPU infinity/infinity , DATA infinity/infinity , FSIZE infinity/infinity , MEMLOCK infinity/infinity , RSS infinity/infinity
load average:10.71 16.93 12.38

CPU:total 4 (initial active 4) (2 cores per cpu, 2 threads per core) family 6 model 61 stepping 4 microcode 0x2f, cmov, cx8, fxsr, mmx, sse, sse2, sse3, ssse3, sse4.1, sse4.2, popcnt, avx, avx2, aes, clmul, erms, 3dnowpref, lzcnt, ht, tsc, tscinvbit, bmi1, bmi2, adx, fma

Memory: 4k page, physical 8388608k(52520k free), swap 2097152k(1100800k free)

vm_info: OpenJDK 64-Bit Server VM (11.0.18+10-LTS) for bsd-amd64 JRE (11.0.18+10-LTS), built on Jan 12 2023 13:02:54 by "re" with clang 4.2.1 Compatible Apple LLVM 11.0.0 (clang-1100.0.33.17)

END.
